<?xml version="1.0" encoding="UTF-8"?>
<coverage generated="1767545152949" clover="3.2.0">
  <project timestamp="1767545152949" name="All files">
    <metrics statements="767" coveredstatements="301" conditionals="364" coveredconditionals="108" methods="222" coveredmethods="57" elements="1353" coveredelements="466" complexity="0" loc="767" ncloc="767" packages="11" files="119" classes="119"/>
    <package name="src">
      <metrics statements="10" coveredstatements="10" conditionals="0" coveredconditionals="0" methods="2" coveredmethods="2"/>
      <file name="App.tsx" path="/Users/yongjiexue/Documents/GitHub/co-Interview/frontend/src/App.tsx">
        <metrics statements="6" coveredstatements="6" conditionals="0" coveredconditionals="0" methods="2" coveredmethods="2"/>
        <line num="30" count="1" type="stmt"/>
        <line num="31" count="1" type="stmt"/>
        <line num="32" count="1" type="stmt"/>
        <line num="33" count="1" type="stmt"/>
        <line num="34" count="1" type="stmt"/>
        <line num="38" count="1" type="stmt"/>
      </file>
      <file name="constants.ts" path="/Users/yongjiexue/Documents/GitHub/co-Interview/frontend/src/constants.ts">
        <metrics statements="4" coveredstatements="4" conditionals="0" coveredconditionals="0" methods="0" coveredmethods="0"/>
        <line num="4" count="1" type="stmt"/>
        <line num="40" count="1" type="stmt"/>
        <line num="71" count="1" type="stmt"/>
        <line num="90" count="1" type="stmt"/>
      </file>
    </package>
    <package name="src.components">
      <metrics statements="192" coveredstatements="91" conditionals="78" coveredconditionals="35" methods="89" coveredmethods="18"/>
      <file name="ActivationPage.tsx" path="/Users/yongjiexue/Documents/GitHub/co-Interview/frontend/src/components/ActivationPage.tsx">
        <metrics statements="12" coveredstatements="1" conditionals="2" coveredconditionals="0" methods="3" coveredmethods="0"/>
        <line num="8" count="1" type="stmt"/>
        <line num="9" count="0" type="stmt"/>
        <line num="10" count="0" type="stmt"/>
        <line num="11" count="0" type="stmt"/>
        <line num="13" count="0" type="stmt"/>
        <line num="14" count="0" type="stmt"/>
        <line num="15" count="0" type="cond" truecount="0" falsecount="2"/>
        <line num="16" count="0" type="stmt"/>
        <line num="20" count="0" type="stmt"/>
        <line num="21" count="0" type="stmt"/>
        <line num="22" count="0" type="stmt"/>
        <line num="25" count="0" type="stmt"/>
      </file>
      <file name="Article.tsx" path="/Users/yongjiexue/Documents/GitHub/co-Interview/frontend/src/components/Article.tsx">
        <metrics statements="9" coveredstatements="4" conditionals="1" coveredconditionals="0" methods="5" coveredmethods="0"/>
        <line num="4" count="1" type="stmt"/>
        <line num="5" count="0" type="stmt"/>
        <line num="10" count="1" type="stmt"/>
        <line num="11" count="0" type="stmt"/>
        <line num="14" count="1" type="cond" truecount="0" falsecount="1"/>
        <line num="15" count="0" type="stmt"/>
        <line num="18" count="1" type="stmt"/>
        <line num="19" count="0" type="stmt"/>
        <line num="325" count="0" type="stmt"/>
      </file>
      <file name="Banner.tsx" path="/Users/yongjiexue/Documents/GitHub/co-Interview/frontend/src/components/Banner.tsx">
        <metrics statements="2" coveredstatements="1" conditionals="0" coveredconditionals="0" methods="1" coveredmethods="0"/>
        <line num="3" count="1" type="stmt"/>
        <line num="4" count="0" type="stmt"/>
      </file>
      <file name="DashboardLayout.tsx" path="/Users/yongjiexue/Documents/GitHub/co-Interview/frontend/src/components/DashboardLayout.tsx">
        <metrics statements="37" coveredstatements="2" conditionals="16" coveredconditionals="0" methods="9" coveredmethods="0"/>
        <line num="8" count="1" type="stmt"/>
        <line num="17" count="1" type="stmt"/>
        <line num="18" count="0" type="stmt"/>
        <line num="19" count="0" type="stmt"/>
        <line num="20" count="0" type="stmt"/>
        <line num="21" count="0" type="stmt"/>
        <line num="23" count="0" type="stmt"/>
        <line num="24" count="0" type="cond" truecount="0" falsecount="4"/>
        <line num="25" count="0" type="stmt"/>
        <line num="30" count="0" type="stmt"/>
        <line num="31" count="0" type="stmt"/>
        <line num="32" count="0" type="stmt"/>
        <line num="33" count="0" type="stmt"/>
        <line num="34" count="0" type="cond" truecount="0" falsecount="2"/>
        <line num="35" count="0" type="stmt"/>
        <line num="36" count="0" type="cond" truecount="0" falsecount="2"/>
        <line num="37" count="0" type="stmt"/>
        <line num="38" count="0" type="stmt"/>
        <line num="39" count="0" type="cond" truecount="0" falsecount="2"/>
        <line num="40" count="0" type="stmt"/>
        <line num="41" count="0" type="stmt"/>
        <line num="42" count="0" type="stmt"/>
        <line num="44" count="0" type="stmt"/>
        <line num="48" count="0" type="stmt"/>
        <line num="51" count="0" type="stmt"/>
        <line num="52" count="0" type="stmt"/>
        <line num="53" count="0" type="stmt"/>
        <line num="54" count="0" type="stmt"/>
        <line num="56" count="0" type="stmt"/>
        <line num="60" count="0" type="cond" truecount="0" falsecount="2"/>
        <line num="61" count="0" type="stmt"/>
        <line num="68" count="0" type="stmt"/>
        <line num="69" count="0" type="cond" truecount="0" falsecount="2"/>
        <line num="70" count="0" type="stmt"/>
        <line num="72" count="0" type="stmt"/>
        <line num="75" count="0" type="stmt"/>
        <line num="88" count="0" type="stmt"/>
      </file>
      <file name="Diagrams.tsx" path="/Users/yongjiexue/Documents/GitHub/co-Interview/frontend/src/components/Diagrams.tsx">
        <metrics statements="10" coveredstatements="5" conditionals="0" coveredconditionals="0" methods="5" coveredmethods="0"/>
        <line num="3" count="1" type="stmt"/>
        <line num="4" count="0" type="stmt"/>
        <line num="19" count="1" type="stmt"/>
        <line num="20" count="0" type="stmt"/>
        <line num="50" count="1" type="stmt"/>
        <line num="51" count="0" type="stmt"/>
        <line num="96" count="1" type="stmt"/>
        <line num="97" count="0" type="stmt"/>
        <line num="120" count="1" type="stmt"/>
        <line num="121" count="0" type="stmt"/>
      </file>
      <file name="Footer.tsx" path="/Users/yongjiexue/Documents/GitHub/co-Interview/frontend/src/components/Footer.tsx">
        <metrics statements="9" coveredstatements="2" conditionals="2" coveredconditionals="0" methods="9" coveredmethods="0"/>
        <line num="6" count="1" type="stmt"/>
        <line num="7" count="0" type="stmt"/>
        <line num="11" count="0" type="stmt"/>
        <line num="18" count="1" type="stmt"/>
        <line num="19" count="0" type="stmt"/>
        <line num="69" count="0" type="stmt"/>
        <line num="92" count="0" type="stmt"/>
        <line num="105" count="0" type="stmt"/>
        <line num="129" count="0" type="stmt"/>
      </file>
      <file name="Navbar.tsx" path="/Users/yongjiexue/Documents/GitHub/co-Interview/frontend/src/components/Navbar.tsx">
        <metrics statements="57" coveredstatements="25" conditionals="27" coveredconditionals="13" methods="41" coveredmethods="7"/>
        <line num="8" count="2" type="stmt"/>
        <line num="9" count="5" type="stmt"/>
        <line num="10" count="5" type="stmt"/>
        <line num="11" count="5" type="stmt"/>
        <line num="12" count="5" type="stmt"/>
        <line num="13" count="5" type="stmt"/>
        <line num="14" count="5" type="stmt"/>
        <line num="15" count="5" type="stmt"/>
        <line num="16" count="5" type="stmt"/>
        <line num="18" count="5" type="stmt"/>
        <line num="19" count="3" type="stmt"/>
        <line num="20" count="1" type="stmt"/>
        <line num="22" count="3" type="stmt"/>
        <line num="23" count="3" type="stmt"/>
        <line num="27" count="5" type="stmt"/>
        <line num="28" count="3" type="stmt"/>
        <line num="29" count="0" type="cond" truecount="0" falsecount="4"/>
        <line num="30" count="0" type="stmt"/>
        <line num="32" count="0" type="cond" truecount="0" falsecount="4"/>
        <line num="33" count="0" type="stmt"/>
        <line num="36" count="3" type="stmt"/>
        <line num="37" count="3" type="stmt"/>
        <line num="40" count="5" type="stmt"/>
        <line num="41" count="0" type="stmt"/>
        <line num="42" count="0" type="stmt"/>
        <line num="43" count="0" type="stmt"/>
        <line num="44" count="0" type="stmt"/>
        <line num="46" count="0" type="stmt"/>
        <line num="50" count="5" type="cond" truecount="3" falsecount="0"/>
        <line num="51" count="5" type="stmt"/>
        <line num="54" count="5" type="stmt"/>
        <line num="60" count="5" type="stmt"/>
        <line num="61" count="0" type="stmt"/>
        <line num="62" count="0" type="stmt"/>
        <line num="63" count="0" type="stmt"/>
        <line num="66" count="5" type="stmt"/>
        <line num="81" count="0" type="stmt"/>
        <line num="88" count="0" type="stmt"/>
        <line num="95" count="0" type="stmt"/>
        <line num="102" count="0" type="stmt"/>
        <line num="109" count="0" type="stmt"/>
        <line num="121" count="0" type="stmt"/>
        <line num="139" count="0" type="stmt"/>
        <line num="146" count="0" type="stmt"/>
        <line num="165" count="0" type="stmt"/>
        <line num="174" count="0" type="stmt"/>
        <line num="185" count="0" type="stmt"/>
        <line num="194" count="0" type="stmt"/>
        <line num="203" count="0" type="stmt"/>
        <line num="220" count="1" type="stmt"/>
        <line num="233" count="0" type="stmt"/>
        <line num="240" count="0" type="stmt"/>
        <line num="247" count="0" type="stmt"/>
        <line num="286" count="0" type="stmt"/>
        <line num="296" count="0" type="stmt"/>
        <line num="305" count="0" type="stmt"/>
        <line num="314" count="0" type="stmt"/>
      </file>
      <file name="PolicyDetailLayout.tsx" path="/Users/yongjiexue/Documents/GitHub/co-Interview/frontend/src/components/PolicyDetailLayout.tsx">
        <metrics statements="2" coveredstatements="1" conditionals="1" coveredconditionals="0" methods="1" coveredmethods="0"/>
        <line num="16" count="1" type="cond" truecount="0" falsecount="1"/>
        <line num="17" count="0" type="stmt"/>
      </file>
      <file name="PreRegisterForm.tsx" path="/Users/yongjiexue/Documents/GitHub/co-Interview/frontend/src/components/PreRegisterForm.tsx">
        <metrics statements="41" coveredstatements="40" conditionals="19" coveredconditionals="16" methods="10" coveredmethods="10"/>
        <line num="15" count="1" type="cond" truecount="1" falsecount="0"/>
        <line num="16" count="22" type="stmt"/>
        <line num="17" count="22" type="stmt"/>
        <line num="18" count="22" type="stmt"/>
        <line num="19" count="22" type="stmt"/>
        <line num="21" count="22" type="stmt"/>
        <line num="22" count="5" type="stmt"/>
        <line num="25" count="22" type="stmt"/>
        <line num="26" count="5" type="stmt"/>
        <line num="28" count="5" type="cond" truecount="2" falsecount="0"/>
        <line num="29" count="1" type="stmt"/>
        <line num="30" count="1" type="stmt"/>
        <line num="31" count="1" type="stmt"/>
        <line num="34" count="4" type="stmt"/>
        <line num="36" count="4" type="stmt"/>
        <line num="37" count="4" type="stmt"/>
        <line num="45" count="3" type="stmt"/>
        <line num="46" count="3" type="stmt"/>
        <line num="54" count="3" type="stmt"/>
        <line num="56" count="1" type="stmt"/>
        <line num="57" count="1" type="stmt"/>
        <line num="58" count="1" type="stmt"/>
        <line num="62" count="22" type="stmt"/>
        <line num="63" count="3" type="cond" truecount="1" falsecount="1"/>
        <line num="65" count="3" type="cond" truecount="2" falsecount="0"/>
        <line num="66" count="2" type="stmt"/>
        <line num="67" count="2" type="stmt"/>
        <line num="72" count="2" type="stmt"/>
        <line num="73" count="2" type="stmt"/>
        <line num="80" count="0" type="stmt"/>
        <line num="84" count="3" type="stmt"/>
        <line num="85" count="3" type="stmt"/>
        <line num="88" count="22" type="cond" truecount="2" falsecount="0"/>
        <line num="89" count="6" type="stmt"/>
        <line num="96" count="6" type="stmt"/>
        <line num="101" count="24" type="stmt"/>
        <line num="103" count="2" type="stmt"/>
        <line num="112" count="1" type="stmt"/>
        <line num="121" count="16" type="stmt"/>
        <line num="130" count="5" type="stmt"/>
        <line num="131" count="5" type="cond" truecount="1" falsecount="1"/>
      </file>
      <file name="ProtectedAdminRoute.tsx" path="/Users/yongjiexue/Documents/GitHub/co-Interview/frontend/src/components/ProtectedAdminRoute.tsx">
        <metrics statements="10" coveredstatements="9" conditionals="6" coveredconditionals="6" methods="3" coveredmethods="1"/>
        <line num="7" count="2" type="stmt"/>
        <line num="8" count="4" type="stmt"/>
        <line num="10" count="4" type="cond" truecount="2" falsecount="0"/>
        <line num="11" count="1" type="stmt"/>
        <line num="18" count="3" type="cond" truecount="2" falsecount="0"/>
        <line num="19" count="1" type="stmt"/>
        <line num="22" count="2" type="cond" truecount="2" falsecount="0"/>
        <line num="23" count="1" type="stmt"/>
        <line num="29" count="0" type="stmt"/>
        <line num="38" count="1" type="stmt"/>
      </file>
      <file name="SEO.tsx" path="/Users/yongjiexue/Documents/GitHub/co-Interview/frontend/src/components/SEO.tsx">
        <metrics statements="3" coveredstatements="1" conditionals="4" coveredconditionals="0" methods="2" coveredmethods="0"/>
        <line num="13" count="1" type="cond" truecount="0" falsecount="2"/>
        <line num="14" count="0" type="stmt"/>
        <line num="40" count="0" type="stmt"/>
      </file>
    </package>
    <package name="src.components.blog">
      <metrics statements="71" coveredstatements="44" conditionals="24" coveredconditionals="10" methods="22" coveredmethods="11"/>
      <file name="BlogHero.tsx" path="/Users/yongjiexue/Documents/GitHub/co-Interview/frontend/src/components/blog/BlogHero.tsx">
        <metrics statements="2" coveredstatements="1" conditionals="0" coveredconditionals="0" methods="1" coveredmethods="0"/>
        <line num="3" count="1" type="stmt"/>
        <line num="4" count="0" type="stmt"/>
      </file>
      <file name="BlogList.tsx" path="/Users/yongjiexue/Documents/GitHub/co-Interview/frontend/src/components/blog/BlogList.tsx">
        <metrics statements="10" coveredstatements="3" conditionals="2" coveredconditionals="0" methods="7" coveredmethods="0"/>
        <line num="11" count="1" type="stmt"/>
        <line num="12" count="0" type="stmt"/>
        <line num="70" count="0" type="stmt"/>
        <line num="84" count="0" type="stmt"/>
        <line num="96" count="0" type="stmt"/>
        <line num="98" count="0" type="stmt"/>
        <line num="109" count="1" type="stmt"/>
        <line num="110" count="0" type="stmt"/>
        <line num="139" count="1" type="stmt"/>
        <line num="140" count="0" type="stmt"/>
      </file>
      <file name="BlogSidebarCTA.tsx" path="/Users/yongjiexue/Documents/GitHub/co-Interview/frontend/src/components/blog/BlogSidebarCTA.tsx">
        <metrics statements="7" coveredstatements="3" conditionals="2" coveredconditionals="0" methods="2" coveredmethods="1"/>
        <line num="3" count="2" type="stmt"/>
        <line num="4" count="9" type="stmt"/>
        <line num="5" count="0" type="stmt"/>
        <line num="6" count="0" type="stmt"/>
        <line num="7" count="0" type="cond" truecount="0" falsecount="2"/>
        <line num="8" count="0" type="stmt"/>
        <line num="12" count="9" type="stmt"/>
      </file>
      <file name="BlogTableOfContents.tsx" path="/Users/yongjiexue/Documents/GitHub/co-Interview/frontend/src/components/blog/BlogTableOfContents.tsx">
        <metrics statements="27" coveredstatements="18" conditionals="12" coveredconditionals="8" methods="8" coveredmethods="6"/>
        <line num="8" count="2" type="stmt"/>
        <line num="9" count="12" type="stmt"/>
        <line num="11" count="12" type="stmt"/>
        <line num="12" count="9" type="stmt"/>
        <line num="14" count="27" type="stmt"/>
        <line num="16" count="9" type="stmt"/>
        <line num="17" count="9" type="stmt"/>
        <line num="19" count="9" type="stmt"/>
        <line num="20" count="27" type="cond" truecount="3" falsecount="1"/>
        <line num="21" count="27" type="stmt"/>
        <line num="25" count="9" type="stmt"/>
        <line num="28" count="9" type="stmt"/>
        <line num="29" count="9" type="stmt"/>
        <line num="31" count="9" type="stmt"/>
        <line num="34" count="12" type="stmt"/>
        <line num="35" count="0" type="stmt"/>
        <line num="36" count="0" type="stmt"/>
        <line num="37" count="0" type="cond" truecount="0" falsecount="2"/>
        <line num="38" count="0" type="stmt"/>
        <line num="39" count="0" type="stmt"/>
        <line num="40" count="0" type="stmt"/>
        <line num="42" count="0" type="stmt"/>
        <line num="49" count="12" type="cond" truecount="1" falsecount="1"/>
        <line num="50" count="0" type="stmt"/>
        <line num="53" count="12" type="stmt"/>
        <line num="58" count="36" type="cond" truecount="2" falsecount="0"/>
        <line num="61" count="0" type="stmt"/>
      </file>
      <file name="ReadingProgressBar.tsx" path="/Users/yongjiexue/Documents/GitHub/co-Interview/frontend/src/components/blog/ReadingProgressBar.tsx">
        <metrics statements="25" coveredstatements="19" conditionals="8" coveredconditionals="2" methods="4" coveredmethods="4"/>
        <line num="11" count="2" type="stmt"/>
        <line num="12" count="9" type="stmt"/>
        <line num="14" count="9" type="stmt"/>
        <line num="15" count="9" type="stmt"/>
        <line num="16" count="9" type="stmt"/>
        <line num="18" count="9" type="cond" truecount="1" falsecount="1"/>
        <line num="20" count="9" type="stmt"/>
        <line num="21" count="9" type="stmt"/>
        <line num="22" count="9" type="stmt"/>
        <line num="23" count="9" type="stmt"/>
        <line num="26" count="9" type="stmt"/>
        <line num="27" count="9" type="stmt"/>
        <line num="29" count="9" type="cond" truecount="1" falsecount="1"/>
        <line num="30" count="9" type="stmt"/>
        <line num="31" count="0" type="cond" truecount="0" falsecount="2"/>
        <line num="32" count="0" type="stmt"/>
        <line num="34" count="0" type="stmt"/>
        <line num="38" count="0" type="stmt"/>
        <line num="39" count="0" type="stmt"/>
        <line num="40" count="0" type="cond" truecount="0" falsecount="2"/>
        <line num="43" count="9" type="stmt"/>
        <line num="46" count="9" type="stmt"/>
        <line num="47" count="9" type="stmt"/>
        <line num="49" count="9" type="stmt"/>
        <line num="52" count="9" type="stmt"/>
      </file>
    </package>
    <package name="src.content">
      <metrics statements="57" coveredstatements="13" conditionals="30" coveredconditionals="0" methods="9" coveredmethods="0"/>
      <file name="blogLoader.ts" path="/Users/yongjiexue/Documents/GitHub/co-Interview/frontend/src/content/blogLoader.ts">
        <metrics statements="50" coveredstatements="6" conditionals="30" coveredconditionals="0" methods="9" coveredmethods="0"/>
        <line num="21" count="1" type="stmt"/>
        <line num="22" count="0" type="stmt"/>
        <line num="23" count="0" type="stmt"/>
        <line num="24" count="0" type="stmt"/>
        <line num="25" count="0" type="stmt"/>
        <line num="29" count="1" type="stmt"/>
        <line num="30" count="0" type="stmt"/>
        <line num="39" count="1" type="stmt"/>
        <line num="40" count="0" type="cond" truecount="0" falsecount="2"/>
        <line num="42" count="0" type="stmt"/>
        <line num="43" count="0" type="stmt"/>
        <line num="45" count="0" type="stmt"/>
        <line num="46" count="0" type="cond" truecount="0" falsecount="2"/>
        <line num="47" count="0" type="cond" truecount="0" falsecount="2"/>
        <line num="48" count="0" type="stmt"/>
        <line num="49" count="0" type="stmt"/>
        <line num="57" count="0" type="stmt"/>
        <line num="61" count="1" type="stmt"/>
        <line num="63" count="1" type="stmt"/>
        <line num="64" count="0" type="cond" truecount="0" falsecount="2"/>
        <line num="69" count="0" type="stmt"/>
        <line num="75" count="0" type="stmt"/>
        <line num="77" count="0" type="stmt"/>
        <line num="78" count="0" type="stmt"/>
        <line num="79" count="0" type="cond" truecount="0" falsecount="2"/>
        <line num="82" count="0" type="stmt"/>
        <line num="83" count="0" type="stmt"/>
        <line num="86" count="0" type="cond" truecount="0" falsecount="2"/>
        <line num="91" count="0" type="stmt"/>
        <line num="92" count="0" type="cond" truecount="0" falsecount="2"/>
        <line num="96" count="0" type="stmt"/>
        <line num="99" count="0" type="stmt"/>
        <line num="102" count="0" type="cond" truecount="0" falsecount="2"/>
        <line num="103" count="0" type="stmt"/>
        <line num="104" count="0" type="stmt"/>
        <line num="105" count="0" type="cond" truecount="0" falsecount="2"/>
        <line num="106" count="0" type="cond" truecount="0" falsecount="2"/>
        <line num="107" count="0" type="stmt"/>
        <line num="112" count="0" type="cond" truecount="0" falsecount="2"/>
        <line num="115" count="0" type="cond" truecount="0" falsecount="4"/>
        <line num="116" count="0" type="stmt"/>
        <line num="119" count="0" type="stmt"/>
        <line num="125" count="0" type="stmt"/>
        <line num="127" count="0" type="stmt"/>
        <line num="142" count="0" type="stmt"/>
        <line num="144" count="0" type="stmt"/>
        <line num="145" count="0" type="stmt"/>
        <line num="148" count="1" type="stmt"/>
        <line num="149" count="0" type="stmt"/>
        <line num="150" count="0" type="cond" truecount="0" falsecount="2"/>
      </file>
      <file name="pricing.ts" path="/Users/yongjiexue/Documents/GitHub/co-Interview/frontend/src/content/pricing.ts">
        <metrics statements="1" coveredstatements="1" conditionals="0" coveredconditionals="0" methods="0" coveredmethods="0"/>
        <line num="13" count="2" type="stmt"/>
      </file>
      <file name="siteContent.ts" path="/Users/yongjiexue/Documents/GitHub/co-Interview/frontend/src/content/siteContent.ts">
        <metrics statements="6" coveredstatements="6" conditionals="0" coveredconditionals="0" methods="0" coveredmethods="0"/>
        <line num="11" count="2" type="stmt"/>
        <line num="40" count="2" type="stmt"/>
        <line num="59" count="2" type="stmt"/>
        <line num="98" count="2" type="stmt"/>
        <line num="119" count="2" type="stmt"/>
        <line num="146" count="2" type="stmt"/>
      </file>
    </package>
    <package name="src.content.blog-html">
      <metrics statements="0" coveredstatements="0" conditionals="0" coveredconditionals="0" methods="0" coveredmethods="0"/>
      <file name="interview_coder_ai_interview_assistant_for_technical_interviews.html" path="/Users/yongjiexue/Documents/GitHub/co-Interview/frontend/src/content/blog-html/interview_coder_ai_interview_assistant_for_technical_interviews.html">
        <metrics statements="0" coveredstatements="0" conditionals="0" coveredconditionals="0" methods="0" coveredmethods="0"/>
      </file>
      <file name="interview_coder_ai_interview_assistant_for_technical_interviews_1.html" path="/Users/yongjiexue/Documents/GitHub/co-Interview/frontend/src/content/blog-html/interview_coder_ai_interview_assistant_for_technical_interviews_1.html">
        <metrics statements="0" coveredstatements="0" conditionals="0" coveredconditionals="0" methods="0" coveredmethods="0"/>
      </file>
      <file name="interview_coder_ai_interview_assistant_for_technical_interviews_10.html" path="/Users/yongjiexue/Documents/GitHub/co-Interview/frontend/src/content/blog-html/interview_coder_ai_interview_assistant_for_technical_interviews_10.html">
        <metrics statements="0" coveredstatements="0" conditionals="0" coveredconditionals="0" methods="0" coveredmethods="0"/>
      </file>
      <file name="interview_coder_ai_interview_assistant_for_technical_interviews_11.html" path="/Users/yongjiexue/Documents/GitHub/co-Interview/frontend/src/content/blog-html/interview_coder_ai_interview_assistant_for_technical_interviews_11.html">
        <metrics statements="0" coveredstatements="0" conditionals="0" coveredconditionals="0" methods="0" coveredmethods="0"/>
      </file>
      <file name="interview_coder_ai_interview_assistant_for_technical_interviews_12.html" path="/Users/yongjiexue/Documents/GitHub/co-Interview/frontend/src/content/blog-html/interview_coder_ai_interview_assistant_for_technical_interviews_12.html">
        <metrics statements="0" coveredstatements="0" conditionals="0" coveredconditionals="0" methods="0" coveredmethods="0"/>
      </file>
      <file name="interview_coder_ai_interview_assistant_for_technical_interviews_13.html" path="/Users/yongjiexue/Documents/GitHub/co-Interview/frontend/src/content/blog-html/interview_coder_ai_interview_assistant_for_technical_interviews_13.html">
        <metrics statements="0" coveredstatements="0" conditionals="0" coveredconditionals="0" methods="0" coveredmethods="0"/>
      </file>
      <file name="interview_coder_ai_interview_assistant_for_technical_interviews_14.html" path="/Users/yongjiexue/Documents/GitHub/co-Interview/frontend/src/content/blog-html/interview_coder_ai_interview_assistant_for_technical_interviews_14.html">
        <metrics statements="0" coveredstatements="0" conditionals="0" coveredconditionals="0" methods="0" coveredmethods="0"/>
      </file>
      <file name="interview_coder_ai_interview_assistant_for_technical_interviews_15.html" path="/Users/yongjiexue/Documents/GitHub/co-Interview/frontend/src/content/blog-html/interview_coder_ai_interview_assistant_for_technical_interviews_15.html">
        <metrics statements="0" coveredstatements="0" conditionals="0" coveredconditionals="0" methods="0" coveredmethods="0"/>
      </file>
      <file name="interview_coder_ai_interview_assistant_for_technical_interviews_16.html" path="/Users/yongjiexue/Documents/GitHub/co-Interview/frontend/src/content/blog-html/interview_coder_ai_interview_assistant_for_technical_interviews_16.html">
        <metrics statements="0" coveredstatements="0" conditionals="0" coveredconditionals="0" methods="0" coveredmethods="0"/>
      </file>
      <file name="interview_coder_ai_interview_assistant_for_technical_interviews_17.html" path="/Users/yongjiexue/Documents/GitHub/co-Interview/frontend/src/content/blog-html/interview_coder_ai_interview_assistant_for_technical_interviews_17.html">
        <metrics statements="0" coveredstatements="0" conditionals="0" coveredconditionals="0" methods="0" coveredmethods="0"/>
      </file>
      <file name="interview_coder_ai_interview_assistant_for_technical_interviews_18.html" path="/Users/yongjiexue/Documents/GitHub/co-Interview/frontend/src/content/blog-html/interview_coder_ai_interview_assistant_for_technical_interviews_18.html">
        <metrics statements="0" coveredstatements="0" conditionals="0" coveredconditionals="0" methods="0" coveredmethods="0"/>
      </file>
      <file name="interview_coder_ai_interview_assistant_for_technical_interviews_19.html" path="/Users/yongjiexue/Documents/GitHub/co-Interview/frontend/src/content/blog-html/interview_coder_ai_interview_assistant_for_technical_interviews_19.html">
        <metrics statements="0" coveredstatements="0" conditionals="0" coveredconditionals="0" methods="0" coveredmethods="0"/>
      </file>
      <file name="interview_coder_ai_interview_assistant_for_technical_interviews_2.html" path="/Users/yongjiexue/Documents/GitHub/co-Interview/frontend/src/content/blog-html/interview_coder_ai_interview_assistant_for_technical_interviews_2.html">
        <metrics statements="0" coveredstatements="0" conditionals="0" coveredconditionals="0" methods="0" coveredmethods="0"/>
      </file>
      <file name="interview_coder_ai_interview_assistant_for_technical_interviews_20.html" path="/Users/yongjiexue/Documents/GitHub/co-Interview/frontend/src/content/blog-html/interview_coder_ai_interview_assistant_for_technical_interviews_20.html">
        <metrics statements="0" coveredstatements="0" conditionals="0" coveredconditionals="0" methods="0" coveredmethods="0"/>
      </file>
      <file name="interview_coder_ai_interview_assistant_for_technical_interviews_21.html" path="/Users/yongjiexue/Documents/GitHub/co-Interview/frontend/src/content/blog-html/interview_coder_ai_interview_assistant_for_technical_interviews_21.html">
        <metrics statements="0" coveredstatements="0" conditionals="0" coveredconditionals="0" methods="0" coveredmethods="0"/>
      </file>
      <file name="interview_coder_ai_interview_assistant_for_technical_interviews_22.html" path="/Users/yongjiexue/Documents/GitHub/co-Interview/frontend/src/content/blog-html/interview_coder_ai_interview_assistant_for_technical_interviews_22.html">
        <metrics statements="0" coveredstatements="0" conditionals="0" coveredconditionals="0" methods="0" coveredmethods="0"/>
      </file>
      <file name="interview_coder_ai_interview_assistant_for_technical_interviews_23.html" path="/Users/yongjiexue/Documents/GitHub/co-Interview/frontend/src/content/blog-html/interview_coder_ai_interview_assistant_for_technical_interviews_23.html">
        <metrics statements="0" coveredstatements="0" conditionals="0" coveredconditionals="0" methods="0" coveredmethods="0"/>
      </file>
      <file name="interview_coder_ai_interview_assistant_for_technical_interviews_24.html" path="/Users/yongjiexue/Documents/GitHub/co-Interview/frontend/src/content/blog-html/interview_coder_ai_interview_assistant_for_technical_interviews_24.html">
        <metrics statements="0" coveredstatements="0" conditionals="0" coveredconditionals="0" methods="0" coveredmethods="0"/>
      </file>
      <file name="interview_coder_ai_interview_assistant_for_technical_interviews_25.html" path="/Users/yongjiexue/Documents/GitHub/co-Interview/frontend/src/content/blog-html/interview_coder_ai_interview_assistant_for_technical_interviews_25.html">
        <metrics statements="0" coveredstatements="0" conditionals="0" coveredconditionals="0" methods="0" coveredmethods="0"/>
      </file>
      <file name="interview_coder_ai_interview_assistant_for_technical_interviews_26.html" path="/Users/yongjiexue/Documents/GitHub/co-Interview/frontend/src/content/blog-html/interview_coder_ai_interview_assistant_for_technical_interviews_26.html">
        <metrics statements="0" coveredstatements="0" conditionals="0" coveredconditionals="0" methods="0" coveredmethods="0"/>
      </file>
      <file name="interview_coder_ai_interview_assistant_for_technical_interviews_27.html" path="/Users/yongjiexue/Documents/GitHub/co-Interview/frontend/src/content/blog-html/interview_coder_ai_interview_assistant_for_technical_interviews_27.html">
        <metrics statements="0" coveredstatements="0" conditionals="0" coveredconditionals="0" methods="0" coveredmethods="0"/>
      </file>
      <file name="interview_coder_ai_interview_assistant_for_technical_interviews_28.html" path="/Users/yongjiexue/Documents/GitHub/co-Interview/frontend/src/content/blog-html/interview_coder_ai_interview_assistant_for_technical_interviews_28.html">
        <metrics statements="0" coveredstatements="0" conditionals="0" coveredconditionals="0" methods="0" coveredmethods="0"/>
      </file>
      <file name="interview_coder_ai_interview_assistant_for_technical_interviews_29.html" path="/Users/yongjiexue/Documents/GitHub/co-Interview/frontend/src/content/blog-html/interview_coder_ai_interview_assistant_for_technical_interviews_29.html">
        <metrics statements="0" coveredstatements="0" conditionals="0" coveredconditionals="0" methods="0" coveredmethods="0"/>
      </file>
      <file name="interview_coder_ai_interview_assistant_for_technical_interviews_3.html" path="/Users/yongjiexue/Documents/GitHub/co-Interview/frontend/src/content/blog-html/interview_coder_ai_interview_assistant_for_technical_interviews_3.html">
        <metrics statements="0" coveredstatements="0" conditionals="0" coveredconditionals="0" methods="0" coveredmethods="0"/>
      </file>
      <file name="interview_coder_ai_interview_assistant_for_technical_interviews_30.html" path="/Users/yongjiexue/Documents/GitHub/co-Interview/frontend/src/content/blog-html/interview_coder_ai_interview_assistant_for_technical_interviews_30.html">
        <metrics statements="0" coveredstatements="0" conditionals="0" coveredconditionals="0" methods="0" coveredmethods="0"/>
      </file>
      <file name="interview_coder_ai_interview_assistant_for_technical_interviews_31.html" path="/Users/yongjiexue/Documents/GitHub/co-Interview/frontend/src/content/blog-html/interview_coder_ai_interview_assistant_for_technical_interviews_31.html">
        <metrics statements="0" coveredstatements="0" conditionals="0" coveredconditionals="0" methods="0" coveredmethods="0"/>
      </file>
      <file name="interview_coder_ai_interview_assistant_for_technical_interviews_32.html" path="/Users/yongjiexue/Documents/GitHub/co-Interview/frontend/src/content/blog-html/interview_coder_ai_interview_assistant_for_technical_interviews_32.html">
        <metrics statements="0" coveredstatements="0" conditionals="0" coveredconditionals="0" methods="0" coveredmethods="0"/>
      </file>
      <file name="interview_coder_ai_interview_assistant_for_technical_interviews_33.html" path="/Users/yongjiexue/Documents/GitHub/co-Interview/frontend/src/content/blog-html/interview_coder_ai_interview_assistant_for_technical_interviews_33.html">
        <metrics statements="0" coveredstatements="0" conditionals="0" coveredconditionals="0" methods="0" coveredmethods="0"/>
      </file>
      <file name="interview_coder_ai_interview_assistant_for_technical_interviews_34.html" path="/Users/yongjiexue/Documents/GitHub/co-Interview/frontend/src/content/blog-html/interview_coder_ai_interview_assistant_for_technical_interviews_34.html">
        <metrics statements="0" coveredstatements="0" conditionals="0" coveredconditionals="0" methods="0" coveredmethods="0"/>
      </file>
      <file name="interview_coder_ai_interview_assistant_for_technical_interviews_35.html" path="/Users/yongjiexue/Documents/GitHub/co-Interview/frontend/src/content/blog-html/interview_coder_ai_interview_assistant_for_technical_interviews_35.html">
        <metrics statements="0" coveredstatements="0" conditionals="0" coveredconditionals="0" methods="0" coveredmethods="0"/>
      </file>
      <file name="interview_coder_ai_interview_assistant_for_technical_interviews_36.html" path="/Users/yongjiexue/Documents/GitHub/co-Interview/frontend/src/content/blog-html/interview_coder_ai_interview_assistant_for_technical_interviews_36.html">
        <metrics statements="0" coveredstatements="0" conditionals="0" coveredconditionals="0" methods="0" coveredmethods="0"/>
      </file>
      <file name="interview_coder_ai_interview_assistant_for_technical_interviews_37.html" path="/Users/yongjiexue/Documents/GitHub/co-Interview/frontend/src/content/blog-html/interview_coder_ai_interview_assistant_for_technical_interviews_37.html">
        <metrics statements="0" coveredstatements="0" conditionals="0" coveredconditionals="0" methods="0" coveredmethods="0"/>
      </file>
      <file name="interview_coder_ai_interview_assistant_for_technical_interviews_38.html" path="/Users/yongjiexue/Documents/GitHub/co-Interview/frontend/src/content/blog-html/interview_coder_ai_interview_assistant_for_technical_interviews_38.html">
        <metrics statements="0" coveredstatements="0" conditionals="0" coveredconditionals="0" methods="0" coveredmethods="0"/>
      </file>
      <file name="interview_coder_ai_interview_assistant_for_technical_interviews_39.html" path="/Users/yongjiexue/Documents/GitHub/co-Interview/frontend/src/content/blog-html/interview_coder_ai_interview_assistant_for_technical_interviews_39.html">
        <metrics statements="0" coveredstatements="0" conditionals="0" coveredconditionals="0" methods="0" coveredmethods="0"/>
      </file>
      <file name="interview_coder_ai_interview_assistant_for_technical_interviews_4.html" path="/Users/yongjiexue/Documents/GitHub/co-Interview/frontend/src/content/blog-html/interview_coder_ai_interview_assistant_for_technical_interviews_4.html">
        <metrics statements="0" coveredstatements="0" conditionals="0" coveredconditionals="0" methods="0" coveredmethods="0"/>
      </file>
      <file name="interview_coder_ai_interview_assistant_for_technical_interviews_40.html" path="/Users/yongjiexue/Documents/GitHub/co-Interview/frontend/src/content/blog-html/interview_coder_ai_interview_assistant_for_technical_interviews_40.html">
        <metrics statements="0" coveredstatements="0" conditionals="0" coveredconditionals="0" methods="0" coveredmethods="0"/>
      </file>
      <file name="interview_coder_ai_interview_assistant_for_technical_interviews_41.html" path="/Users/yongjiexue/Documents/GitHub/co-Interview/frontend/src/content/blog-html/interview_coder_ai_interview_assistant_for_technical_interviews_41.html">
        <metrics statements="0" coveredstatements="0" conditionals="0" coveredconditionals="0" methods="0" coveredmethods="0"/>
      </file>
      <file name="interview_coder_ai_interview_assistant_for_technical_interviews_42.html" path="/Users/yongjiexue/Documents/GitHub/co-Interview/frontend/src/content/blog-html/interview_coder_ai_interview_assistant_for_technical_interviews_42.html">
        <metrics statements="0" coveredstatements="0" conditionals="0" coveredconditionals="0" methods="0" coveredmethods="0"/>
      </file>
      <file name="interview_coder_ai_interview_assistant_for_technical_interviews_43.html" path="/Users/yongjiexue/Documents/GitHub/co-Interview/frontend/src/content/blog-html/interview_coder_ai_interview_assistant_for_technical_interviews_43.html">
        <metrics statements="0" coveredstatements="0" conditionals="0" coveredconditionals="0" methods="0" coveredmethods="0"/>
      </file>
      <file name="interview_coder_ai_interview_assistant_for_technical_interviews_44.html" path="/Users/yongjiexue/Documents/GitHub/co-Interview/frontend/src/content/blog-html/interview_coder_ai_interview_assistant_for_technical_interviews_44.html">
        <metrics statements="0" coveredstatements="0" conditionals="0" coveredconditionals="0" methods="0" coveredmethods="0"/>
      </file>
      <file name="interview_coder_ai_interview_assistant_for_technical_interviews_45.html" path="/Users/yongjiexue/Documents/GitHub/co-Interview/frontend/src/content/blog-html/interview_coder_ai_interview_assistant_for_technical_interviews_45.html">
        <metrics statements="0" coveredstatements="0" conditionals="0" coveredconditionals="0" methods="0" coveredmethods="0"/>
      </file>
      <file name="interview_coder_ai_interview_assistant_for_technical_interviews_46.html" path="/Users/yongjiexue/Documents/GitHub/co-Interview/frontend/src/content/blog-html/interview_coder_ai_interview_assistant_for_technical_interviews_46.html">
        <metrics statements="0" coveredstatements="0" conditionals="0" coveredconditionals="0" methods="0" coveredmethods="0"/>
      </file>
      <file name="interview_coder_ai_interview_assistant_for_technical_interviews_47.html" path="/Users/yongjiexue/Documents/GitHub/co-Interview/frontend/src/content/blog-html/interview_coder_ai_interview_assistant_for_technical_interviews_47.html">
        <metrics statements="0" coveredstatements="0" conditionals="0" coveredconditionals="0" methods="0" coveredmethods="0"/>
      </file>
      <file name="interview_coder_ai_interview_assistant_for_technical_interviews_48.html" path="/Users/yongjiexue/Documents/GitHub/co-Interview/frontend/src/content/blog-html/interview_coder_ai_interview_assistant_for_technical_interviews_48.html">
        <metrics statements="0" coveredstatements="0" conditionals="0" coveredconditionals="0" methods="0" coveredmethods="0"/>
      </file>
      <file name="interview_coder_ai_interview_assistant_for_technical_interviews_49.html" path="/Users/yongjiexue/Documents/GitHub/co-Interview/frontend/src/content/blog-html/interview_coder_ai_interview_assistant_for_technical_interviews_49.html">
        <metrics statements="0" coveredstatements="0" conditionals="0" coveredconditionals="0" methods="0" coveredmethods="0"/>
      </file>
      <file name="interview_coder_ai_interview_assistant_for_technical_interviews_5.html" path="/Users/yongjiexue/Documents/GitHub/co-Interview/frontend/src/content/blog-html/interview_coder_ai_interview_assistant_for_technical_interviews_5.html">
        <metrics statements="0" coveredstatements="0" conditionals="0" coveredconditionals="0" methods="0" coveredmethods="0"/>
      </file>
      <file name="interview_coder_ai_interview_assistant_for_technical_interviews_50.html" path="/Users/yongjiexue/Documents/GitHub/co-Interview/frontend/src/content/blog-html/interview_coder_ai_interview_assistant_for_technical_interviews_50.html">
        <metrics statements="0" coveredstatements="0" conditionals="0" coveredconditionals="0" methods="0" coveredmethods="0"/>
      </file>
      <file name="interview_coder_ai_interview_assistant_for_technical_interviews_51.html" path="/Users/yongjiexue/Documents/GitHub/co-Interview/frontend/src/content/blog-html/interview_coder_ai_interview_assistant_for_technical_interviews_51.html">
        <metrics statements="0" coveredstatements="0" conditionals="0" coveredconditionals="0" methods="0" coveredmethods="0"/>
      </file>
      <file name="interview_coder_ai_interview_assistant_for_technical_interviews_52.html" path="/Users/yongjiexue/Documents/GitHub/co-Interview/frontend/src/content/blog-html/interview_coder_ai_interview_assistant_for_technical_interviews_52.html">
        <metrics statements="0" coveredstatements="0" conditionals="0" coveredconditionals="0" methods="0" coveredmethods="0"/>
      </file>
      <file name="interview_coder_ai_interview_assistant_for_technical_interviews_53.html" path="/Users/yongjiexue/Documents/GitHub/co-Interview/frontend/src/content/blog-html/interview_coder_ai_interview_assistant_for_technical_interviews_53.html">
        <metrics statements="0" coveredstatements="0" conditionals="0" coveredconditionals="0" methods="0" coveredmethods="0"/>
      </file>
      <file name="interview_coder_ai_interview_assistant_for_technical_interviews_54.html" path="/Users/yongjiexue/Documents/GitHub/co-Interview/frontend/src/content/blog-html/interview_coder_ai_interview_assistant_for_technical_interviews_54.html">
        <metrics statements="0" coveredstatements="0" conditionals="0" coveredconditionals="0" methods="0" coveredmethods="0"/>
      </file>
      <file name="interview_coder_ai_interview_assistant_for_technical_interviews_55.html" path="/Users/yongjiexue/Documents/GitHub/co-Interview/frontend/src/content/blog-html/interview_coder_ai_interview_assistant_for_technical_interviews_55.html">
        <metrics statements="0" coveredstatements="0" conditionals="0" coveredconditionals="0" methods="0" coveredmethods="0"/>
      </file>
      <file name="interview_coder_ai_interview_assistant_for_technical_interviews_56.html" path="/Users/yongjiexue/Documents/GitHub/co-Interview/frontend/src/content/blog-html/interview_coder_ai_interview_assistant_for_technical_interviews_56.html">
        <metrics statements="0" coveredstatements="0" conditionals="0" coveredconditionals="0" methods="0" coveredmethods="0"/>
      </file>
      <file name="interview_coder_ai_interview_assistant_for_technical_interviews_57.html" path="/Users/yongjiexue/Documents/GitHub/co-Interview/frontend/src/content/blog-html/interview_coder_ai_interview_assistant_for_technical_interviews_57.html">
        <metrics statements="0" coveredstatements="0" conditionals="0" coveredconditionals="0" methods="0" coveredmethods="0"/>
      </file>
      <file name="interview_coder_ai_interview_assistant_for_technical_interviews_58.html" path="/Users/yongjiexue/Documents/GitHub/co-Interview/frontend/src/content/blog-html/interview_coder_ai_interview_assistant_for_technical_interviews_58.html">
        <metrics statements="0" coveredstatements="0" conditionals="0" coveredconditionals="0" methods="0" coveredmethods="0"/>
      </file>
      <file name="interview_coder_ai_interview_assistant_for_technical_interviews_59.html" path="/Users/yongjiexue/Documents/GitHub/co-Interview/frontend/src/content/blog-html/interview_coder_ai_interview_assistant_for_technical_interviews_59.html">
        <metrics statements="0" coveredstatements="0" conditionals="0" coveredconditionals="0" methods="0" coveredmethods="0"/>
      </file>
      <file name="interview_coder_ai_interview_assistant_for_technical_interviews_6.html" path="/Users/yongjiexue/Documents/GitHub/co-Interview/frontend/src/content/blog-html/interview_coder_ai_interview_assistant_for_technical_interviews_6.html">
        <metrics statements="0" coveredstatements="0" conditionals="0" coveredconditionals="0" methods="0" coveredmethods="0"/>
      </file>
      <file name="interview_coder_ai_interview_assistant_for_technical_interviews_60.html" path="/Users/yongjiexue/Documents/GitHub/co-Interview/frontend/src/content/blog-html/interview_coder_ai_interview_assistant_for_technical_interviews_60.html">
        <metrics statements="0" coveredstatements="0" conditionals="0" coveredconditionals="0" methods="0" coveredmethods="0"/>
      </file>
      <file name="interview_coder_ai_interview_assistant_for_technical_interviews_61.html" path="/Users/yongjiexue/Documents/GitHub/co-Interview/frontend/src/content/blog-html/interview_coder_ai_interview_assistant_for_technical_interviews_61.html">
        <metrics statements="0" coveredstatements="0" conditionals="0" coveredconditionals="0" methods="0" coveredmethods="0"/>
      </file>
      <file name="interview_coder_ai_interview_assistant_for_technical_interviews_62.html" path="/Users/yongjiexue/Documents/GitHub/co-Interview/frontend/src/content/blog-html/interview_coder_ai_interview_assistant_for_technical_interviews_62.html">
        <metrics statements="0" coveredstatements="0" conditionals="0" coveredconditionals="0" methods="0" coveredmethods="0"/>
      </file>
      <file name="interview_coder_ai_interview_assistant_for_technical_interviews_63.html" path="/Users/yongjiexue/Documents/GitHub/co-Interview/frontend/src/content/blog-html/interview_coder_ai_interview_assistant_for_technical_interviews_63.html">
        <metrics statements="0" coveredstatements="0" conditionals="0" coveredconditionals="0" methods="0" coveredmethods="0"/>
      </file>
      <file name="interview_coder_ai_interview_assistant_for_technical_interviews_64.html" path="/Users/yongjiexue/Documents/GitHub/co-Interview/frontend/src/content/blog-html/interview_coder_ai_interview_assistant_for_technical_interviews_64.html">
        <metrics statements="0" coveredstatements="0" conditionals="0" coveredconditionals="0" methods="0" coveredmethods="0"/>
      </file>
      <file name="interview_coder_ai_interview_assistant_for_technical_interviews_65.html" path="/Users/yongjiexue/Documents/GitHub/co-Interview/frontend/src/content/blog-html/interview_coder_ai_interview_assistant_for_technical_interviews_65.html">
        <metrics statements="0" coveredstatements="0" conditionals="0" coveredconditionals="0" methods="0" coveredmethods="0"/>
      </file>
      <file name="interview_coder_ai_interview_assistant_for_technical_interviews_66.html" path="/Users/yongjiexue/Documents/GitHub/co-Interview/frontend/src/content/blog-html/interview_coder_ai_interview_assistant_for_technical_interviews_66.html">
        <metrics statements="0" coveredstatements="0" conditionals="0" coveredconditionals="0" methods="0" coveredmethods="0"/>
      </file>
      <file name="interview_coder_ai_interview_assistant_for_technical_interviews_67.html" path="/Users/yongjiexue/Documents/GitHub/co-Interview/frontend/src/content/blog-html/interview_coder_ai_interview_assistant_for_technical_interviews_67.html">
        <metrics statements="0" coveredstatements="0" conditionals="0" coveredconditionals="0" methods="0" coveredmethods="0"/>
      </file>
      <file name="interview_coder_ai_interview_assistant_for_technical_interviews_68.html" path="/Users/yongjiexue/Documents/GitHub/co-Interview/frontend/src/content/blog-html/interview_coder_ai_interview_assistant_for_technical_interviews_68.html">
        <metrics statements="0" coveredstatements="0" conditionals="0" coveredconditionals="0" methods="0" coveredmethods="0"/>
      </file>
      <file name="interview_coder_ai_interview_assistant_for_technical_interviews_69.html" path="/Users/yongjiexue/Documents/GitHub/co-Interview/frontend/src/content/blog-html/interview_coder_ai_interview_assistant_for_technical_interviews_69.html">
        <metrics statements="0" coveredstatements="0" conditionals="0" coveredconditionals="0" methods="0" coveredmethods="0"/>
      </file>
      <file name="interview_coder_ai_interview_assistant_for_technical_interviews_7.html" path="/Users/yongjiexue/Documents/GitHub/co-Interview/frontend/src/content/blog-html/interview_coder_ai_interview_assistant_for_technical_interviews_7.html">
        <metrics statements="0" coveredstatements="0" conditionals="0" coveredconditionals="0" methods="0" coveredmethods="0"/>
      </file>
      <file name="interview_coder_ai_interview_assistant_for_technical_interviews_70.html" path="/Users/yongjiexue/Documents/GitHub/co-Interview/frontend/src/content/blog-html/interview_coder_ai_interview_assistant_for_technical_interviews_70.html">
        <metrics statements="0" coveredstatements="0" conditionals="0" coveredconditionals="0" methods="0" coveredmethods="0"/>
      </file>
      <file name="interview_coder_ai_interview_assistant_for_technical_interviews_71.html" path="/Users/yongjiexue/Documents/GitHub/co-Interview/frontend/src/content/blog-html/interview_coder_ai_interview_assistant_for_technical_interviews_71.html">
        <metrics statements="0" coveredstatements="0" conditionals="0" coveredconditionals="0" methods="0" coveredmethods="0"/>
      </file>
      <file name="interview_coder_ai_interview_assistant_for_technical_interviews_72.html" path="/Users/yongjiexue/Documents/GitHub/co-Interview/frontend/src/content/blog-html/interview_coder_ai_interview_assistant_for_technical_interviews_72.html">
        <metrics statements="0" coveredstatements="0" conditionals="0" coveredconditionals="0" methods="0" coveredmethods="0"/>
      </file>
      <file name="interview_coder_ai_interview_assistant_for_technical_interviews_73.html" path="/Users/yongjiexue/Documents/GitHub/co-Interview/frontend/src/content/blog-html/interview_coder_ai_interview_assistant_for_technical_interviews_73.html">
        <metrics statements="0" coveredstatements="0" conditionals="0" coveredconditionals="0" methods="0" coveredmethods="0"/>
      </file>
      <file name="interview_coder_ai_interview_assistant_for_technical_interviews_74.html" path="/Users/yongjiexue/Documents/GitHub/co-Interview/frontend/src/content/blog-html/interview_coder_ai_interview_assistant_for_technical_interviews_74.html">
        <metrics statements="0" coveredstatements="0" conditionals="0" coveredconditionals="0" methods="0" coveredmethods="0"/>
      </file>
      <file name="interview_coder_ai_interview_assistant_for_technical_interviews_8.html" path="/Users/yongjiexue/Documents/GitHub/co-Interview/frontend/src/content/blog-html/interview_coder_ai_interview_assistant_for_technical_interviews_8.html">
        <metrics statements="0" coveredstatements="0" conditionals="0" coveredconditionals="0" methods="0" coveredmethods="0"/>
      </file>
      <file name="interview_coder_ai_interview_assistant_for_technical_interviews_9.html" path="/Users/yongjiexue/Documents/GitHub/co-Interview/frontend/src/content/blog-html/interview_coder_ai_interview_assistant_for_technical_interviews_9.html">
        <metrics statements="0" coveredstatements="0" conditionals="0" coveredconditionals="0" methods="0" coveredmethods="0"/>
      </file>
    </package>
    <package name="src.hooks">
      <metrics statements="12" coveredstatements="11" conditionals="4" coveredconditionals="3" methods="3" coveredmethods="3"/>
      <file name="useAuth.tsx" path="/Users/yongjiexue/Documents/GitHub/co-Interview/frontend/src/hooks/useAuth.tsx">
        <metrics statements="12" coveredstatements="11" conditionals="4" coveredconditionals="3" methods="3" coveredmethods="3"/>
        <line num="7" count="3" type="stmt"/>
        <line num="8" count="3" type="stmt"/>
        <line num="9" count="3" type="stmt"/>
        <line num="11" count="3" type="stmt"/>
        <line num="12" count="2" type="stmt"/>
        <line num="13" count="1" type="stmt"/>
        <line num="14" count="1" type="cond" truecount="3" falsecount="1"/>
        <line num="15" count="1" type="stmt"/>
        <line num="17" count="0" type="stmt"/>
        <line num="19" count="1" type="stmt"/>
        <line num="22" count="2" type="stmt"/>
        <line num="25" count="3" type="stmt"/>
      </file>
    </package>
    <package name="src.lib">
      <metrics statements="19" coveredstatements="12" conditionals="10" coveredconditionals="5" methods="3" coveredmethods="2"/>
      <file name="analytics.ts" path="/Users/yongjiexue/Documents/GitHub/co-Interview/frontend/src/lib/analytics.ts">
        <metrics statements="12" coveredstatements="10" conditionals="6" coveredconditionals="3" methods="2" coveredmethods="2"/>
        <line num="6" count="2" type="stmt"/>
        <line num="7" count="2" type="stmt"/>
        <line num="9" count="2" type="stmt"/>
        <line num="10" count="2" type="cond" truecount="1" falsecount="1"/>
        <line num="11" count="2" type="stmt"/>
        <line num="14" count="2" type="cond" truecount="1" falsecount="1"/>
        <line num="21" count="2" type="stmt"/>
        <line num="22" count="2" type="stmt"/>
        <line num="29" count="0" type="stmt"/>
        <line num="32" count="0" type="stmt"/>
        <line num="37" count="2" type="stmt"/>
        <line num="38" count="1" type="stmt"/>
      </file>
      <file name="api.ts" path="/Users/yongjiexue/Documents/GitHub/co-Interview/frontend/src/lib/api.ts">
        <metrics statements="7" coveredstatements="2" conditionals="4" coveredconditionals="2" methods="1" coveredmethods="0"/>
        <line num="4" count="1" type="stmt"/>
        <line num="11" count="1" type="stmt"/>
        <line num="12" count="0" type="stmt"/>
        <line num="13" count="0" type="cond" truecount="0" falsecount="2"/>
        <line num="14" count="0" type="stmt"/>
        <line num="15" count="0" type="stmt"/>
        <line num="17" count="0" type="stmt"/>
      </file>
    </package>
    <package name="src.pages">
      <metrics statements="302" coveredstatements="99" conditionals="162" coveredconditionals="55" methods="55" coveredmethods="15"/>
      <file name="AdminDashboard.tsx" path="/Users/yongjiexue/Documents/GitHub/co-Interview/frontend/src/pages/AdminDashboard.tsx">
        <metrics statements="61" coveredstatements="29" conditionals="34" coveredconditionals="21" methods="15" coveredmethods="5"/>
        <line num="19" count="2" type="cond" truecount="2" falsecount="0"/>
        <line num="21" count="2" type="stmt"/>
        <line num="22" count="3" type="stmt"/>
        <line num="23" count="3" type="stmt"/>
        <line num="24" count="3" type="stmt"/>
        <line num="25" count="3" type="stmt"/>
        <line num="26" count="3" type="stmt"/>
        <line num="27" count="3" type="stmt"/>
        <line num="28" count="3" type="stmt"/>
        <line num="31" count="3" type="stmt"/>
        <line num="32" count="2" type="stmt"/>
        <line num="33" count="2" type="stmt"/>
        <line num="34" count="2" type="stmt"/>
        <line num="35" count="2" type="stmt"/>
        <line num="40" count="1" type="cond" truecount="1" falsecount="1"/>
        <line num="41" count="1" type="stmt"/>
        <line num="42" count="1" type="stmt"/>
        <line num="44" count="0" type="stmt"/>
        <line num="47" count="0" type="stmt"/>
        <line num="49" count="1" type="stmt"/>
        <line num="53" count="3" type="stmt"/>
        <line num="54" count="2" type="cond" truecount="1" falsecount="1"/>
        <line num="55" count="2" type="stmt"/>
        <line num="59" count="3" type="stmt"/>
        <line num="60" count="0" type="stmt"/>
        <line num="61" count="0" type="stmt"/>
        <line num="64" count="3" type="stmt"/>
        <line num="65" count="0" type="stmt"/>
        <line num="66" count="0" type="stmt"/>
        <line num="73" count="3" type="stmt"/>
        <line num="74" count="0" type="stmt"/>
        <line num="75" count="0" type="stmt"/>
        <line num="78" count="3" type="stmt"/>
        <line num="79" count="0" type="stmt"/>
        <line num="80" count="0" type="stmt"/>
        <line num="81" count="0" type="stmt"/>
        <line num="90" count="0" type="cond" truecount="0" falsecount="2"/>
        <line num="92" count="0" type="stmt"/>
        <line num="93" count="0" type="stmt"/>
        <line num="95" count="0" type="stmt"/>
        <line num="98" count="0" type="stmt"/>
        <line num="99" count="0" type="stmt"/>
        <line num="103" count="3" type="stmt"/>
        <line num="104" count="0" type="cond" truecount="0" falsecount="2"/>
        <line num="105" count="0" type="cond" truecount="0" falsecount="2"/>
        <line num="107" count="0" type="stmt"/>
        <line num="108" count="0" type="stmt"/>
        <line num="109" count="0" type="stmt"/>
        <line num="118" count="0" type="cond" truecount="0" falsecount="2"/>
        <line num="119" count="0" type="stmt"/>
        <line num="121" count="0" type="stmt"/>
        <line num="124" count="0" type="stmt"/>
        <line num="125" count="0" type="stmt"/>
        <line num="129" count="3" type="stmt"/>
        <line num="131" count="3" type="stmt"/>
        <line num="167" count="0" type="stmt"/>
        <line num="193" count="2" type="stmt"/>
        <line num="202" count="0" type="stmt"/>
        <line num="244" count="0" type="stmt"/>
        <line num="254" count="0" type="stmt"/>
        <line num="261" count="0" type="stmt"/>
      </file>
      <file name="AdminLoginPage.tsx" path="/Users/yongjiexue/Documents/GitHub/co-Interview/frontend/src/pages/AdminLoginPage.tsx">
        <metrics statements="14" coveredstatements="10" conditionals="4" coveredconditionals="2" methods="3" coveredmethods="3"/>
        <line num="8" count="2" type="stmt"/>
        <line num="9" count="2" type="stmt"/>
        <line num="10" count="2" type="stmt"/>
        <line num="12" count="2" type="stmt"/>
        <line num="13" count="2" type="cond" truecount="1" falsecount="1"/>
        <line num="14" count="0" type="stmt"/>
        <line num="18" count="2" type="stmt"/>
        <line num="19" count="1" type="stmt"/>
        <line num="20" count="1" type="stmt"/>
        <line num="22" count="0" type="stmt"/>
        <line num="23" count="0" type="stmt"/>
        <line num="27" count="2" type="cond" truecount="1" falsecount="1"/>
        <line num="28" count="0" type="stmt"/>
        <line num="35" count="2" type="stmt"/>
      </file>
      <file name="BillingSuccessPage.tsx" path="/Users/yongjiexue/Documents/GitHub/co-Interview/frontend/src/pages/BillingSuccessPage.tsx">
        <metrics statements="39" coveredstatements="1" conditionals="23" coveredconditionals="0" methods="6" coveredmethods="0"/>
        <line num="7" count="1" type="stmt"/>
        <line num="8" count="0" type="stmt"/>
        <line num="9" count="0" type="stmt"/>
        <line num="10" count="0" type="stmt"/>
        <line num="11" count="0" type="stmt"/>
        <line num="13" count="0" type="stmt"/>
        <line num="14" count="0" type="stmt"/>
        <line num="16" count="0" type="stmt"/>
        <line num="17" count="0" type="cond" truecount="0" falsecount="2"/>
        <line num="18" count="0" type="stmt"/>
        <line num="19" count="0" type="stmt"/>
        <line num="20" count="0" type="stmt"/>
        <line num="24" count="0" type="stmt"/>
        <line num="25" count="0" type="stmt"/>
        <line num="27" count="0" type="stmt"/>
        <line num="28" count="0" type="stmt"/>
        <line num="29" count="0" type="stmt"/>
        <line num="30" count="0" type="stmt"/>
        <line num="31" count="0" type="stmt"/>
        <line num="33" count="0" type="cond" truecount="0" falsecount="2"/>
        <line num="34" count="0" type="stmt"/>
        <line num="35" count="0" type="stmt"/>
        <line num="37" count="0" type="stmt"/>
        <line num="38" count="0" type="stmt"/>
        <line num="39" count="0" type="cond" truecount="0" falsecount="2"/>
        <line num="41" count="0" type="cond" truecount="0" falsecount="2"/>
        <line num="45" count="0" type="cond" truecount="0" falsecount="2"/>
        <line num="46" count="0" type="stmt"/>
        <line num="47" count="0" type="stmt"/>
        <line num="50" count="0" type="stmt"/>
        <line num="51" count="0" type="cond" truecount="0" falsecount="2"/>
        <line num="52" count="0" type="stmt"/>
        <line num="53" count="0" type="stmt"/>
        <line num="54" count="0" type="stmt"/>
        <line num="59" count="0" type="stmt"/>
        <line num="60" count="0" type="stmt"/>
        <line num="62" count="0" type="stmt"/>
        <line num="65" count="0" type="stmt"/>
        <line num="94" count="0" type="stmt"/>
      </file>
      <file name="BlogPage.tsx" path="/Users/yongjiexue/Documents/GitHub/co-Interview/frontend/src/pages/BlogPage.tsx">
        <metrics statements="30" coveredstatements="1" conditionals="16" coveredconditionals="0" methods="6" coveredmethods="0"/>
        <line num="11" count="1" type="stmt"/>
        <line num="12" count="0" type="stmt"/>
        <line num="13" count="0" type="stmt"/>
        <line num="14" count="0" type="stmt"/>
        <line num="16" count="0" type="stmt"/>
        <line num="17" count="0" type="stmt"/>
        <line num="18" count="0" type="stmt"/>
        <line num="19" count="0" type="stmt"/>
        <line num="22" count="0" type="stmt"/>
        <line num="24" count="0" type="stmt"/>
        <line num="27" count="0" type="stmt"/>
        <line num="29" count="0" type="cond" truecount="0" falsecount="2"/>
        <line num="31" count="0" type="cond" truecount="0" falsecount="2"/>
        <line num="32" count="0" type="stmt"/>
        <line num="34" count="0" type="stmt"/>
        <line num="38" count="0" type="stmt"/>
        <line num="39" count="0" type="cond" truecount="0" falsecount="2"/>
        <line num="40" count="0" type="cond" truecount="0" falsecount="2"/>
        <line num="41" count="0" type="stmt"/>
        <line num="44" count="0" type="stmt"/>
        <line num="49" count="0" type="stmt"/>
        <line num="52" count="0" type="cond" truecount="0" falsecount="2"/>
        <line num="53" count="0" type="stmt"/>
        <line num="54" count="0" type="stmt"/>
        <line num="63" count="0" type="stmt"/>
        <line num="65" count="0" type="stmt"/>
        <line num="69" count="0" type="stmt"/>
        <line num="72" count="0" type="cond" truecount="0" falsecount="2"/>
        <line num="73" count="0" type="stmt"/>
        <line num="85" count="0" type="stmt"/>
      </file>
      <file name="BlogPostPage.tsx" path="/Users/yongjiexue/Documents/GitHub/co-Interview/frontend/src/pages/BlogPostPage.tsx">
        <metrics statements="26" coveredstatements="19" conditionals="15" coveredconditionals="11" methods="3" coveredmethods="3"/>
        <line num="13" count="2" type="stmt"/>
        <line num="14" count="18" type="stmt"/>
        <line num="15" count="18" type="stmt"/>
        <line num="16" count="18" type="stmt"/>
        <line num="17" count="18" type="stmt"/>
        <line num="18" count="18" type="stmt"/>
        <line num="20" count="18" type="stmt"/>
        <line num="21" count="9" type="stmt"/>
        <line num="22" count="9" type="cond" truecount="1" falsecount="1"/>
        <line num="23" count="0" type="stmt"/>
        <line num="24" count="0" type="stmt"/>
        <line num="25" count="0" type="stmt"/>
        <line num="28" count="9" type="stmt"/>
        <line num="29" count="9" type="stmt"/>
        <line num="30" count="9" type="cond" truecount="1" falsecount="1"/>
        <line num="31" count="9" type="stmt"/>
        <line num="33" count="0" type="stmt"/>
        <line num="36" count="0" type="stmt"/>
        <line num="37" count="0" type="stmt"/>
        <line num="39" count="9" type="stmt"/>
        <line num="43" count="9" type="stmt"/>
        <line num="46" count="18" type="cond" truecount="2" falsecount="0"/>
        <line num="47" count="9" type="stmt"/>
        <line num="62" count="9" type="cond" truecount="3" falsecount="1"/>
        <line num="63" count="0" type="stmt"/>
        <line num="84" count="9" type="stmt"/>
      </file>
      <file name="ElectronAuthPage.tsx" path="/Users/yongjiexue/Documents/GitHub/co-Interview/frontend/src/pages/ElectronAuthPage.tsx">
        <metrics statements="37" coveredstatements="33" conditionals="28" coveredconditionals="21" methods="5" coveredmethods="3"/>
        <line num="11" count="2" type="stmt"/>
        <line num="12" count="9" type="stmt"/>
        <line num="13" count="9" type="stmt"/>
        <line num="14" count="9" type="stmt"/>
        <line num="15" count="9" type="stmt"/>
        <line num="17" count="9" type="stmt"/>
        <line num="19" count="9" type="stmt"/>
        <line num="20" count="3" type="stmt"/>
        <line num="21" count="3" type="stmt"/>
        <line num="23" count="3" type="stmt"/>
        <line num="24" count="3" type="stmt"/>
        <line num="25" count="1" type="stmt"/>
        <line num="28" count="1" type="stmt"/>
        <line num="31" count="1" type="stmt"/>
        <line num="32" count="1" type="stmt"/>
        <line num="33" count="1" type="stmt"/>
        <line num="34" count="1" type="cond" truecount="1" falsecount="1"/>
        <line num="35" count="3" type="cond" truecount="1" falsecount="1"/>
        <line num="36" count="3" type="cond" truecount="1" falsecount="1"/>
        <line num="37" count="0" type="stmt"/>
        <line num="40" count="1" type="stmt"/>
        <line num="43" count="1" type="stmt"/>
        <line num="44" count="0" type="stmt"/>
        <line num="47" count="2" type="stmt"/>
        <line num="49" count="2" type="cond" truecount="1" falsecount="1"/>
        <line num="51" count="2" type="stmt"/>
        <line num="52" count="2" type="cond" truecount="4" falsecount="0"/>
        <line num="53" count="1" type="stmt"/>
        <line num="54" count="1" type="cond" truecount="1" falsecount="1"/>
        <line num="55" count="0" type="stmt"/>
        <line num="57" count="1" type="cond" truecount="1" falsecount="1"/>
        <line num="62" count="9" type="stmt"/>
        <line num="64" count="9" type="cond" truecount="2" falsecount="0"/>
        <line num="65" count="3" type="stmt"/>
        <line num="66" count="3" type="stmt"/>
        <line num="70" count="9" type="stmt"/>
        <line num="147" count="0" type="stmt"/>
      </file>
      <file name="ForgotPasswordPage.tsx" path="/Users/yongjiexue/Documents/GitHub/co-Interview/frontend/src/pages/ForgotPasswordPage.tsx">
        <metrics statements="29" coveredstatements="1" conditionals="12" coveredconditionals="0" methods="4" coveredmethods="0"/>
        <line num="7" count="1" type="stmt"/>
        <line num="8" count="0" type="stmt"/>
        <line num="9" count="0" type="stmt"/>
        <line num="10" count="0" type="stmt"/>
        <line num="11" count="0" type="stmt"/>
        <line num="12" count="0" type="stmt"/>
        <line num="14" count="0" type="stmt"/>
        <line num="15" count="0" type="stmt"/>
        <line num="17" count="0" type="cond" truecount="0" falsecount="2"/>
        <line num="18" count="0" type="stmt"/>
        <line num="19" count="0" type="stmt"/>
        <line num="22" count="0" type="stmt"/>
        <line num="23" count="0" type="stmt"/>
        <line num="25" count="0" type="stmt"/>
        <line num="26" count="0" type="stmt"/>
        <line num="27" count="0" type="stmt"/>
        <line num="29" count="0" type="stmt"/>
        <line num="30" count="0" type="cond" truecount="0" falsecount="2"/>
        <line num="31" count="0" type="stmt"/>
        <line num="32" count="0" type="cond" truecount="0" falsecount="2"/>
        <line num="33" count="0" type="stmt"/>
        <line num="35" count="0" type="stmt"/>
        <line num="38" count="0" type="stmt"/>
        <line num="42" count="0" type="cond" truecount="0" falsecount="2"/>
        <line num="43" count="0" type="stmt"/>
        <line num="92" count="0" type="stmt"/>
        <line num="93" count="0" type="stmt"/>
        <line num="108" count="0" type="stmt"/>
        <line num="127" count="0" type="stmt"/>
      </file>
      <file name="HomePage.tsx" path="/Users/yongjiexue/Documents/GitHub/co-Interview/frontend/src/pages/HomePage.tsx">
        <metrics statements="2" coveredstatements="2" conditionals="0" coveredconditionals="0" methods="1" coveredmethods="1"/>
        <line num="20" count="1" type="stmt"/>
        <line num="21" count="1" type="stmt"/>
      </file>
      <file name="PoliciesPage.tsx" path="/Users/yongjiexue/Documents/GitHub/co-Interview/frontend/src/pages/PoliciesPage.tsx">
        <metrics statements="2" coveredstatements="1" conditionals="0" coveredconditionals="0" methods="1" coveredmethods="0"/>
        <line num="8" count="1" type="stmt"/>
        <line num="9" count="0" type="stmt"/>
      </file>
      <file name="SignUpPage.tsx" path="/Users/yongjiexue/Documents/GitHub/co-Interview/frontend/src/pages/SignUpPage.tsx">
        <metrics statements="58" coveredstatements="1" conditionals="30" coveredconditionals="0" methods="9" coveredmethods="0"/>
        <line num="8" count="1" type="stmt"/>
        <line num="9" count="0" type="stmt"/>
        <line num="10" count="0" type="stmt"/>
        <line num="11" count="0" type="stmt"/>
        <line num="12" count="0" type="stmt"/>
        <line num="13" count="0" type="stmt"/>
        <line num="14" count="0" type="stmt"/>
        <line num="15" count="0" type="stmt"/>
        <line num="16" count="0" type="stmt"/>
        <line num="17" count="0" type="stmt"/>
        <line num="19" count="0" type="stmt"/>
        <line num="20" count="0" type="stmt"/>
        <line num="21" count="0" type="cond" truecount="0" falsecount="2"/>
        <line num="22" count="0" type="stmt"/>
        <line num="26" count="0" type="stmt"/>
        <line num="27" count="0" type="cond" truecount="0" falsecount="5"/>
        <line num="28" count="0" type="stmt"/>
        <line num="32" count="0" type="stmt"/>
        <line num="33" count="0" type="stmt"/>
        <line num="34" count="0" type="stmt"/>
        <line num="35" count="0" type="stmt"/>
        <line num="37" count="0" type="stmt"/>
        <line num="38" count="0" type="stmt"/>
        <line num="42" count="0" type="stmt"/>
        <line num="43" count="0" type="stmt"/>
        <line num="45" count="0" type="cond" truecount="0" falsecount="5"/>
        <line num="46" count="0" type="stmt"/>
        <line num="47" count="0" type="stmt"/>
        <line num="50" count="0" type="cond" truecount="0" falsecount="2"/>
        <line num="51" count="0" type="stmt"/>
        <line num="52" count="0" type="stmt"/>
        <line num="55" count="0" type="cond" truecount="0" falsecount="2"/>
        <line num="56" count="0" type="stmt"/>
        <line num="57" count="0" type="stmt"/>
        <line num="60" count="0" type="stmt"/>
        <line num="61" count="0" type="stmt"/>
        <line num="63" count="0" type="stmt"/>
        <line num="64" count="0" type="stmt"/>
        <line num="65" count="0" type="stmt"/>
        <line num="66" count="0" type="stmt"/>
        <line num="68" count="0" type="stmt"/>
        <line num="69" count="0" type="cond" truecount="0" falsecount="2"/>
        <line num="70" count="0" type="stmt"/>
        <line num="71" count="0" type="cond" truecount="0" falsecount="2"/>
        <line num="72" count="0" type="stmt"/>
        <line num="73" count="0" type="cond" truecount="0" falsecount="2"/>
        <line num="74" count="0" type="stmt"/>
        <line num="76" count="0" type="stmt"/>
        <line num="79" count="0" type="stmt"/>
        <line num="83" count="0" type="cond" truecount="0" falsecount="2"/>
        <line num="84" count="0" type="stmt"/>
        <line num="91" count="0" type="cond" truecount="0" falsecount="2"/>
        <line num="92" count="0" type="stmt"/>
        <line num="105" count="0" type="stmt"/>
        <line num="116" count="0" type="stmt"/>
        <line num="171" count="0" type="stmt"/>
        <line num="180" count="0" type="stmt"/>
        <line num="189" count="0" type="stmt"/>
      </file>
      <file name="StillWorkingPage.tsx" path="/Users/yongjiexue/Documents/GitHub/co-Interview/frontend/src/pages/StillWorkingPage.tsx">
        <metrics statements="4" coveredstatements="1" conditionals="0" coveredconditionals="0" methods="2" coveredmethods="0"/>
        <line num="9" count="1" type="stmt"/>
        <line num="11" count="0" type="stmt"/>
        <line num="12" count="0" type="stmt"/>
        <line num="15" count="0" type="stmt"/>
      </file>
    </package>
    <package name="src.pages.dashboard">
      <metrics statements="89" coveredstatements="9" conditionals="56" coveredconditionals="0" methods="30" coveredmethods="0"/>
      <file name="ChangelogPage.tsx" path="/Users/yongjiexue/Documents/GitHub/co-Interview/frontend/src/pages/dashboard/ChangelogPage.tsx">
        <metrics statements="5" coveredstatements="2" conditionals="4" coveredconditionals="0" methods="3" coveredmethods="0"/>
        <line num="11" count="1" type="stmt"/>
        <line num="56" count="1" type="stmt"/>
        <line num="57" count="0" type="stmt"/>
        <line num="64" count="0" type="stmt"/>
        <line num="83" count="0" type="stmt"/>
      </file>
      <file name="DashboardHomePage.tsx" path="/Users/yongjiexue/Documents/GitHub/co-Interview/frontend/src/pages/dashboard/DashboardHomePage.tsx">
        <metrics statements="31" coveredstatements="2" conditionals="23" coveredconditionals="0" methods="10" coveredmethods="0"/>
        <line num="8" count="1" type="stmt"/>
        <line num="20" count="1" type="stmt"/>
        <line num="21" count="0" type="stmt"/>
        <line num="22" count="0" type="stmt"/>
        <line num="23" count="0" type="stmt"/>
        <line num="26" count="0" type="stmt"/>
        <line num="27" count="0" type="stmt"/>
        <line num="28" count="0" type="stmt"/>
        <line num="29" count="0" type="stmt"/>
        <line num="30" count="0" type="cond" truecount="0" falsecount="2"/>
        <line num="31" count="0" type="stmt"/>
        <line num="32" count="0" type="cond" truecount="0" falsecount="2"/>
        <line num="33" count="0" type="stmt"/>
        <line num="34" count="0" type="stmt"/>
        <line num="35" count="0" type="cond" truecount="0" falsecount="2"/>
        <line num="36" count="0" type="stmt"/>
        <line num="37" count="0" type="stmt"/>
        <line num="38" count="0" type="stmt"/>
        <line num="40" count="0" type="stmt"/>
        <line num="44" count="0" type="stmt"/>
        <line num="47" count="0" type="cond" truecount="0" falsecount="3"/>
        <line num="49" count="0" type="stmt"/>
        <line num="50" count="0" type="stmt"/>
        <line num="51" count="0" type="cond" truecount="0" falsecount="4"/>
        <line num="52" count="0" type="cond" truecount="0" falsecount="2"/>
        <line num="53" count="0" type="cond" truecount="0" falsecount="2"/>
        <line num="54" count="0" type="stmt"/>
        <line num="58" count="0" type="stmt"/>
        <line num="173" count="0" type="stmt"/>
        <line num="175" count="0" type="cond" truecount="0" falsecount="2"/>
        <line num="210" count="0" type="stmt"/>
      </file>
      <file name="PreviousVersionsPage.tsx" path="/Users/yongjiexue/Documents/GitHub/co-Interview/frontend/src/pages/dashboard/PreviousVersionsPage.tsx">
        <metrics statements="4" coveredstatements="2" conditionals="0" coveredconditionals="0" methods="2" coveredmethods="0"/>
        <line num="11" count="1" type="stmt"/>
        <line num="25" count="1" type="stmt"/>
        <line num="26" count="0" type="stmt"/>
        <line num="57" count="0" type="stmt"/>
      </file>
      <file name="PricingPage.tsx" path="/Users/yongjiexue/Documents/GitHub/co-Interview/frontend/src/pages/dashboard/PricingPage.tsx">
        <metrics statements="33" coveredstatements="2" conditionals="12" coveredconditionals="0" methods="10" coveredmethods="0"/>
        <line num="8" count="1" type="stmt"/>
        <line num="17" count="1" type="stmt"/>
        <line num="18" count="0" type="stmt"/>
        <line num="19" count="0" type="stmt"/>
        <line num="21" count="0" type="stmt"/>
        <line num="22" count="0" type="stmt"/>
        <line num="23" count="0" type="stmt"/>
        <line num="24" count="0" type="stmt"/>
        <line num="25" count="0" type="cond" truecount="0" falsecount="2"/>
        <line num="26" count="0" type="stmt"/>
        <line num="27" count="0" type="cond" truecount="0" falsecount="2"/>
        <line num="28" count="0" type="stmt"/>
        <line num="29" count="0" type="stmt"/>
        <line num="30" count="0" type="cond" truecount="0" falsecount="2"/>
        <line num="31" count="0" type="stmt"/>
        <line num="32" count="0" type="stmt"/>
        <line num="33" count="0" type="stmt"/>
        <line num="35" count="0" type="stmt"/>
        <line num="39" count="0" type="stmt"/>
        <line num="42" count="0" type="stmt"/>
        <line num="44" count="0" type="stmt"/>
        <line num="45" count="0" type="stmt"/>
        <line num="46" count="0" type="stmt"/>
        <line num="47" count="0" type="stmt"/>
        <line num="48" count="0" type="cond" truecount="0" falsecount="2"/>
        <line num="49" count="0" type="stmt"/>
        <line num="52" count="0" type="stmt"/>
        <line num="55" count="0" type="stmt"/>
        <line num="59" count="0" type="stmt"/>
        <line num="79" count="0" type="stmt"/>
        <line num="93" count="0" type="stmt"/>
        <line num="122" count="0" type="stmt"/>
        <line num="136" count="0" type="stmt"/>
      </file>
      <file name="ProfilePage.tsx" path="/Users/yongjiexue/Documents/GitHub/co-Interview/frontend/src/pages/dashboard/ProfilePage.tsx">
        <metrics statements="16" coveredstatements="1" conditionals="17" coveredconditionals="0" methods="5" coveredmethods="0"/>
        <line num="10" count="1" type="stmt"/>
        <line num="11" count="0" type="stmt"/>
        <line num="12" count="0" type="stmt"/>
        <line num="13" count="0" type="stmt"/>
        <line num="15" count="0" type="cond" truecount="0" falsecount="3"/>
        <line num="16" count="0" type="cond" truecount="0" falsecount="2"/>
        <line num="17" count="0" type="stmt"/>
        <line num="19" count="0" type="stmt"/>
        <line num="20" count="0" type="stmt"/>
        <line num="21" count="0" type="stmt"/>
        <line num="22" count="0" type="stmt"/>
        <line num="24" count="0" type="stmt"/>
        <line num="28" count="0" type="stmt"/>
        <line num="35" count="0" type="stmt"/>
        <line num="43" count="0" type="stmt"/>
        <line num="51" count="0" type="stmt"/>
      </file>
    </package>
    <package name="src.pages.policies">
      <metrics statements="6" coveredstatements="3" conditionals="0" coveredconditionals="0" methods="3" coveredmethods="0"/>
      <file name="PrivacyPage.tsx" path="/Users/yongjiexue/Documents/GitHub/co-Interview/frontend/src/pages/policies/PrivacyPage.tsx">
        <metrics statements="2" coveredstatements="1" conditionals="0" coveredconditionals="0" methods="1" coveredmethods="0"/>
        <line num="4" count="1" type="stmt"/>
        <line num="5" count="0" type="stmt"/>
      </file>
      <file name="RefundPage.tsx" path="/Users/yongjiexue/Documents/GitHub/co-Interview/frontend/src/pages/policies/RefundPage.tsx">
        <metrics statements="2" coveredstatements="1" conditionals="0" coveredconditionals="0" methods="1" coveredmethods="0"/>
        <line num="4" count="1" type="stmt"/>
        <line num="5" count="0" type="stmt"/>
      </file>
      <file name="TermsPage.tsx" path="/Users/yongjiexue/Documents/GitHub/co-Interview/frontend/src/pages/policies/TermsPage.tsx">
        <metrics statements="2" coveredstatements="1" conditionals="0" coveredconditionals="0" methods="1" coveredmethods="0"/>
        <line num="4" count="1" type="stmt"/>
        <line num="5" count="0" type="stmt"/>
      </file>
    </package>
    <package name="src.utils">
      <metrics statements="9" coveredstatements="9" conditionals="0" coveredconditionals="0" methods="6" coveredmethods="6"/>
      <file name="schemaGenerator.ts" path="/Users/yongjiexue/Documents/GitHub/co-Interview/frontend/src/utils/schemaGenerator.ts">
        <metrics statements="9" coveredstatements="9" conditionals="0" coveredconditionals="0" methods="6" coveredmethods="6"/>
        <line num="4" count="1" type="stmt"/>
        <line num="13" count="1" type="stmt"/>
        <line num="25" count="1" type="stmt"/>
        <line num="27" count="3" type="stmt"/>
        <line num="28" count="1" type="stmt"/>
        <line num="29" count="1" type="stmt"/>
        <line num="31" count="1" type="stmt"/>
        <line num="51" count="1" type="stmt"/>
        <line num="54" count="7" type="stmt"/>
      </file>
    </package>
  </project>
</coverage>
