{"/Users/yongjiexue/Documents/GitHub/co-Interview/frontend/src/App.tsx": {"path":"/Users/yongjiexue/Documents/GitHub/co-Interview/frontend/src/App.tsx","statementMap":{"0":{"start":{"line":30,"column":25},"end":{"line":35,"column":null}},"1":{"start":{"line":31,"column":4},"end":{"line":31,"column":null}},"2":{"start":{"line":32,"column":4},"end":{"line":32,"column":null}},"3":{"start":{"line":33,"column":4},"end":{"line":33,"column":null}},"4":{"start":{"line":34,"column":4},"end":{"line":34,"column":null}},"5":{"start":{"line":38,"column":4},"end":{"line":74,"column":null}}},"fnMap":{"0":{"name":"(anonymous_0)","decl":{"start":{"line":30,"column":25},"end":{"line":30,"column":31}},"loc":{"start":{"line":30,"column":31},"end":{"line":35,"column":null}},"line":30},"1":{"name":"App","decl":{"start":{"line":37,"column":9},"end":{"line":37,"column":15}},"loc":{"start":{"line":37,"column":15},"end":{"line":76,"column":null}},"line":37}},"branchMap":{},"s":{"0":1,"1":1,"2":1,"3":1,"4":1,"5":1},"f":{"0":1,"1":1},"b":{},"meta":{"lastBranch":0,"lastFunction":2,"lastStatement":6,"seen":{"s:30:25:35:Infinity":0,"f:30:25:30:31":0,"s:31:4:31:Infinity":1,"s:32:4:32:Infinity":2,"s:33:4:33:Infinity":3,"s:34:4:34:Infinity":4,"f:37:9:37:15":1,"s:38:4:74:Infinity":5}}}
,"/Users/yongjiexue/Documents/GitHub/co-Interview/frontend/src/constants.ts": {"path":"/Users/yongjiexue/Documents/GitHub/co-Interview/frontend/src/constants.ts","statementMap":{"0":{"start":{"line":4,"column":35},"end":{"line":38,"column":null}},"1":{"start":{"line":40,"column":44},"end":{"line":69,"column":null}},"2":{"start":{"line":71,"column":31},"end":{"line":88,"column":null}},"3":{"start":{"line":90,"column":28},"end":{"line":90,"column":null}}},"fnMap":{},"branchMap":{},"s":{"0":1,"1":1,"2":1,"3":1},"f":{},"b":{},"meta":{"lastBranch":0,"lastFunction":0,"lastStatement":4,"seen":{"s:4:35:38:Infinity":0,"s:40:44:69:Infinity":1,"s:71:31:88:Infinity":2,"s:90:28:90:Infinity":3}}}
,"/Users/yongjiexue/Documents/GitHub/co-Interview/frontend/src/components/ActivationPage.tsx": {"path":"/Users/yongjiexue/Documents/GitHub/co-Interview/frontend/src/components/ActivationPage.tsx","statementMap":{"0":{"start":{"line":8,"column":33},"end":{"line":89,"column":null}},"1":{"start":{"line":9,"column":23},"end":{"line":9,"column":null}},"2":{"start":{"line":10,"column":10},"end":{"line":10,"column":null}},"3":{"start":{"line":11,"column":26},"end":{"line":11,"column":null}},"4":{"start":{"line":13,"column":4},"end":{"line":18,"column":null}},"5":{"start":{"line":14,"column":27},"end":{"line":14,"column":null}},"6":{"start":{"line":15,"column":8},"end":{"line":17,"column":null}},"7":{"start":{"line":16,"column":12},"end":{"line":16,"column":null}},"8":{"start":{"line":20,"column":32},"end":{"line":23,"column":null}},"9":{"start":{"line":21,"column":8},"end":{"line":21,"column":null}},"10":{"start":{"line":22,"column":8},"end":{"line":22,"column":null}},"11":{"start":{"line":25,"column":4},"end":{"line":87,"column":null}}},"fnMap":{"0":{"name":"(anonymous_0)","decl":{"start":{"line":8,"column":33},"end":{"line":8,"column":39}},"loc":{"start":{"line":8,"column":39},"end":{"line":89,"column":null}},"line":8},"1":{"name":"(anonymous_1)","decl":{"start":{"line":13,"column":14},"end":{"line":13,"column":20}},"loc":{"start":{"line":13,"column":20},"end":{"line":18,"column":7}},"line":13},"2":{"name":"(anonymous_2)","decl":{"start":{"line":20,"column":32},"end":{"line":20,"column":38}},"loc":{"start":{"line":20,"column":38},"end":{"line":23,"column":null}},"line":20}},"branchMap":{"0":{"loc":{"start":{"line":15,"column":8},"end":{"line":17,"column":null}},"type":"if","locations":[{"start":{"line":15,"column":8},"end":{"line":17,"column":null}},{"start":{},"end":{}}],"line":15}},"s":{"0":1,"1":0,"2":0,"3":0,"4":0,"5":0,"6":0,"7":0,"8":0,"9":0,"10":0,"11":0},"f":{"0":0,"1":0,"2":0},"b":{"0":[0,0]},"meta":{"lastBranch":1,"lastFunction":3,"lastStatement":12,"seen":{"s:8:33:89:Infinity":0,"f:8:33:8:39":0,"s:9:23:9:Infinity":1,"s:10:10:10:Infinity":2,"s:11:26:11:Infinity":3,"s:13:4:18:Infinity":4,"f:13:14:13:20":1,"s:14:27:14:Infinity":5,"b:15:8:17:Infinity:undefined:undefined:undefined:undefined":0,"s:15:8:17:Infinity":6,"s:16:12:16:Infinity":7,"s:20:32:23:Infinity":8,"f:20:32:20:38":2,"s:21:8:21:Infinity":9,"s:22:8:22:Infinity":10,"s:25:4:87:Infinity":11}}}
,"/Users/yongjiexue/Documents/GitHub/co-Interview/frontend/src/components/Article.tsx": {"path":"/Users/yongjiexue/Documents/GitHub/co-Interview/frontend/src/components/Article.tsx","statementMap":{"0":{"start":{"line":4,"column":18},"end":{"line":7,"column":null}},"1":{"start":{"line":5,"column":4},"end":{"line":7,"column":null}},"2":{"start":{"line":10,"column":21},"end":{"line":11,"column":null}},"3":{"start":{"line":11,"column":4},"end":{"line":11,"column":null}},"4":{"start":{"line":14,"column":18},"end":{"line":15,"column":null}},"5":{"start":{"line":15,"column":4},"end":{"line":15,"column":null}},"6":{"start":{"line":18,"column":26},"end":{"line":374,"column":null}},"7":{"start":{"line":19,"column":4},"end":{"line":372,"column":null}},"8":{"start":{"line":325,"column":32},"end":{"line":330,"column":null}}},"fnMap":{"0":{"name":"(anonymous_0)","decl":{"start":{"line":4,"column":18},"end":{"line":4,"column":19}},"loc":{"start":{"line":5,"column":4},"end":{"line":7,"column":null}},"line":5},"1":{"name":"(anonymous_1)","decl":{"start":{"line":10,"column":21},"end":{"line":10,"column":22}},"loc":{"start":{"line":11,"column":4},"end":{"line":11,"column":null}},"line":11},"2":{"name":"(anonymous_2)","decl":{"start":{"line":14,"column":18},"end":{"line":14,"column":19}},"loc":{"start":{"line":15,"column":4},"end":{"line":15,"column":null}},"line":15},"3":{"name":"(anonymous_3)","decl":{"start":{"line":18,"column":26},"end":{"line":18,"column":32}},"loc":{"start":{"line":18,"column":32},"end":{"line":374,"column":null}},"line":18},"4":{"name":"(anonymous_4)","decl":{"start":{"line":324,"column":34},"end":{"line":324,"column":35}},"loc":{"start":{"line":325,"column":32},"end":{"line":330,"column":null}},"line":325}},"branchMap":{"0":{"loc":{"start":{"line":14,"column":31},"end":{"line":14,"column":46}},"type":"default-arg","locations":[{"start":{"line":14,"column":43},"end":{"line":14,"column":46}}],"line":14}},"s":{"0":1,"1":0,"2":1,"3":0,"4":1,"5":0,"6":1,"7":0,"8":0},"f":{"0":0,"1":0,"2":0,"3":0,"4":0},"b":{"0":[0]},"meta":{"lastBranch":1,"lastFunction":5,"lastStatement":9,"seen":{"s:4:18:7:Infinity":0,"f:4:18:4:19":0,"s:5:4:7:Infinity":1,"s:10:21:11:Infinity":2,"f:10:21:10:22":1,"s:11:4:11:Infinity":3,"s:14:18:15:Infinity":4,"f:14:18:14:19":2,"s:15:4:15:Infinity":5,"b:14:43:14:46":0,"s:18:26:374:Infinity":6,"f:18:26:18:32":3,"s:19:4:372:Infinity":7,"f:324:34:324:35":4,"s:325:32:330:Infinity":8}}}
,"/Users/yongjiexue/Documents/GitHub/co-Interview/frontend/src/components/Banner.tsx": {"path":"/Users/yongjiexue/Documents/GitHub/co-Interview/frontend/src/components/Banner.tsx","statementMap":{"0":{"start":{"line":3,"column":25},"end":{"line":12,"column":null}},"1":{"start":{"line":4,"column":4},"end":{"line":10,"column":null}}},"fnMap":{"0":{"name":"(anonymous_0)","decl":{"start":{"line":3,"column":25},"end":{"line":3,"column":31}},"loc":{"start":{"line":3,"column":31},"end":{"line":12,"column":null}},"line":3}},"branchMap":{},"s":{"0":1,"1":0},"f":{"0":0},"b":{},"meta":{"lastBranch":0,"lastFunction":1,"lastStatement":2,"seen":{"s:3:25:12:Infinity":0,"f:3:25:3:31":0,"s:4:4:10:Infinity":1}}}
,"/Users/yongjiexue/Documents/GitHub/co-Interview/frontend/src/components/DashboardLayout.tsx": {"path":"/Users/yongjiexue/Documents/GitHub/co-Interview/frontend/src/components/DashboardLayout.tsx","statementMap":{"0":{"start":{"line":8,"column":21},"end":{"line":15,"column":null}},"1":{"start":{"line":17,"column":34},"end":{"line":151,"column":null}},"2":{"start":{"line":18,"column":26},"end":{"line":18,"column":null}},"3":{"start":{"line":19,"column":10},"end":{"line":19,"column":null}},"4":{"start":{"line":20,"column":10},"end":{"line":20,"column":null}},"5":{"start":{"line":21,"column":34},"end":{"line":21,"column":null}},"6":{"start":{"line":23,"column":4},"end":{"line":27,"column":null}},"7":{"start":{"line":24,"column":8},"end":{"line":26,"column":null}},"8":{"start":{"line":25,"column":12},"end":{"line":25,"column":null}},"9":{"start":{"line":30,"column":4},"end":{"line":49,"column":null}},"10":{"start":{"line":31,"column":22},"end":{"line":46,"column":null}},"11":{"start":{"line":32,"column":12},"end":{"line":45,"column":null}},"12":{"start":{"line":33,"column":50},"end":{"line":33,"column":null}},"13":{"start":{"line":34,"column":16},"end":{"line":43,"column":null}},"14":{"start":{"line":35,"column":20},"end":{"line":35,"column":null}},"15":{"start":{"line":36,"column":16},"end":{"line":43,"column":null}},"16":{"start":{"line":37,"column":20},"end":{"line":37,"column":null}},"17":{"start":{"line":38,"column":20},"end":{"line":38,"column":null}},"18":{"start":{"line":39,"column":16},"end":{"line":43,"column":null}},"19":{"start":{"line":40,"column":20},"end":{"line":40,"column":null}},"20":{"start":{"line":41,"column":20},"end":{"line":41,"column":null}},"21":{"start":{"line":42,"column":20},"end":{"line":42,"column":null}},"22":{"start":{"line":44,"column":16},"end":{"line":44,"column":null}},"23":{"start":{"line":48,"column":8},"end":{"line":48,"column":null}},"24":{"start":{"line":48,"column":21},"end":{"line":48,"column":null}},"25":{"start":{"line":51,"column":25},"end":{"line":58,"column":null}},"26":{"start":{"line":52,"column":8},"end":{"line":57,"column":null}},"27":{"start":{"line":53,"column":12},"end":{"line":53,"column":null}},"28":{"start":{"line":54,"column":12},"end":{"line":54,"column":null}},"29":{"start":{"line":56,"column":12},"end":{"line":56,"column":null}},"30":{"start":{"line":60,"column":4},"end":{"line":66,"column":null}},"31":{"start":{"line":61,"column":8},"end":{"line":64,"column":null}},"32":{"start":{"line":68,"column":26},"end":{"line":73,"column":null}},"33":{"start":{"line":69,"column":8},"end":{"line":71,"column":null}},"34":{"start":{"line":70,"column":12},"end":{"line":70,"column":null}},"35":{"start":{"line":72,"column":8},"end":{"line":72,"column":null}},"36":{"start":{"line":75,"column":4},"end":{"line":149,"column":null}},"37":{"start":{"line":88,"column":24},"end":{"line":97,"column":null}}},"fnMap":{"0":{"name":"(anonymous_0)","decl":{"start":{"line":17,"column":34},"end":{"line":17,"column":40}},"loc":{"start":{"line":17,"column":40},"end":{"line":151,"column":null}},"line":17},"1":{"name":"(anonymous_1)","decl":{"start":{"line":23,"column":14},"end":{"line":23,"column":20}},"loc":{"start":{"line":23,"column":20},"end":{"line":27,"column":7}},"line":23},"2":{"name":"(anonymous_2)","decl":{"start":{"line":30,"column":14},"end":{"line":30,"column":20}},"loc":{"start":{"line":30,"column":20},"end":{"line":49,"column":7}},"line":30},"3":{"name":"(anonymous_3)","decl":{"start":{"line":31,"column":34},"end":{"line":31,"column":40}},"loc":{"start":{"line":31,"column":40},"end":{"line":46,"column":11}},"line":31},"4":{"name":"(anonymous_4)","decl":{"start":{"line":32,"column":25},"end":{"line":32,"column":33}},"loc":{"start":{"line":32,"column":33},"end":{"line":45,"column":13}},"line":32},"5":{"name":"(anonymous_5)","decl":{"start":{"line":48,"column":15},"end":{"line":48,"column":21}},"loc":{"start":{"line":48,"column":21},"end":{"line":48,"column":null}},"line":48},"6":{"name":"(anonymous_6)","decl":{"start":{"line":51,"column":25},"end":{"line":51,"column":37}},"loc":{"start":{"line":51,"column":37},"end":{"line":58,"column":null}},"line":51},"7":{"name":"(anonymous_7)","decl":{"start":{"line":68,"column":26},"end":{"line":68,"column":27}},"loc":{"start":{"line":68,"column":44},"end":{"line":73,"column":null}},"line":68},"8":{"name":"(anonymous_8)","decl":{"start":{"line":87,"column":38},"end":{"line":87,"column":null}},"loc":{"start":{"line":88,"column":24},"end":{"line":97,"column":null}},"line":88}},"branchMap":{"0":{"loc":{"start":{"line":24,"column":8},"end":{"line":26,"column":null}},"type":"if","locations":[{"start":{"line":24,"column":8},"end":{"line":26,"column":null}},{"start":{},"end":{}}],"line":24},"1":{"loc":{"start":{"line":24,"column":12},"end":{"line":24,"column":31}},"type":"binary-expr","locations":[{"start":{"line":24,"column":12},"end":{"line":24,"column":24}},{"start":{"line":24,"column":24},"end":{"line":24,"column":31}}],"line":24},"2":{"loc":{"start":{"line":34,"column":16},"end":{"line":43,"column":null}},"type":"if","locations":[{"start":{"line":34,"column":16},"end":{"line":43,"column":null}},{"start":{"line":36,"column":16},"end":{"line":43,"column":null}}],"line":34},"3":{"loc":{"start":{"line":36,"column":16},"end":{"line":43,"column":null}},"type":"if","locations":[{"start":{"line":36,"column":16},"end":{"line":43,"column":null}},{"start":{"line":39,"column":16},"end":{"line":43,"column":null}}],"line":36},"4":{"loc":{"start":{"line":39,"column":16},"end":{"line":43,"column":null}},"type":"if","locations":[{"start":{"line":39,"column":16},"end":{"line":43,"column":null}},{"start":{},"end":{}}],"line":39},"5":{"loc":{"start":{"line":60,"column":4},"end":{"line":66,"column":null}},"type":"if","locations":[{"start":{"line":60,"column":4},"end":{"line":66,"column":null}},{"start":{},"end":{}}],"line":60},"6":{"loc":{"start":{"line":69,"column":8},"end":{"line":71,"column":null}},"type":"if","locations":[{"start":{"line":69,"column":8},"end":{"line":71,"column":null}},{"start":{},"end":{}}],"line":69},"7":{"loc":{"start":{"line":92,"column":32},"end":{"line":92,"column":null}},"type":"cond-expr","locations":[{"start":{"line":92,"column":59},"end":{"line":92,"column":86}},{"start":{"line":92,"column":86},"end":{"line":92,"column":null}}],"line":92}},"s":{"0":1,"1":1,"2":0,"3":0,"4":0,"5":0,"6":0,"7":0,"8":0,"9":0,"10":0,"11":0,"12":0,"13":0,"14":0,"15":0,"16":0,"17":0,"18":0,"19":0,"20":0,"21":0,"22":0,"23":0,"24":0,"25":0,"26":0,"27":0,"28":0,"29":0,"30":0,"31":0,"32":0,"33":0,"34":0,"35":0,"36":0,"37":0},"f":{"0":0,"1":0,"2":0,"3":0,"4":0,"5":0,"6":0,"7":0,"8":0},"b":{"0":[0,0],"1":[0,0],"2":[0,0],"3":[0,0],"4":[0,0],"5":[0,0],"6":[0,0],"7":[0,0]},"meta":{"lastBranch":8,"lastFunction":9,"lastStatement":38,"seen":{"s:8:21:15:Infinity":0,"s:17:34:151:Infinity":1,"f:17:34:17:40":0,"s:18:26:18:Infinity":2,"s:19:10:19:Infinity":3,"s:20:10:20:Infinity":4,"s:21:34:21:Infinity":5,"s:23:4:27:Infinity":6,"f:23:14:23:20":1,"b:24:8:26:Infinity:undefined:undefined:undefined:undefined":0,"s:24:8:26:Infinity":7,"b:24:12:24:24:24:24:24:31":1,"s:25:12:25:Infinity":8,"s:30:4:49:Infinity":9,"f:30:14:30:20":2,"s:31:22:46:Infinity":10,"f:31:34:31:40":3,"s:32:12:45:Infinity":11,"f:32:25:32:33":4,"s:33:50:33:Infinity":12,"b:34:16:43:Infinity:36:16:43:Infinity":2,"s:34:16:43:Infinity":13,"s:35:20:35:Infinity":14,"b:36:16:43:Infinity:39:16:43:Infinity":3,"s:36:16:43:Infinity":15,"s:37:20:37:Infinity":16,"s:38:20:38:Infinity":17,"b:39:16:43:Infinity:undefined:undefined:undefined:undefined":4,"s:39:16:43:Infinity":18,"s:40:20:40:Infinity":19,"s:41:20:41:Infinity":20,"s:42:20:42:Infinity":21,"s:44:16:44:Infinity":22,"s:48:8:48:Infinity":23,"f:48:15:48:21":5,"s:48:21:48:Infinity":24,"s:51:25:58:Infinity":25,"f:51:25:51:37":6,"s:52:8:57:Infinity":26,"s:53:12:53:Infinity":27,"s:54:12:54:Infinity":28,"s:56:12:56:Infinity":29,"b:60:4:66:Infinity:undefined:undefined:undefined:undefined":5,"s:60:4:66:Infinity":30,"s:61:8:64:Infinity":31,"s:68:26:73:Infinity":32,"f:68:26:68:27":7,"b:69:8:71:Infinity:undefined:undefined:undefined:undefined":6,"s:69:8:71:Infinity":33,"s:70:12:70:Infinity":34,"s:72:8:72:Infinity":35,"s:75:4:149:Infinity":36,"f:87:38:87:Infinity":8,"s:88:24:97:Infinity":37,"b:92:59:92:86:92:86:92:Infinity":7}}}
,"/Users/yongjiexue/Documents/GitHub/co-Interview/frontend/src/components/Diagrams.tsx": {"path":"/Users/yongjiexue/Documents/GitHub/co-Interview/frontend/src/components/Diagrams.tsx","statementMap":{"0":{"start":{"line":3,"column":36},"end":{"line":16,"column":null}},"1":{"start":{"line":4,"column":4},"end":{"line":16,"column":null}},"2":{"start":{"line":19,"column":32},"end":{"line":47,"column":null}},"3":{"start":{"line":20,"column":4},"end":{"line":47,"column":null}},"4":{"start":{"line":50,"column":29},"end":{"line":93,"column":null}},"5":{"start":{"line":51,"column":4},"end":{"line":93,"column":null}},"6":{"start":{"line":96,"column":32},"end":{"line":117,"column":null}},"7":{"start":{"line":97,"column":4},"end":{"line":117,"column":null}},"8":{"start":{"line":120,"column":34},"end":{"line":155,"column":null}},"9":{"start":{"line":121,"column":4},"end":{"line":155,"column":null}}},"fnMap":{"0":{"name":"(anonymous_0)","decl":{"start":{"line":3,"column":36},"end":{"line":3,"column":null}},"loc":{"start":{"line":4,"column":4},"end":{"line":16,"column":null}},"line":4},"1":{"name":"(anonymous_1)","decl":{"start":{"line":19,"column":32},"end":{"line":19,"column":null}},"loc":{"start":{"line":20,"column":4},"end":{"line":47,"column":null}},"line":20},"2":{"name":"(anonymous_2)","decl":{"start":{"line":50,"column":29},"end":{"line":50,"column":null}},"loc":{"start":{"line":51,"column":4},"end":{"line":93,"column":null}},"line":51},"3":{"name":"(anonymous_3)","decl":{"start":{"line":96,"column":32},"end":{"line":96,"column":null}},"loc":{"start":{"line":97,"column":4},"end":{"line":117,"column":null}},"line":97},"4":{"name":"(anonymous_4)","decl":{"start":{"line":120,"column":34},"end":{"line":120,"column":null}},"loc":{"start":{"line":121,"column":4},"end":{"line":155,"column":null}},"line":121}},"branchMap":{},"s":{"0":1,"1":0,"2":1,"3":0,"4":1,"5":0,"6":1,"7":0,"8":1,"9":0},"f":{"0":0,"1":0,"2":0,"3":0,"4":0},"b":{},"meta":{"lastBranch":0,"lastFunction":5,"lastStatement":10,"seen":{"s:3:36:16:Infinity":0,"f:3:36:3:Infinity":0,"s:4:4:16:Infinity":1,"s:19:32:47:Infinity":2,"f:19:32:19:Infinity":1,"s:20:4:47:Infinity":3,"s:50:29:93:Infinity":4,"f:50:29:50:Infinity":2,"s:51:4:93:Infinity":5,"s:96:32:117:Infinity":6,"f:96:32:96:Infinity":3,"s:97:4:117:Infinity":7,"s:120:34:155:Infinity":8,"f:120:34:120:Infinity":4,"s:121:4:155:Infinity":9}}}
,"/Users/yongjiexue/Documents/GitHub/co-Interview/frontend/src/components/Footer.tsx": {"path":"/Users/yongjiexue/Documents/GitHub/co-Interview/frontend/src/components/Footer.tsx","statementMap":{"0":{"start":{"line":6,"column":19},"end":{"line":15,"column":null}},"1":{"start":{"line":7,"column":4},"end":{"line":15,"column":null}},"2":{"start":{"line":11,"column":23},"end":{"line":11,"column":null}},"3":{"start":{"line":11,"column":62},"end":{"line":11,"column":null}},"4":{"start":{"line":18,"column":25},"end":{"line":146,"column":null}},"5":{"start":{"line":19,"column":4},"end":{"line":144,"column":null}},"6":{"start":{"line":69,"column":43},"end":{"line":69,"column":null}},"7":{"start":{"line":69,"column":82},"end":{"line":69,"column":null}},"8":{"start":{"line":92,"column":36},"end":{"line":96,"column":null}},"9":{"start":{"line":105,"column":36},"end":{"line":120,"column":null}},"10":{"start":{"line":129,"column":36},"end":{"line":133,"column":null}}},"fnMap":{"0":{"name":"(anonymous_0)","decl":{"start":{"line":6,"column":19},"end":{"line":6,"column":20}},"loc":{"start":{"line":7,"column":4},"end":{"line":15,"column":null}},"line":7},"1":{"name":"(anonymous_1)","decl":{"start":{"line":11,"column":17},"end":{"line":11,"column":23}},"loc":{"start":{"line":11,"column":23},"end":{"line":11,"column":null}},"line":11},"2":{"name":"(anonymous_2)","decl":{"start":{"line":11,"column":55},"end":{"line":11,"column":60}},"loc":{"start":{"line":11,"column":62},"end":{"line":11,"column":null}},"line":11},"3":{"name":"(anonymous_3)","decl":{"start":{"line":18,"column":25},"end":{"line":18,"column":31}},"loc":{"start":{"line":18,"column":31},"end":{"line":146,"column":null}},"line":18},"4":{"name":"(anonymous_4)","decl":{"start":{"line":69,"column":37},"end":{"line":69,"column":43}},"loc":{"start":{"line":69,"column":43},"end":{"line":69,"column":null}},"line":69},"5":{"name":"(anonymous_5)","decl":{"start":{"line":69,"column":75},"end":{"line":69,"column":80}},"loc":{"start":{"line":69,"column":82},"end":{"line":69,"column":null}},"line":69},"6":{"name":"(anonymous_6)","decl":{"start":{"line":91,"column":55},"end":{"line":91,"column":null}},"loc":{"start":{"line":92,"column":36},"end":{"line":96,"column":null}},"line":92},"7":{"name":"(anonymous_7)","decl":{"start":{"line":104,"column":67},"end":{"line":104,"column":null}},"loc":{"start":{"line":105,"column":36},"end":{"line":120,"column":null}},"line":105},"8":{"name":"(anonymous_8)","decl":{"start":{"line":128,"column":57},"end":{"line":128,"column":null}},"loc":{"start":{"line":129,"column":36},"end":{"line":133,"column":null}},"line":129}},"branchMap":{"0":{"loc":{"start":{"line":106,"column":41},"end":{"line":118,"column":null}},"type":"cond-expr","locations":[{"start":{"line":107,"column":44},"end":{"line":114,"column":null}},{"start":{"line":116,"column":44},"end":{"line":118,"column":null}}],"line":106}},"s":{"0":1,"1":0,"2":0,"3":0,"4":1,"5":0,"6":0,"7":0,"8":0,"9":0,"10":0},"f":{"0":0,"1":0,"2":0,"3":0,"4":0,"5":0,"6":0,"7":0,"8":0},"b":{"0":[0,0]},"meta":{"lastBranch":1,"lastFunction":9,"lastStatement":11,"seen":{"s:6:19:15:Infinity":0,"f:6:19:6:20":0,"s:7:4:15:Infinity":1,"f:11:17:11:23":1,"s:11:23:11:Infinity":2,"f:11:55:11:60":2,"s:11:62:11:Infinity":3,"s:18:25:146:Infinity":4,"f:18:25:18:31":3,"s:19:4:144:Infinity":5,"f:69:37:69:43":4,"s:69:43:69:Infinity":6,"f:69:75:69:80":5,"s:69:82:69:Infinity":7,"f:91:55:91:Infinity":6,"s:92:36:96:Infinity":8,"f:104:67:104:Infinity":7,"s:105:36:120:Infinity":9,"b:107:44:114:Infinity:116:44:118:Infinity":0,"f:128:57:128:Infinity":8,"s:129:36:133:Infinity":10}}}
,"/Users/yongjiexue/Documents/GitHub/co-Interview/frontend/src/components/Navbar.tsx": {"path":"/Users/yongjiexue/Documents/GitHub/co-Interview/frontend/src/components/Navbar.tsx","statementMap":{"0":{"start":{"line":8,"column":25},"end":{"line":331,"column":null}},"1":{"start":{"line":9,"column":36},"end":{"line":9,"column":null}},"2":{"start":{"line":10,"column":48},"end":{"line":10,"column":null}},"3":{"start":{"line":11,"column":40},"end":{"line":11,"column":null}},"4":{"start":{"line":12,"column":56},"end":{"line":12,"column":null}},"5":{"start":{"line":13,"column":10},"end":{"line":13,"column":null}},"6":{"start":{"line":14,"column":10},"end":{"line":14,"column":null}},"7":{"start":{"line":15,"column":17},"end":{"line":15,"column":null}},"8":{"start":{"line":16,"column":10},"end":{"line":16,"column":null}},"9":{"start":{"line":18,"column":4},"end":{"line":24,"column":null}},"10":{"start":{"line":19,"column":29},"end":{"line":21,"column":null}},"11":{"start":{"line":20,"column":12},"end":{"line":20,"column":null}},"12":{"start":{"line":22,"column":8},"end":{"line":22,"column":null}},"13":{"start":{"line":23,"column":8},"end":{"line":23,"column":null}},"14":{"start":{"line":23,"column":21},"end":{"line":23,"column":null}},"15":{"start":{"line":27,"column":4},"end":{"line":38,"column":null}},"16":{"start":{"line":28,"column":35},"end":{"line":35,"column":null}},"17":{"start":{"line":29,"column":12},"end":{"line":31,"column":null}},"18":{"start":{"line":30,"column":16},"end":{"line":30,"column":null}},"19":{"start":{"line":32,"column":12},"end":{"line":34,"column":null}},"20":{"start":{"line":33,"column":16},"end":{"line":33,"column":null}},"21":{"start":{"line":36,"column":8},"end":{"line":36,"column":null}},"22":{"start":{"line":37,"column":8},"end":{"line":37,"column":null}},"23":{"start":{"line":37,"column":21},"end":{"line":37,"column":null}},"24":{"start":{"line":40,"column":25},"end":{"line":48,"column":null}},"25":{"start":{"line":41,"column":8},"end":{"line":47,"column":null}},"26":{"start":{"line":42,"column":12},"end":{"line":42,"column":null}},"27":{"start":{"line":43,"column":12},"end":{"line":43,"column":null}},"28":{"start":{"line":44,"column":12},"end":{"line":44,"column":null}},"29":{"start":{"line":46,"column":12},"end":{"line":46,"column":null}},"30":{"start":{"line":50,"column":21},"end":{"line":50,"column":null}},"31":{"start":{"line":51,"column":24},"end":{"line":51,"column":null}},"32":{"start":{"line":54,"column":25},"end":{"line":58,"column":null}},"33":{"start":{"line":60,"column":27},"end":{"line":64,"column":null}},"34":{"start":{"line":61,"column":8},"end":{"line":61,"column":null}},"35":{"start":{"line":61,"column":47},"end":{"line":61,"column":null}},"36":{"start":{"line":62,"column":8},"end":{"line":62,"column":null}},"37":{"start":{"line":63,"column":8},"end":{"line":63,"column":null}},"38":{"start":{"line":66,"column":4},"end":{"line":329,"column":null}},"39":{"start":{"line":81,"column":43},"end":{"line":81,"column":null}},"40":{"start":{"line":81,"column":82},"end":{"line":81,"column":null}},"41":{"start":{"line":88,"column":43},"end":{"line":88,"column":null}},"42":{"start":{"line":88,"column":82},"end":{"line":88,"column":null}},"43":{"start":{"line":95,"column":43},"end":{"line":95,"column":null}},"44":{"start":{"line":95,"column":82},"end":{"line":95,"column":null}},"45":{"start":{"line":102,"column":43},"end":{"line":102,"column":null}},"46":{"start":{"line":102,"column":82},"end":{"line":102,"column":null}},"47":{"start":{"line":109,"column":43},"end":{"line":109,"column":null}},"48":{"start":{"line":109,"column":82},"end":{"line":109,"column":null}},"49":{"start":{"line":121,"column":55},"end":{"line":121,"column":87}},"50":{"start":{"line":139,"column":59},"end":{"line":139,"column":null}},"51":{"start":{"line":146,"column":59},"end":{"line":146,"column":null}},"52":{"start":{"line":165,"column":51},"end":{"line":165,"column":null}},"53":{"start":{"line":165,"column":90},"end":{"line":165,"column":null}},"54":{"start":{"line":174,"column":55},"end":{"line":174,"column":null}},"55":{"start":{"line":185,"column":63},"end":{"line":185,"column":null}},"56":{"start":{"line":194,"column":63},"end":{"line":194,"column":null}},"57":{"start":{"line":203,"column":63},"end":{"line":203,"column":null}},"58":{"start":{"line":220,"column":47},"end":{"line":220,"column":87}},"59":{"start":{"line":233,"column":43},"end":{"line":233,"column":null}},"60":{"start":{"line":233,"column":82},"end":{"line":233,"column":null}},"61":{"start":{"line":240,"column":43},"end":{"line":240,"column":null}},"62":{"start":{"line":240,"column":82},"end":{"line":240,"column":null}},"63":{"start":{"line":247,"column":43},"end":{"line":247,"column":null}},"64":{"start":{"line":247,"column":82},"end":{"line":247,"column":null}},"65":{"start":{"line":286,"column":55},"end":{"line":286,"column":null}},"66":{"start":{"line":286,"column":94},"end":{"line":286,"column":null}},"67":{"start":{"line":296,"column":59},"end":{"line":296,"column":null}},"68":{"start":{"line":305,"column":59},"end":{"line":305,"column":null}},"69":{"start":{"line":314,"column":59},"end":{"line":314,"column":null}}},"fnMap":{"0":{"name":"(anonymous_0)","decl":{"start":{"line":8,"column":25},"end":{"line":8,"column":31}},"loc":{"start":{"line":8,"column":31},"end":{"line":331,"column":null}},"line":8},"1":{"name":"(anonymous_1)","decl":{"start":{"line":18,"column":14},"end":{"line":18,"column":20}},"loc":{"start":{"line":18,"column":20},"end":{"line":24,"column":7}},"line":18},"2":{"name":"(anonymous_2)","decl":{"start":{"line":19,"column":29},"end":{"line":19,"column":35}},"loc":{"start":{"line":19,"column":35},"end":{"line":21,"column":null}},"line":19},"3":{"name":"(anonymous_3)","decl":{"start":{"line":23,"column":15},"end":{"line":23,"column":21}},"loc":{"start":{"line":23,"column":21},"end":{"line":23,"column":null}},"line":23},"4":{"name":"(anonymous_4)","decl":{"start":{"line":27,"column":14},"end":{"line":27,"column":20}},"loc":{"start":{"line":27,"column":20},"end":{"line":38,"column":7}},"line":27},"5":{"name":"(anonymous_5)","decl":{"start":{"line":28,"column":35},"end":{"line":28,"column":36}},"loc":{"start":{"line":28,"column":58},"end":{"line":35,"column":null}},"line":28},"6":{"name":"(anonymous_6)","decl":{"start":{"line":37,"column":15},"end":{"line":37,"column":21}},"loc":{"start":{"line":37,"column":21},"end":{"line":37,"column":null}},"line":37},"7":{"name":"(anonymous_7)","decl":{"start":{"line":40,"column":25},"end":{"line":40,"column":37}},"loc":{"start":{"line":40,"column":37},"end":{"line":48,"column":null}},"line":40},"8":{"name":"(anonymous_8)","decl":{"start":{"line":60,"column":27},"end":{"line":60,"column":28}},"loc":{"start":{"line":60,"column":80},"end":{"line":64,"column":null}},"line":60},"9":{"name":"(anonymous_9)","decl":{"start":{"line":61,"column":40},"end":{"line":61,"column":45}},"loc":{"start":{"line":61,"column":47},"end":{"line":61,"column":null}},"line":61},"10":{"name":"(anonymous_10)","decl":{"start":{"line":81,"column":37},"end":{"line":81,"column":43}},"loc":{"start":{"line":81,"column":43},"end":{"line":81,"column":null}},"line":81},"11":{"name":"(anonymous_11)","decl":{"start":{"line":81,"column":75},"end":{"line":81,"column":80}},"loc":{"start":{"line":81,"column":82},"end":{"line":81,"column":null}},"line":81},"12":{"name":"(anonymous_12)","decl":{"start":{"line":88,"column":37},"end":{"line":88,"column":43}},"loc":{"start":{"line":88,"column":43},"end":{"line":88,"column":null}},"line":88},"13":{"name":"(anonymous_13)","decl":{"start":{"line":88,"column":75},"end":{"line":88,"column":80}},"loc":{"start":{"line":88,"column":82},"end":{"line":88,"column":null}},"line":88},"14":{"name":"(anonymous_14)","decl":{"start":{"line":95,"column":37},"end":{"line":95,"column":43}},"loc":{"start":{"line":95,"column":43},"end":{"line":95,"column":null}},"line":95},"15":{"name":"(anonymous_15)","decl":{"start":{"line":95,"column":75},"end":{"line":95,"column":80}},"loc":{"start":{"line":95,"column":82},"end":{"line":95,"column":null}},"line":95},"16":{"name":"(anonymous_16)","decl":{"start":{"line":102,"column":37},"end":{"line":102,"column":43}},"loc":{"start":{"line":102,"column":43},"end":{"line":102,"column":null}},"line":102},"17":{"name":"(anonymous_17)","decl":{"start":{"line":102,"column":75},"end":{"line":102,"column":80}},"loc":{"start":{"line":102,"column":82},"end":{"line":102,"column":null}},"line":102},"18":{"name":"(anonymous_18)","decl":{"start":{"line":109,"column":37},"end":{"line":109,"column":43}},"loc":{"start":{"line":109,"column":43},"end":{"line":109,"column":null}},"line":109},"19":{"name":"(anonymous_19)","decl":{"start":{"line":109,"column":75},"end":{"line":109,"column":80}},"loc":{"start":{"line":109,"column":82},"end":{"line":109,"column":null}},"line":109},"20":{"name":"(anonymous_20)","decl":{"start":{"line":121,"column":49},"end":{"line":121,"column":55}},"loc":{"start":{"line":121,"column":55},"end":{"line":121,"column":87}},"line":121},"21":{"name":"(anonymous_21)","decl":{"start":{"line":139,"column":53},"end":{"line":139,"column":59}},"loc":{"start":{"line":139,"column":59},"end":{"line":139,"column":null}},"line":139},"22":{"name":"(anonymous_22)","decl":{"start":{"line":146,"column":53},"end":{"line":146,"column":59}},"loc":{"start":{"line":146,"column":59},"end":{"line":146,"column":null}},"line":146},"23":{"name":"(anonymous_23)","decl":{"start":{"line":165,"column":45},"end":{"line":165,"column":51}},"loc":{"start":{"line":165,"column":51},"end":{"line":165,"column":null}},"line":165},"24":{"name":"(anonymous_24)","decl":{"start":{"line":165,"column":83},"end":{"line":165,"column":88}},"loc":{"start":{"line":165,"column":90},"end":{"line":165,"column":null}},"line":165},"25":{"name":"(anonymous_25)","decl":{"start":{"line":174,"column":49},"end":{"line":174,"column":55}},"loc":{"start":{"line":174,"column":55},"end":{"line":174,"column":null}},"line":174},"26":{"name":"(anonymous_26)","decl":{"start":{"line":185,"column":57},"end":{"line":185,"column":63}},"loc":{"start":{"line":185,"column":63},"end":{"line":185,"column":null}},"line":185},"27":{"name":"(anonymous_27)","decl":{"start":{"line":194,"column":57},"end":{"line":194,"column":63}},"loc":{"start":{"line":194,"column":63},"end":{"line":194,"column":null}},"line":194},"28":{"name":"(anonymous_28)","decl":{"start":{"line":203,"column":57},"end":{"line":203,"column":63}},"loc":{"start":{"line":203,"column":63},"end":{"line":203,"column":null}},"line":203},"29":{"name":"(anonymous_29)","decl":{"start":{"line":220,"column":41},"end":{"line":220,"column":47}},"loc":{"start":{"line":220,"column":47},"end":{"line":220,"column":87}},"line":220},"30":{"name":"(anonymous_30)","decl":{"start":{"line":233,"column":37},"end":{"line":233,"column":43}},"loc":{"start":{"line":233,"column":43},"end":{"line":233,"column":null}},"line":233},"31":{"name":"(anonymous_31)","decl":{"start":{"line":233,"column":75},"end":{"line":233,"column":80}},"loc":{"start":{"line":233,"column":82},"end":{"line":233,"column":null}},"line":233},"32":{"name":"(anonymous_32)","decl":{"start":{"line":240,"column":37},"end":{"line":240,"column":43}},"loc":{"start":{"line":240,"column":43},"end":{"line":240,"column":null}},"line":240},"33":{"name":"(anonymous_33)","decl":{"start":{"line":240,"column":75},"end":{"line":240,"column":80}},"loc":{"start":{"line":240,"column":82},"end":{"line":240,"column":null}},"line":240},"34":{"name":"(anonymous_34)","decl":{"start":{"line":247,"column":37},"end":{"line":247,"column":43}},"loc":{"start":{"line":247,"column":43},"end":{"line":247,"column":null}},"line":247},"35":{"name":"(anonymous_35)","decl":{"start":{"line":247,"column":75},"end":{"line":247,"column":80}},"loc":{"start":{"line":247,"column":82},"end":{"line":247,"column":null}},"line":247},"36":{"name":"(anonymous_36)","decl":{"start":{"line":286,"column":49},"end":{"line":286,"column":55}},"loc":{"start":{"line":286,"column":55},"end":{"line":286,"column":null}},"line":286},"37":{"name":"(anonymous_37)","decl":{"start":{"line":286,"column":87},"end":{"line":286,"column":92}},"loc":{"start":{"line":286,"column":94},"end":{"line":286,"column":null}},"line":286},"38":{"name":"(anonymous_38)","decl":{"start":{"line":296,"column":53},"end":{"line":296,"column":59}},"loc":{"start":{"line":296,"column":59},"end":{"line":296,"column":null}},"line":296},"39":{"name":"(anonymous_39)","decl":{"start":{"line":305,"column":53},"end":{"line":305,"column":59}},"loc":{"start":{"line":305,"column":59},"end":{"line":305,"column":null}},"line":305},"40":{"name":"(anonymous_40)","decl":{"start":{"line":314,"column":53},"end":{"line":314,"column":59}},"loc":{"start":{"line":314,"column":59},"end":{"line":314,"column":null}},"line":314}},"branchMap":{"0":{"loc":{"start":{"line":29,"column":12},"end":{"line":31,"column":null}},"type":"if","locations":[{"start":{"line":29,"column":12},"end":{"line":31,"column":null}},{"start":{},"end":{}}],"line":29},"1":{"loc":{"start":{"line":29,"column":16},"end":{"line":29,"column":92}},"type":"binary-expr","locations":[{"start":{"line":29,"column":16},"end":{"line":29,"column":39}},{"start":{"line":29,"column":39},"end":{"line":29,"column":92}}],"line":29},"2":{"loc":{"start":{"line":32,"column":12},"end":{"line":34,"column":null}},"type":"if","locations":[{"start":{"line":32,"column":12},"end":{"line":34,"column":null}},{"start":{},"end":{}}],"line":32},"3":{"loc":{"start":{"line":32,"column":16},"end":{"line":32,"column":108}},"type":"binary-expr","locations":[{"start":{"line":32,"column":16},"end":{"line":32,"column":47}},{"start":{"line":32,"column":47},"end":{"line":32,"column":108}}],"line":32},"4":{"loc":{"start":{"line":50,"column":21},"end":{"line":50,"column":null}},"type":"binary-expr","locations":[{"start":{"line":50,"column":21},"end":{"line":50,"column":42}},{"start":{"line":50,"column":42},"end":{"line":50,"column":72}},{"start":{"line":50,"column":72},"end":{"line":50,"column":null}}],"line":50},"5":{"loc":{"start":{"line":68,"column":96},"end":{"line":68,"column":187}},"type":"cond-expr","locations":[{"start":{"line":68,"column":109},"end":{"line":68,"column":158}},{"start":{"line":68,"column":158},"end":{"line":68,"column":187}}],"line":68},"6":{"loc":{"start":{"line":118,"column":25},"end":{"line":214,"column":null}},"type":"cond-expr","locations":[{"start":{"line":120,"column":28},"end":{"line":159,"column":null}},{"start":{"line":162,"column":28},"end":{"line":214,"column":null}}],"line":118},"7":{"loc":{"start":{"line":135,"column":33},"end":{"line":157,"column":null}},"type":"binary-expr","locations":[{"start":{"line":135,"column":33},"end":{"line":135,"column":null}},{"start":{"line":136,"column":36},"end":{"line":157,"column":null}}],"line":135},"8":{"loc":{"start":{"line":178,"column":96},"end":{"line":178,"column":136}},"type":"cond-expr","locations":[{"start":{"line":178,"column":119},"end":{"line":178,"column":134}},{"start":{"line":178,"column":134},"end":{"line":178,"column":136}}],"line":178},"9":{"loc":{"start":{"line":182,"column":37},"end":{"line":211,"column":null}},"type":"binary-expr","locations":[{"start":{"line":182,"column":37},"end":{"line":182,"column":null}},{"start":{"line":183,"column":40},"end":{"line":211,"column":null}}],"line":182},"10":{"loc":{"start":{"line":221,"column":29},"end":{"line":221,"column":null}},"type":"cond-expr","locations":[{"start":{"line":221,"column":48},"end":{"line":221,"column":76}},{"start":{"line":221,"column":76},"end":{"line":221,"column":null}}],"line":221},"11":{"loc":{"start":{"line":228,"column":13},"end":{"line":327,"column":null}},"type":"binary-expr","locations":[{"start":{"line":228,"column":13},"end":{"line":228,"column":null}},{"start":{"line":229,"column":16},"end":{"line":327,"column":null}}],"line":228},"12":{"loc":{"start":{"line":253,"column":29},"end":{"line":323,"column":null}},"type":"cond-expr","locations":[{"start":{"line":255,"column":32},"end":{"line":280,"column":null}},{"start":{"line":283,"column":32},"end":{"line":323,"column":null}}],"line":253}},"s":{"0":2,"1":5,"2":5,"3":5,"4":5,"5":5,"6":5,"7":5,"8":5,"9":5,"10":3,"11":1,"12":3,"13":3,"14":3,"15":5,"16":3,"17":0,"18":0,"19":0,"20":0,"21":3,"22":3,"23":3,"24":5,"25":0,"26":0,"27":0,"28":0,"29":0,"30":5,"31":5,"32":5,"33":5,"34":0,"35":0,"36":0,"37":0,"38":5,"39":0,"40":0,"41":0,"42":0,"43":0,"44":0,"45":0,"46":0,"47":0,"48":0,"49":0,"50":0,"51":0,"52":0,"53":0,"54":0,"55":0,"56":0,"57":0,"58":1,"59":0,"60":0,"61":0,"62":0,"63":0,"64":0,"65":0,"66":0,"67":0,"68":0,"69":0},"f":{"0":5,"1":3,"2":1,"3":3,"4":3,"5":0,"6":3,"7":0,"8":0,"9":0,"10":0,"11":0,"12":0,"13":0,"14":0,"15":0,"16":0,"17":0,"18":0,"19":0,"20":0,"21":0,"22":0,"23":0,"24":0,"25":0,"26":0,"27":0,"28":0,"29":1,"30":0,"31":0,"32":0,"33":0,"34":0,"35":0,"36":0,"37":0,"38":0,"39":0,"40":0},"b":{"0":[0,0],"1":[0,0],"2":[0,0],"3":[0,0],"4":[5,5,5],"5":[1,4],"6":[0,5],"7":[0,0],"8":[0,5],"9":[5,0],"10":[1,4],"11":[5,1],"12":[0,1]},"meta":{"lastBranch":13,"lastFunction":41,"lastStatement":70,"seen":{"s:8:25:331:Infinity":0,"f:8:25:8:31":0,"s:9:36:9:Infinity":1,"s:10:48:10:Infinity":2,"s:11:40:11:Infinity":3,"s:12:56:12:Infinity":4,"s:13:10:13:Infinity":5,"s:14:10:14:Infinity":6,"s:15:17:15:Infinity":7,"s:16:10:16:Infinity":8,"s:18:4:24:Infinity":9,"f:18:14:18:20":1,"s:19:29:21:Infinity":10,"f:19:29:19:35":2,"s:20:12:20:Infinity":11,"s:22:8:22:Infinity":12,"s:23:8:23:Infinity":13,"f:23:15:23:21":3,"s:23:21:23:Infinity":14,"s:27:4:38:Infinity":15,"f:27:14:27:20":4,"s:28:35:35:Infinity":16,"f:28:35:28:36":5,"b:29:12:31:Infinity:undefined:undefined:undefined:undefined":0,"s:29:12:31:Infinity":17,"b:29:16:29:39:29:39:29:92":1,"s:30:16:30:Infinity":18,"b:32:12:34:Infinity:undefined:undefined:undefined:undefined":2,"s:32:12:34:Infinity":19,"b:32:16:32:47:32:47:32:108":3,"s:33:16:33:Infinity":20,"s:36:8:36:Infinity":21,"s:37:8:37:Infinity":22,"f:37:15:37:21":6,"s:37:21:37:Infinity":23,"s:40:25:48:Infinity":24,"f:40:25:40:37":7,"s:41:8:47:Infinity":25,"s:42:12:42:Infinity":26,"s:43:12:43:Infinity":27,"s:44:12:44:Infinity":28,"s:46:12:46:Infinity":29,"s:50:21:50:Infinity":30,"b:50:21:50:42:50:42:50:72:50:72:50:Infinity":4,"s:51:24:51:Infinity":31,"s:54:25:58:Infinity":32,"s:60:27:64:Infinity":33,"f:60:27:60:28":8,"s:61:8:61:Infinity":34,"f:61:40:61:45":9,"s:61:47:61:Infinity":35,"s:62:8:62:Infinity":36,"s:63:8:63:Infinity":37,"s:66:4:329:Infinity":38,"b:68:109:68:158:68:158:68:187":5,"f:81:37:81:43":10,"s:81:43:81:Infinity":39,"f:81:75:81:80":11,"s:81:82:81:Infinity":40,"f:88:37:88:43":12,"s:88:43:88:Infinity":41,"f:88:75:88:80":13,"s:88:82:88:Infinity":42,"f:95:37:95:43":14,"s:95:43:95:Infinity":43,"f:95:75:95:80":15,"s:95:82:95:Infinity":44,"f:102:37:102:43":16,"s:102:43:102:Infinity":45,"f:102:75:102:80":17,"s:102:82:102:Infinity":46,"f:109:37:109:43":18,"s:109:43:109:Infinity":47,"f:109:75:109:80":19,"s:109:82:109:Infinity":48,"b:120:28:159:Infinity:162:28:214:Infinity":6,"f:121:49:121:55":20,"s:121:55:121:87":49,"b:135:33:135:Infinity:136:36:157:Infinity":7,"f:139:53:139:59":21,"s:139:59:139:Infinity":50,"f:146:53:146:59":22,"s:146:59:146:Infinity":51,"f:165:45:165:51":23,"s:165:51:165:Infinity":52,"f:165:83:165:88":24,"s:165:90:165:Infinity":53,"f:174:49:174:55":25,"s:174:55:174:Infinity":54,"b:178:119:178:134:178:134:178:136":8,"b:182:37:182:Infinity:183:40:211:Infinity":9,"f:185:57:185:63":26,"s:185:63:185:Infinity":55,"f:194:57:194:63":27,"s:194:63:194:Infinity":56,"f:203:57:203:63":28,"s:203:63:203:Infinity":57,"f:220:41:220:47":29,"s:220:47:220:87":58,"b:221:48:221:76:221:76:221:Infinity":10,"b:228:13:228:Infinity:229:16:327:Infinity":11,"f:233:37:233:43":30,"s:233:43:233:Infinity":59,"f:233:75:233:80":31,"s:233:82:233:Infinity":60,"f:240:37:240:43":32,"s:240:43:240:Infinity":61,"f:240:75:240:80":33,"s:240:82:240:Infinity":62,"f:247:37:247:43":34,"s:247:43:247:Infinity":63,"f:247:75:247:80":35,"s:247:82:247:Infinity":64,"b:255:32:280:Infinity:283:32:323:Infinity":12,"f:286:49:286:55":36,"s:286:55:286:Infinity":65,"f:286:87:286:92":37,"s:286:94:286:Infinity":66,"f:296:53:296:59":38,"s:296:59:296:Infinity":67,"f:305:53:305:59":39,"s:305:59:305:Infinity":68,"f:314:53:314:59":40,"s:314:59:314:Infinity":69}}}
,"/Users/yongjiexue/Documents/GitHub/co-Interview/frontend/src/components/PolicyDetailLayout.tsx": {"path":"/Users/yongjiexue/Documents/GitHub/co-Interview/frontend/src/components/PolicyDetailLayout.tsx","statementMap":{"0":{"start":{"line":16,"column":62},"end":{"line":39,"column":null}},"1":{"start":{"line":17,"column":4},"end":{"line":37,"column":null}}},"fnMap":{"0":{"name":"(anonymous_0)","decl":{"start":{"line":16,"column":62},"end":{"line":16,"column":63}},"loc":{"start":{"line":16,"column":124},"end":{"line":39,"column":null}},"line":16}},"branchMap":{"0":{"loc":{"start":{"line":16,"column":95},"end":{"line":16,"column":118}},"type":"default-arg","locations":[{"start":{"line":16,"column":106},"end":{"line":16,"column":118}}],"line":16}},"s":{"0":1,"1":0},"f":{"0":0},"b":{"0":[0]},"meta":{"lastBranch":1,"lastFunction":1,"lastStatement":2,"seen":{"s:16:62:39:Infinity":0,"f:16:62:16:63":0,"b:16:106:16:118":0,"s:17:4:37:Infinity":1}}}
,"/Users/yongjiexue/Documents/GitHub/co-Interview/frontend/src/components/PreRegisterForm.tsx": {"path":"/Users/yongjiexue/Documents/GitHub/co-Interview/frontend/src/components/PreRegisterForm.tsx","statementMap":{"0":{"start":{"line":15,"column":56},"end":{"line":168,"column":null}},"1":{"start":{"line":16,"column":26},"end":{"line":16,"column":null}},"2":{"start":{"line":17,"column":34},"end":{"line":17,"column":null}},"3":{"start":{"line":18,"column":40},"end":{"line":18,"column":null}},"4":{"start":{"line":19,"column":10},"end":{"line":19,"column":null}},"5":{"start":{"line":21,"column":26},"end":{"line":23,"column":null}},"6":{"start":{"line":22,"column":8},"end":{"line":22,"column":null}},"7":{"start":{"line":25,"column":25},"end":{"line":60,"column":null}},"8":{"start":{"line":26,"column":8},"end":{"line":26,"column":null}},"9":{"start":{"line":28,"column":8},"end":{"line":32,"column":null}},"10":{"start":{"line":29,"column":12},"end":{"line":29,"column":null}},"11":{"start":{"line":30,"column":12},"end":{"line":30,"column":null}},"12":{"start":{"line":31,"column":12},"end":{"line":31,"column":null}},"13":{"start":{"line":34,"column":8},"end":{"line":34,"column":null}},"14":{"start":{"line":36,"column":8},"end":{"line":59,"column":null}},"15":{"start":{"line":37,"column":12},"end":{"line":42,"column":null}},"16":{"start":{"line":45,"column":12},"end":{"line":51,"column":null}},"17":{"start":{"line":46,"column":16},"end":{"line":50,"column":null}},"18":{"start":{"line":54,"column":12},"end":{"line":54,"column":null}},"19":{"start":{"line":56,"column":12},"end":{"line":56,"column":null}},"20":{"start":{"line":57,"column":12},"end":{"line":57,"column":null}},"21":{"start":{"line":58,"column":12},"end":{"line":58,"column":null}},"22":{"start":{"line":62,"column":34},"end":{"line":86,"column":null}},"23":{"start":{"line":63,"column":8},"end":{"line":63,"column":null}},"24":{"start":{"line":63,"column":20},"end":{"line":63,"column":null}},"25":{"start":{"line":65,"column":8},"end":{"line":82,"column":null}},"26":{"start":{"line":66,"column":12},"end":{"line":81,"column":null}},"27":{"start":{"line":67,"column":16},"end":{"line":70,"column":null}},"28":{"start":{"line":72,"column":16},"end":{"line":78,"column":null}},"29":{"start":{"line":73,"column":20},"end":{"line":77,"column":null}},"30":{"start":{"line":80,"column":16},"end":{"line":80,"column":null}},"31":{"start":{"line":84,"column":8},"end":{"line":84,"column":null}},"32":{"start":{"line":85,"column":8},"end":{"line":85,"column":null}},"33":{"start":{"line":88,"column":4},"end":{"line":119,"column":null}},"34":{"start":{"line":89,"column":24},"end":{"line":94,"column":null}},"35":{"start":{"line":96,"column":8},"end":{"line":117,"column":null}},"36":{"start":{"line":101,"column":24},"end":{"line":108,"column":null}},"37":{"start":{"line":103,"column":43},"end":{"line":103,"column":null}},"38":{"start":{"line":112,"column":35},"end":{"line":112,"column":null}},"39":{"start":{"line":121,"column":4},"end":{"line":166,"column":null}},"40":{"start":{"line":130,"column":28},"end":{"line":130,"column":null}},"41":{"start":{"line":131,"column":28},"end":{"line":131,"column":null}},"42":{"start":{"line":131,"column":55},"end":{"line":131,"column":null}}},"fnMap":{"0":{"name":"(anonymous_0)","decl":{"start":{"line":15,"column":56},"end":{"line":15,"column":57}},"loc":{"start":{"line":15,"column":108},"end":{"line":168,"column":null}},"line":15},"1":{"name":"(anonymous_1)","decl":{"start":{"line":21,"column":26},"end":{"line":21,"column":27}},"loc":{"start":{"line":21,"column":45},"end":{"line":23,"column":null}},"line":21},"2":{"name":"(anonymous_2)","decl":{"start":{"line":25,"column":25},"end":{"line":25,"column":32}},"loc":{"start":{"line":25,"column":55},"end":{"line":60,"column":null}},"line":25},"3":{"name":"(anonymous_3)","decl":{"start":{"line":45,"column":47},"end":{"line":45,"column":58}},"loc":{"start":{"line":45,"column":64},"end":{"line":51,"column":13}},"line":45},"4":{"name":"(anonymous_4)","decl":{"start":{"line":62,"column":34},"end":{"line":62,"column":41}},"loc":{"start":{"line":62,"column":60},"end":{"line":86,"column":null}},"line":62},"5":{"name":"(anonymous_5)","decl":{"start":{"line":72,"column":51},"end":{"line":72,"column":62}},"loc":{"start":{"line":72,"column":68},"end":{"line":78,"column":17}},"line":72},"6":{"name":"(anonymous_6)","decl":{"start":{"line":100,"column":33},"end":{"line":100,"column":null}},"loc":{"start":{"line":101,"column":24},"end":{"line":108,"column":null}},"line":101},"7":{"name":"(anonymous_7)","decl":{"start":{"line":103,"column":37},"end":{"line":103,"column":43}},"loc":{"start":{"line":103,"column":43},"end":{"line":103,"column":null}},"line":103},"8":{"name":"(anonymous_8)","decl":{"start":{"line":112,"column":29},"end":{"line":112,"column":35}},"loc":{"start":{"line":112,"column":35},"end":{"line":112,"column":null}},"line":112},"9":{"name":"(anonymous_9)","decl":{"start":{"line":129,"column":34},"end":{"line":129,"column":39}},"loc":{"start":{"line":129,"column":39},"end":{"line":132,"column":null}},"line":129}},"branchMap":{"0":{"loc":{"start":{"line":15,"column":67},"end":{"line":15,"column":88}},"type":"default-arg","locations":[{"start":{"line":15,"column":77},"end":{"line":15,"column":88}}],"line":15},"1":{"loc":{"start":{"line":28,"column":8},"end":{"line":32,"column":null}},"type":"if","locations":[{"start":{"line":28,"column":8},"end":{"line":32,"column":null}},{"start":{},"end":{}}],"line":28},"2":{"loc":{"start":{"line":63,"column":8},"end":{"line":63,"column":null}},"type":"if","locations":[{"start":{"line":63,"column":8},"end":{"line":63,"column":null}},{"start":{},"end":{}}],"line":63},"3":{"loc":{"start":{"line":65,"column":8},"end":{"line":82,"column":null}},"type":"if","locations":[{"start":{"line":65,"column":8},"end":{"line":82,"column":null}},{"start":{},"end":{}}],"line":65},"4":{"loc":{"start":{"line":88,"column":4},"end":{"line":119,"column":null}},"type":"if","locations":[{"start":{"line":88,"column":4},"end":{"line":119,"column":null}},{"start":{},"end":{}}],"line":88},"5":{"loc":{"start":{"line":122,"column":49},"end":{"line":122,"column":null}},"type":"cond-expr","locations":[{"start":{"line":122,"column":73},"end":{"line":122,"column":93}},{"start":{"line":122,"column":93},"end":{"line":122,"column":null}}],"line":122},"6":{"loc":{"start":{"line":131,"column":28},"end":{"line":131,"column":null}},"type":"if","locations":[{"start":{"line":131,"column":28},"end":{"line":131,"column":null}},{"start":{},"end":{}}],"line":131},"7":{"loc":{"start":{"line":135,"column":28},"end":{"line":135,"column":null}},"type":"cond-expr","locations":[{"start":{"line":135,"column":52},"end":{"line":135,"column":71}},{"start":{"line":135,"column":71},"end":{"line":135,"column":null}}],"line":135},"8":{"loc":{"start":{"line":145,"column":21},"end":{"line":151,"column":null}},"type":"cond-expr","locations":[{"start":{"line":146,"column":24},"end":{"line":149,"column":null}},{"start":{"line":151,"column":24},"end":{"line":151,"column":null}}],"line":145},"9":{"loc":{"start":{"line":156,"column":13},"end":{"line":160,"column":null}},"type":"binary-expr","locations":[{"start":{"line":156,"column":13},"end":{"line":156,"column":null}},{"start":{"line":157,"column":16},"end":{"line":160,"column":null}}],"line":156}},"s":{"0":1,"1":22,"2":22,"3":22,"4":22,"5":22,"6":5,"7":22,"8":5,"9":5,"10":1,"11":1,"12":1,"13":4,"14":4,"15":4,"16":3,"17":3,"18":3,"19":1,"20":1,"21":1,"22":22,"23":3,"24":0,"25":3,"26":2,"27":2,"28":2,"29":2,"30":0,"31":3,"32":3,"33":22,"34":6,"35":6,"36":24,"37":2,"38":1,"39":16,"40":5,"41":5,"42":0},"f":{"0":22,"1":5,"2":5,"3":3,"4":3,"5":2,"6":24,"7":2,"8":1,"9":5},"b":{"0":[22],"1":[1,4],"2":[0,3],"3":[2,1],"4":[6,16],"5":[0,16],"6":[0,5],"7":[2,14],"8":[4,12],"9":[22,2]},"meta":{"lastBranch":10,"lastFunction":10,"lastStatement":43,"seen":{"s:15:56:168:Infinity":0,"f:15:56:15:57":0,"b:15:77:15:88":0,"s:16:26:16:Infinity":1,"s:17:34:17:Infinity":2,"s:18:40:18:Infinity":3,"s:19:10:19:Infinity":4,"s:21:26:23:Infinity":5,"f:21:26:21:27":1,"s:22:8:22:Infinity":6,"s:25:25:60:Infinity":7,"f:25:25:25:32":2,"s:26:8:26:Infinity":8,"b:28:8:32:Infinity:undefined:undefined:undefined:undefined":1,"s:28:8:32:Infinity":9,"s:29:12:29:Infinity":10,"s:30:12:30:Infinity":11,"s:31:12:31:Infinity":12,"s:34:8:34:Infinity":13,"s:36:8:59:Infinity":14,"s:37:12:42:Infinity":15,"s:45:12:51:Infinity":16,"f:45:47:45:58":3,"s:46:16:50:Infinity":17,"s:54:12:54:Infinity":18,"s:56:12:56:Infinity":19,"s:57:12:57:Infinity":20,"s:58:12:58:Infinity":21,"s:62:34:86:Infinity":22,"f:62:34:62:41":4,"b:63:8:63:Infinity:undefined:undefined:undefined:undefined":2,"s:63:8:63:Infinity":23,"s:63:20:63:Infinity":24,"b:65:8:82:Infinity:undefined:undefined:undefined:undefined":3,"s:65:8:82:Infinity":25,"s:66:12:81:Infinity":26,"s:67:16:70:Infinity":27,"s:72:16:78:Infinity":28,"f:72:51:72:62":5,"s:73:20:77:Infinity":29,"s:80:16:80:Infinity":30,"s:84:8:84:Infinity":31,"s:85:8:85:Infinity":32,"b:88:4:119:Infinity:undefined:undefined:undefined:undefined":4,"s:88:4:119:Infinity":33,"s:89:24:94:Infinity":34,"s:96:8:117:Infinity":35,"f:100:33:100:Infinity":6,"s:101:24:108:Infinity":36,"f:103:37:103:43":7,"s:103:43:103:Infinity":37,"f:112:29:112:35":8,"s:112:35:112:Infinity":38,"s:121:4:166:Infinity":39,"b:122:73:122:93:122:93:122:Infinity":5,"f:129:34:129:39":9,"s:130:28:130:Infinity":40,"b:131:28:131:Infinity:undefined:undefined:undefined:undefined":6,"s:131:28:131:Infinity":41,"s:131:55:131:Infinity":42,"b:135:52:135:71:135:71:135:Infinity":7,"b:146:24:149:Infinity:151:24:151:Infinity":8,"b:156:13:156:Infinity:157:16:160:Infinity":9}}}
,"/Users/yongjiexue/Documents/GitHub/co-Interview/frontend/src/components/ProtectedAdminRoute.tsx": {"path":"/Users/yongjiexue/Documents/GitHub/co-Interview/frontend/src/components/ProtectedAdminRoute.tsx","statementMap":{"0":{"start":{"line":7,"column":38},"end":{"line":39,"column":null}},"1":{"start":{"line":8,"column":35},"end":{"line":8,"column":null}},"2":{"start":{"line":10,"column":4},"end":{"line":16,"column":null}},"3":{"start":{"line":11,"column":8},"end":{"line":14,"column":null}},"4":{"start":{"line":18,"column":4},"end":{"line":20,"column":null}},"5":{"start":{"line":19,"column":8},"end":{"line":19,"column":null}},"6":{"start":{"line":22,"column":4},"end":{"line":36,"column":null}},"7":{"start":{"line":23,"column":8},"end":{"line":34,"column":null}},"8":{"start":{"line":29,"column":35},"end":{"line":29,"column":null}},"9":{"start":{"line":29,"column":73},"end":{"line":29,"column":null}},"10":{"start":{"line":38,"column":4},"end":{"line":38,"column":null}}},"fnMap":{"0":{"name":"(anonymous_0)","decl":{"start":{"line":7,"column":38},"end":{"line":7,"column":44}},"loc":{"start":{"line":7,"column":44},"end":{"line":39,"column":null}},"line":7},"1":{"name":"(anonymous_1)","decl":{"start":{"line":29,"column":29},"end":{"line":29,"column":35}},"loc":{"start":{"line":29,"column":35},"end":{"line":29,"column":null}},"line":29},"2":{"name":"(anonymous_2)","decl":{"start":{"line":29,"column":66},"end":{"line":29,"column":71}},"loc":{"start":{"line":29,"column":73},"end":{"line":29,"column":null}},"line":29}},"branchMap":{"0":{"loc":{"start":{"line":10,"column":4},"end":{"line":16,"column":null}},"type":"if","locations":[{"start":{"line":10,"column":4},"end":{"line":16,"column":null}},{"start":{},"end":{}}],"line":10},"1":{"loc":{"start":{"line":18,"column":4},"end":{"line":20,"column":null}},"type":"if","locations":[{"start":{"line":18,"column":4},"end":{"line":20,"column":null}},{"start":{},"end":{}}],"line":18},"2":{"loc":{"start":{"line":22,"column":4},"end":{"line":36,"column":null}},"type":"if","locations":[{"start":{"line":22,"column":4},"end":{"line":36,"column":null}},{"start":{},"end":{}}],"line":22}},"s":{"0":2,"1":4,"2":4,"3":1,"4":3,"5":1,"6":2,"7":1,"8":0,"9":0,"10":1},"f":{"0":4,"1":0,"2":0},"b":{"0":[1,3],"1":[1,2],"2":[1,1]},"meta":{"lastBranch":3,"lastFunction":3,"lastStatement":11,"seen":{"s:7:38:39:Infinity":0,"f:7:38:7:44":0,"s:8:35:8:Infinity":1,"b:10:4:16:Infinity:undefined:undefined:undefined:undefined":0,"s:10:4:16:Infinity":2,"s:11:8:14:Infinity":3,"b:18:4:20:Infinity:undefined:undefined:undefined:undefined":1,"s:18:4:20:Infinity":4,"s:19:8:19:Infinity":5,"b:22:4:36:Infinity:undefined:undefined:undefined:undefined":2,"s:22:4:36:Infinity":6,"s:23:8:34:Infinity":7,"f:29:29:29:35":1,"s:29:35:29:Infinity":8,"f:29:66:29:71":2,"s:29:73:29:Infinity":9,"s:38:4:38:Infinity":10}}}
,"/Users/yongjiexue/Documents/GitHub/co-Interview/frontend/src/components/SEO.tsx": {"path":"/Users/yongjiexue/Documents/GitHub/co-Interview/frontend/src/components/SEO.tsx","statementMap":{"0":{"start":{"line":13,"column":32},"end":{"line":46,"column":null}},"1":{"start":{"line":14,"column":4},"end":{"line":44,"column":null}},"2":{"start":{"line":40,"column":20},"end":{"line":42,"column":null}}},"fnMap":{"0":{"name":"(anonymous_0)","decl":{"start":{"line":13,"column":32},"end":{"line":13,"column":33}},"loc":{"start":{"line":13,"column":123},"end":{"line":46,"column":null}},"line":13},"1":{"name":"(anonymous_1)","decl":{"start":{"line":39,"column":27},"end":{"line":39,"column":28}},"loc":{"start":{"line":40,"column":20},"end":{"line":42,"column":null}},"line":40}},"branchMap":{"0":{"loc":{"start":{"line":13,"column":69},"end":{"line":13,"column":87}},"type":"default-arg","locations":[{"start":{"line":13,"column":76},"end":{"line":13,"column":87}}],"line":13},"1":{"loc":{"start":{"line":13,"column":87},"end":{"line":13,"column":110}},"type":"default-arg","locations":[{"start":{"line":13,"column":94},"end":{"line":13,"column":110}}],"line":13},"2":{"loc":{"start":{"line":38,"column":13},"end":{"line":43,"column":null}},"type":"binary-expr","locations":[{"start":{"line":38,"column":13},"end":{"line":38,"column":null}},{"start":{"line":39,"column":16},"end":{"line":43,"column":null}}],"line":38}},"s":{"0":1,"1":0,"2":0},"f":{"0":0,"1":0},"b":{"0":[0],"1":[0],"2":[0,0]},"meta":{"lastBranch":3,"lastFunction":2,"lastStatement":3,"seen":{"s:13:32:46:Infinity":0,"f:13:32:13:33":0,"b:13:76:13:87":0,"b:13:94:13:110":1,"s:14:4:44:Infinity":1,"b:38:13:38:Infinity:39:16:43:Infinity":2,"f:39:27:39:28":1,"s:40:20:42:Infinity":2}}}
,"/Users/yongjiexue/Documents/GitHub/co-Interview/frontend/src/components/blog/BlogHero.tsx": {"path":"/Users/yongjiexue/Documents/GitHub/co-Interview/frontend/src/components/blog/BlogHero.tsx","statementMap":{"0":{"start":{"line":3,"column":34},"end":{"line":32,"column":null}},"1":{"start":{"line":4,"column":4},"end":{"line":30,"column":null}}},"fnMap":{"0":{"name":"(anonymous_0)","decl":{"start":{"line":3,"column":34},"end":{"line":3,"column":40}},"loc":{"start":{"line":3,"column":40},"end":{"line":32,"column":null}},"line":3}},"branchMap":{},"s":{"0":1,"1":0},"f":{"0":0},"b":{},"meta":{"lastBranch":0,"lastFunction":1,"lastStatement":2,"seen":{"s:3:34:32:Infinity":0,"f:3:34:3:40":0,"s:4:4:30:Infinity":1}}}
,"/Users/yongjiexue/Documents/GitHub/co-Interview/frontend/src/components/blog/BlogList.tsx": {"path":"/Users/yongjiexue/Documents/GitHub/co-Interview/frontend/src/components/blog/BlogList.tsx","statementMap":{"0":{"start":{"line":11,"column":42},"end":{"line":106,"column":null}},"1":{"start":{"line":12,"column":4},"end":{"line":104,"column":null}},"2":{"start":{"line":70,"column":28},"end":{"line":88,"column":null}},"3":{"start":{"line":84,"column":44},"end":{"line":84,"column":null}},"4":{"start":{"line":96,"column":50},"end":{"line":96,"column":61}},"5":{"start":{"line":98,"column":36},"end":{"line":98,"column":null}},"6":{"start":{"line":109,"column":50},"end":{"line":136,"column":null}},"7":{"start":{"line":110,"column":4},"end":{"line":134,"column":null}},"8":{"start":{"line":139,"column":56},"end":{"line":166,"column":null}},"9":{"start":{"line":140,"column":4},"end":{"line":164,"column":null}}},"fnMap":{"0":{"name":"(anonymous_0)","decl":{"start":{"line":11,"column":42},"end":{"line":11,"column":43}},"loc":{"start":{"line":11,"column":72},"end":{"line":106,"column":null}},"line":11},"1":{"name":"(anonymous_1)","decl":{"start":{"line":69,"column":36},"end":{"line":69,"column":37}},"loc":{"start":{"line":70,"column":28},"end":{"line":88,"column":null}},"line":70},"2":{"name":"(anonymous_2)","decl":{"start":{"line":83,"column":57},"end":{"line":83,"column":null}},"loc":{"start":{"line":84,"column":44},"end":{"line":84,"column":null}},"line":84},"3":{"name":"(anonymous_3)","decl":{"start":{"line":96,"column":41},"end":{"line":96,"column":50}},"loc":{"start":{"line":96,"column":50},"end":{"line":96,"column":61}},"line":96},"4":{"name":"(anonymous_4)","decl":{"start":{"line":97,"column":37},"end":{"line":97,"column":null}},"loc":{"start":{"line":98,"column":36},"end":{"line":98,"column":null}},"line":98},"5":{"name":"(anonymous_5)","decl":{"start":{"line":109,"column":50},"end":{"line":109,"column":51}},"loc":{"start":{"line":109,"column":64},"end":{"line":136,"column":null}},"line":109},"6":{"name":"(anonymous_6)","decl":{"start":{"line":139,"column":56},"end":{"line":139,"column":57}},"loc":{"start":{"line":139,"column":70},"end":{"line":166,"column":null}},"line":139}},"branchMap":{"0":{"loc":{"start":{"line":15,"column":13},"end":{"line":61,"column":null}},"type":"binary-expr","locations":[{"start":{"line":15,"column":13},"end":{"line":15,"column":null}},{"start":{"line":16,"column":16},"end":{"line":61,"column":null}}],"line":15}},"s":{"0":1,"1":0,"2":0,"3":0,"4":0,"5":0,"6":1,"7":0,"8":1,"9":0},"f":{"0":0,"1":0,"2":0,"3":0,"4":0,"5":0,"6":0},"b":{"0":[0,0]},"meta":{"lastBranch":1,"lastFunction":7,"lastStatement":10,"seen":{"s:11:42:106:Infinity":0,"f:11:42:11:43":0,"s:12:4:104:Infinity":1,"b:15:13:15:Infinity:16:16:61:Infinity":0,"f:69:36:69:37":1,"s:70:28:88:Infinity":2,"f:83:57:83:Infinity":2,"s:84:44:84:Infinity":3,"f:96:41:96:50":3,"s:96:50:96:61":4,"f:97:37:97:Infinity":4,"s:98:36:98:Infinity":5,"s:109:50:136:Infinity":6,"f:109:50:109:51":5,"s:110:4:134:Infinity":7,"s:139:56:166:Infinity":8,"f:139:56:139:57":6,"s:140:4:164:Infinity":9}}}
,"/Users/yongjiexue/Documents/GitHub/co-Interview/frontend/src/components/blog/BlogSidebarCTA.tsx": {"path":"/Users/yongjiexue/Documents/GitHub/co-Interview/frontend/src/components/blog/BlogSidebarCTA.tsx","statementMap":{"0":{"start":{"line":3,"column":33},"end":{"line":30,"column":null}},"1":{"start":{"line":4,"column":24},"end":{"line":10,"column":null}},"2":{"start":{"line":5,"column":8},"end":{"line":5,"column":null}},"3":{"start":{"line":6,"column":24},"end":{"line":6,"column":null}},"4":{"start":{"line":7,"column":8},"end":{"line":9,"column":null}},"5":{"start":{"line":8,"column":12},"end":{"line":8,"column":null}},"6":{"start":{"line":12,"column":4},"end":{"line":28,"column":null}}},"fnMap":{"0":{"name":"(anonymous_0)","decl":{"start":{"line":3,"column":33},"end":{"line":3,"column":39}},"loc":{"start":{"line":3,"column":39},"end":{"line":30,"column":null}},"line":3},"1":{"name":"(anonymous_1)","decl":{"start":{"line":4,"column":24},"end":{"line":4,"column":25}},"loc":{"start":{"line":4,"column":68},"end":{"line":10,"column":null}},"line":4}},"branchMap":{"0":{"loc":{"start":{"line":7,"column":8},"end":{"line":9,"column":null}},"type":"if","locations":[{"start":{"line":7,"column":8},"end":{"line":9,"column":null}},{"start":{},"end":{}}],"line":7}},"s":{"0":2,"1":9,"2":0,"3":0,"4":0,"5":0,"6":9},"f":{"0":9,"1":0},"b":{"0":[0,0]},"meta":{"lastBranch":1,"lastFunction":2,"lastStatement":7,"seen":{"s:3:33:30:Infinity":0,"f:3:33:3:39":0,"s:4:24:10:Infinity":1,"f:4:24:4:25":1,"s:5:8:5:Infinity":2,"s:6:24:6:Infinity":3,"b:7:8:9:Infinity:undefined:undefined:undefined:undefined":0,"s:7:8:9:Infinity":4,"s:8:12:8:Infinity":5,"s:12:4:28:Infinity":6}}}
,"/Users/yongjiexue/Documents/GitHub/co-Interview/frontend/src/components/blog/BlogTableOfContents.tsx": {"path":"/Users/yongjiexue/Documents/GitHub/co-Interview/frontend/src/components/blog/BlogTableOfContents.tsx","statementMap":{"0":{"start":{"line":8,"column":64},"end":{"line":73,"column":null}},"1":{"start":{"line":9,"column":32},"end":{"line":9,"column":null}},"2":{"start":{"line":11,"column":4},"end":{"line":32,"column":null}},"3":{"start":{"line":12,"column":29},"end":{"line":26,"column":null}},"4":{"start":{"line":14,"column":36},"end":{"line":14,"column":null}},"5":{"start":{"line":14,"column":54},"end":{"line":14,"column":83}},"6":{"start":{"line":16,"column":32},"end":{"line":16,"column":null}},"7":{"start":{"line":17,"column":35},"end":{"line":17,"column":null}},"8":{"start":{"line":19,"column":12},"end":{"line":23,"column":null}},"9":{"start":{"line":20,"column":16},"end":{"line":22,"column":null}},"10":{"start":{"line":21,"column":20},"end":{"line":21,"column":null}},"11":{"start":{"line":25,"column":12},"end":{"line":25,"column":null}},"12":{"start":{"line":28,"column":8},"end":{"line":28,"column":null}},"13":{"start":{"line":29,"column":8},"end":{"line":29,"column":null}},"14":{"start":{"line":31,"column":8},"end":{"line":31,"column":null}},"15":{"start":{"line":31,"column":21},"end":{"line":31,"column":null}},"16":{"start":{"line":34,"column":24},"end":{"line":47,"column":null}},"17":{"start":{"line":35,"column":8},"end":{"line":35,"column":null}},"18":{"start":{"line":36,"column":24},"end":{"line":36,"column":null}},"19":{"start":{"line":37,"column":8},"end":{"line":46,"column":null}},"20":{"start":{"line":38,"column":27},"end":{"line":38,"column":null}},"21":{"start":{"line":39,"column":36},"end":{"line":39,"column":null}},"22":{"start":{"line":40,"column":35},"end":{"line":40,"column":null}},"23":{"start":{"line":42,"column":12},"end":{"line":45,"column":null}},"24":{"start":{"line":49,"column":4},"end":{"line":51,"column":null}},"25":{"start":{"line":50,"column":8},"end":{"line":50,"column":null}},"26":{"start":{"line":53,"column":4},"end":{"line":71,"column":null}},"27":{"start":{"line":58,"column":20},"end":{"line":68,"column":null}},"28":{"start":{"line":61,"column":42},"end":{"line":61,"column":null}}},"fnMap":{"0":{"name":"(anonymous_0)","decl":{"start":{"line":8,"column":64},"end":{"line":8,"column":65}},"loc":{"start":{"line":8,"column":82},"end":{"line":73,"column":null}},"line":8},"1":{"name":"(anonymous_1)","decl":{"start":{"line":11,"column":14},"end":{"line":11,"column":20}},"loc":{"start":{"line":11,"column":20},"end":{"line":32,"column":7}},"line":11},"2":{"name":"(anonymous_2)","decl":{"start":{"line":12,"column":29},"end":{"line":12,"column":35}},"loc":{"start":{"line":12,"column":35},"end":{"line":26,"column":null}},"line":12},"3":{"name":"(anonymous_3)","decl":{"start":{"line":14,"column":49},"end":{"line":14,"column":54}},"loc":{"start":{"line":14,"column":54},"end":{"line":14,"column":83}},"line":14},"4":{"name":"(anonymous_4)","decl":{"start":{"line":31,"column":15},"end":{"line":31,"column":21}},"loc":{"start":{"line":31,"column":21},"end":{"line":31,"column":null}},"line":31},"5":{"name":"(anonymous_5)","decl":{"start":{"line":34,"column":24},"end":{"line":34,"column":25}},"loc":{"start":{"line":34,"column":80},"end":{"line":47,"column":null}},"line":34},"6":{"name":"(anonymous_6)","decl":{"start":{"line":57,"column":30},"end":{"line":57,"column":null}},"loc":{"start":{"line":58,"column":20},"end":{"line":68,"column":null}},"line":58},"7":{"name":"(anonymous_7)","decl":{"start":{"line":61,"column":37},"end":{"line":61,"column":42}},"loc":{"start":{"line":61,"column":42},"end":{"line":61,"column":null}},"line":61}},"branchMap":{"0":{"loc":{"start":{"line":20,"column":16},"end":{"line":22,"column":null}},"type":"if","locations":[{"start":{"line":20,"column":16},"end":{"line":22,"column":null}},{"start":{},"end":{}}],"line":20},"1":{"loc":{"start":{"line":20,"column":20},"end":{"line":20,"column":68}},"type":"binary-expr","locations":[{"start":{"line":20,"column":20},"end":{"line":20,"column":31}},{"start":{"line":20,"column":31},"end":{"line":20,"column":68}}],"line":20},"2":{"loc":{"start":{"line":37,"column":8},"end":{"line":46,"column":null}},"type":"if","locations":[{"start":{"line":37,"column":8},"end":{"line":46,"column":null}},{"start":{},"end":{}}],"line":37},"3":{"loc":{"start":{"line":49,"column":4},"end":{"line":51,"column":null}},"type":"if","locations":[{"start":{"line":49,"column":4},"end":{"line":51,"column":null}},{"start":{},"end":{}}],"line":49},"4":{"loc":{"start":{"line":58,"column":63},"end":{"line":58,"column":98}},"type":"cond-expr","locations":[{"start":{"line":58,"column":85},"end":{"line":58,"column":94}},{"start":{"line":58,"column":94},"end":{"line":58,"column":98}}],"line":58},"5":{"loc":{"start":{"line":63,"column":32},"end":{"line":63,"column":null}},"type":"cond-expr","locations":[{"start":{"line":63,"column":58},"end":{"line":63,"column":88}},{"start":{"line":63,"column":88},"end":{"line":63,"column":null}}],"line":63}},"s":{"0":2,"1":12,"2":12,"3":9,"4":9,"5":27,"6":9,"7":9,"8":9,"9":27,"10":27,"11":9,"12":9,"13":9,"14":9,"15":9,"16":12,"17":0,"18":0,"19":0,"20":0,"21":0,"22":0,"23":0,"24":12,"25":0,"26":12,"27":36,"28":0},"f":{"0":12,"1":9,"2":9,"3":27,"4":9,"5":0,"6":36,"7":0},"b":{"0":[27,0],"1":[27,27],"2":[0,0],"3":[0,12],"4":[12,24],"5":[3,33]},"meta":{"lastBranch":6,"lastFunction":8,"lastStatement":29,"seen":{"s:8:64:73:Infinity":0,"f:8:64:8:65":0,"s:9:32:9:Infinity":1,"s:11:4:32:Infinity":2,"f:11:14:11:20":1,"s:12:29:26:Infinity":3,"f:12:29:12:35":2,"s:14:36:14:Infinity":4,"f:14:49:14:54":3,"s:14:54:14:83":5,"s:16:32:16:Infinity":6,"s:17:35:17:Infinity":7,"s:19:12:23:Infinity":8,"b:20:16:22:Infinity:undefined:undefined:undefined:undefined":0,"s:20:16:22:Infinity":9,"b:20:20:20:31:20:31:20:68":1,"s:21:20:21:Infinity":10,"s:25:12:25:Infinity":11,"s:28:8:28:Infinity":12,"s:29:8:29:Infinity":13,"s:31:8:31:Infinity":14,"f:31:15:31:21":4,"s:31:21:31:Infinity":15,"s:34:24:47:Infinity":16,"f:34:24:34:25":5,"s:35:8:35:Infinity":17,"s:36:24:36:Infinity":18,"b:37:8:46:Infinity:undefined:undefined:undefined:undefined":2,"s:37:8:46:Infinity":19,"s:38:27:38:Infinity":20,"s:39:36:39:Infinity":21,"s:40:35:40:Infinity":22,"s:42:12:45:Infinity":23,"b:49:4:51:Infinity:undefined:undefined:undefined:undefined":3,"s:49:4:51:Infinity":24,"s:50:8:50:Infinity":25,"s:53:4:71:Infinity":26,"f:57:30:57:Infinity":6,"s:58:20:68:Infinity":27,"b:58:85:58:94:58:94:58:98":4,"f:61:37:61:42":7,"s:61:42:61:Infinity":28,"b:63:58:63:88:63:88:63:Infinity":5}}}
,"/Users/yongjiexue/Documents/GitHub/co-Interview/frontend/src/components/blog/ReadingProgressBar.tsx": {"path":"/Users/yongjiexue/Documents/GitHub/co-Interview/frontend/src/components/blog/ReadingProgressBar.tsx","statementMap":{"0":{"start":{"line":11,"column":62},"end":{"line":66,"column":null}},"1":{"start":{"line":12,"column":32},"end":{"line":12,"column":null}},"2":{"start":{"line":14,"column":4},"end":{"line":50,"column":null}},"3":{"start":{"line":15,"column":29},"end":{"line":44,"column":null}},"4":{"start":{"line":16,"column":33},"end":{"line":16,"column":null}},"5":{"start":{"line":18,"column":12},"end":{"line":41,"column":null}},"6":{"start":{"line":20,"column":35},"end":{"line":20,"column":null}},"7":{"start":{"line":21,"column":38},"end":{"line":21,"column":null}},"8":{"start":{"line":22,"column":34},"end":{"line":22,"column":null}},"9":{"start":{"line":23,"column":37},"end":{"line":23,"column":null}},"10":{"start":{"line":26,"column":35},"end":{"line":26,"column":null}},"11":{"start":{"line":27,"column":33},"end":{"line":27,"column":null}},"12":{"start":{"line":29,"column":16},"end":{"line":35,"column":null}},"13":{"start":{"line":30,"column":20},"end":{"line":30,"column":null}},"14":{"start":{"line":31,"column":16},"end":{"line":35,"column":null}},"15":{"start":{"line":32,"column":20},"end":{"line":32,"column":null}},"16":{"start":{"line":34,"column":20},"end":{"line":34,"column":null}},"17":{"start":{"line":38,"column":34},"end":{"line":38,"column":null}},"18":{"start":{"line":39,"column":34},"end":{"line":39,"column":null}},"19":{"start":{"line":40,"column":16},"end":{"line":40,"column":null}},"20":{"start":{"line":43,"column":12},"end":{"line":43,"column":null}},"21":{"start":{"line":46,"column":8},"end":{"line":46,"column":null}},"22":{"start":{"line":47,"column":8},"end":{"line":47,"column":null}},"23":{"start":{"line":49,"column":8},"end":{"line":49,"column":null}},"24":{"start":{"line":49,"column":21},"end":{"line":49,"column":null}},"25":{"start":{"line":52,"column":4},"end":{"line":64,"column":null}}},"fnMap":{"0":{"name":"(anonymous_0)","decl":{"start":{"line":11,"column":62},"end":{"line":11,"column":63}},"loc":{"start":{"line":11,"column":82},"end":{"line":66,"column":null}},"line":11},"1":{"name":"(anonymous_1)","decl":{"start":{"line":14,"column":14},"end":{"line":14,"column":20}},"loc":{"start":{"line":14,"column":20},"end":{"line":50,"column":7}},"line":14},"2":{"name":"(anonymous_2)","decl":{"start":{"line":15,"column":29},"end":{"line":15,"column":35}},"loc":{"start":{"line":15,"column":35},"end":{"line":44,"column":null}},"line":15},"3":{"name":"(anonymous_3)","decl":{"start":{"line":49,"column":15},"end":{"line":49,"column":21}},"loc":{"start":{"line":49,"column":21},"end":{"line":49,"column":null}},"line":49}},"branchMap":{"0":{"loc":{"start":{"line":18,"column":12},"end":{"line":41,"column":null}},"type":"if","locations":[{"start":{"line":18,"column":12},"end":{"line":41,"column":null}},{"start":{"line":36,"column":19},"end":{"line":41,"column":null}}],"line":18},"1":{"loc":{"start":{"line":29,"column":16},"end":{"line":35,"column":null}},"type":"if","locations":[{"start":{"line":29,"column":16},"end":{"line":35,"column":null}},{"start":{"line":31,"column":16},"end":{"line":35,"column":null}}],"line":29},"2":{"loc":{"start":{"line":31,"column":16},"end":{"line":35,"column":null}},"type":"if","locations":[{"start":{"line":31,"column":16},"end":{"line":35,"column":null}},{"start":{"line":33,"column":23},"end":{"line":35,"column":null}}],"line":31},"3":{"loc":{"start":{"line":40,"column":33},"end":{"line":40,"column":null}},"type":"cond-expr","locations":[{"start":{"line":40,"column":50},"end":{"line":40,"column":81}},{"start":{"line":40,"column":81},"end":{"line":40,"column":null}}],"line":40}},"s":{"0":2,"1":9,"2":9,"3":9,"4":9,"5":9,"6":9,"7":9,"8":9,"9":9,"10":9,"11":9,"12":9,"13":9,"14":0,"15":0,"16":0,"17":0,"18":0,"19":0,"20":9,"21":9,"22":9,"23":9,"24":9,"25":9},"f":{"0":9,"1":9,"2":9,"3":9},"b":{"0":[9,0],"1":[9,0],"2":[0,0],"3":[0,0]},"meta":{"lastBranch":4,"lastFunction":4,"lastStatement":26,"seen":{"s:11:62:66:Infinity":0,"f:11:62:11:63":0,"s:12:32:12:Infinity":1,"s:14:4:50:Infinity":2,"f:14:14:14:20":1,"s:15:29:44:Infinity":3,"f:15:29:15:35":2,"s:16:33:16:Infinity":4,"b:18:12:41:Infinity:36:19:41:Infinity":0,"s:18:12:41:Infinity":5,"s:20:35:20:Infinity":6,"s:21:38:21:Infinity":7,"s:22:34:22:Infinity":8,"s:23:37:23:Infinity":9,"s:26:35:26:Infinity":10,"s:27:33:27:Infinity":11,"b:29:16:35:Infinity:31:16:35:Infinity":1,"s:29:16:35:Infinity":12,"s:30:20:30:Infinity":13,"b:31:16:35:Infinity:33:23:35:Infinity":2,"s:31:16:35:Infinity":14,"s:32:20:32:Infinity":15,"s:34:20:34:Infinity":16,"s:38:34:38:Infinity":17,"s:39:34:39:Infinity":18,"s:40:16:40:Infinity":19,"b:40:50:40:81:40:81:40:Infinity":3,"s:43:12:43:Infinity":20,"s:46:8:46:Infinity":21,"s:47:8:47:Infinity":22,"s:49:8:49:Infinity":23,"f:49:15:49:21":3,"s:49:21:49:Infinity":24,"s:52:4:64:Infinity":25}}}
,"/Users/yongjiexue/Documents/GitHub/co-Interview/frontend/src/content/blogLoader.ts": {"path":"/Users/yongjiexue/Documents/GitHub/co-Interview/frontend/src/content/blogLoader.ts","statementMap":{"0":{"start":{"line":21,"column":52},"end":{"line":26,"column":null}},"1":{"start":{"line":22,"column":27},"end":{"line":22,"column":null}},"2":{"start":{"line":23,"column":18},"end":{"line":23,"column":null}},"3":{"start":{"line":24,"column":20},"end":{"line":24,"column":null}},"4":{"start":{"line":25,"column":4},"end":{"line":25,"column":null}},"5":{"start":{"line":29,"column":21},"end":{"line":36,"column":null}},"6":{"start":{"line":30,"column":4},"end":{"line":35,"column":null}},"7":{"start":{"line":39,"column":24},"end":{"line":58,"column":null}},"8":{"start":{"line":40,"column":4},"end":{"line":40,"column":null}},"9":{"start":{"line":40,"column":18},"end":{"line":40,"column":null}},"10":{"start":{"line":42,"column":32},"end":{"line":42,"column":null}},"11":{"start":{"line":43,"column":28},"end":{"line":43,"column":null}},"12":{"start":{"line":45,"column":4},"end":{"line":55,"column":null}},"13":{"start":{"line":46,"column":21},"end":{"line":46,"column":null}},"14":{"start":{"line":47,"column":8},"end":{"line":54,"column":null}},"15":{"start":{"line":48,"column":23},"end":{"line":48,"column":null}},"16":{"start":{"line":49,"column":12},"end":{"line":53,"column":null}},"17":{"start":{"line":57,"column":4},"end":{"line":57,"column":null}},"18":{"start":{"line":61,"column":43},"end":{"line":61,"column":null}},"19":{"start":{"line":63,"column":32},"end":{"line":146,"column":null}},"20":{"start":{"line":64,"column":4},"end":{"line":64,"column":null}},"21":{"start":{"line":64,"column":21},"end":{"line":64,"column":null}},"22":{"start":{"line":69,"column":32},"end":{"line":72,"column":null}},"23":{"start":{"line":75,"column":36},"end":{"line":75,"column":null}},"24":{"start":{"line":77,"column":4},"end":{"line":139,"column":null}},"25":{"start":{"line":78,"column":28},"end":{"line":78,"column":null}},"26":{"start":{"line":79,"column":25},"end":{"line":79,"column":null}},"27":{"start":{"line":82,"column":23},"end":{"line":82,"column":null}},"28":{"start":{"line":83,"column":20},"end":{"line":83,"column":null}},"29":{"start":{"line":86,"column":22},"end":{"line":86,"column":null}},"30":{"start":{"line":91,"column":28},"end":{"line":91,"column":null}},"31":{"start":{"line":92,"column":21},"end":{"line":92,"column":null}},"32":{"start":{"line":96,"column":24},"end":{"line":96,"column":null}},"33":{"start":{"line":99,"column":25},"end":{"line":99,"column":null}},"34":{"start":{"line":102,"column":8},"end":{"line":110,"column":null}},"35":{"start":{"line":103,"column":36},"end":{"line":103,"column":null}},"36":{"start":{"line":104,"column":12},"end":{"line":109,"column":null}},"37":{"start":{"line":105,"column":29},"end":{"line":105,"column":null}},"38":{"start":{"line":106,"column":16},"end":{"line":108,"column":null}},"39":{"start":{"line":107,"column":20},"end":{"line":107,"column":null}},"40":{"start":{"line":112,"column":24},"end":{"line":112,"column":null}},"41":{"start":{"line":115,"column":28},"end":{"line":115,"column":null}},"42":{"start":{"line":116,"column":25},"end":{"line":116,"column":null}},"43":{"start":{"line":119,"column":21},"end":{"line":119,"column":null}},"44":{"start":{"line":125,"column":25},"end":{"line":125,"column":null}},"45":{"start":{"line":127,"column":8},"end":{"line":138,"column":null}},"46":{"start":{"line":142,"column":4},"end":{"line":142,"column":null}},"47":{"start":{"line":142,"column":25},"end":{"line":142,"column":80}},"48":{"start":{"line":144,"column":4},"end":{"line":144,"column":null}},"49":{"start":{"line":145,"column":4},"end":{"line":145,"column":null}},"50":{"start":{"line":148,"column":33},"end":{"line":151,"column":null}},"51":{"start":{"line":149,"column":18},"end":{"line":149,"column":null}},"52":{"start":{"line":150,"column":4},"end":{"line":150,"column":null}},"53":{"start":{"line":150,"column":27},"end":{"line":150,"column":42}}},"fnMap":{"0":{"name":"(anonymous_0)","decl":{"start":{"line":21,"column":52},"end":{"line":21,"column":null}},"loc":{"start":{"line":21,"column":52},"end":{"line":26,"column":null}},"line":21},"1":{"name":"(anonymous_1)","decl":{"start":{"line":29,"column":21},"end":{"line":29,"column":22}},"loc":{"start":{"line":29,"column":47},"end":{"line":36,"column":null}},"line":29},"2":{"name":"(anonymous_2)","decl":{"start":{"line":39,"column":24},"end":{"line":39,"column":25}},"loc":{"start":{"line":39,"column":64},"end":{"line":58,"column":null}},"line":39},"3":{"name":"(anonymous_3)","decl":{"start":{"line":45,"column":28},"end":{"line":45,"column":29}},"loc":{"start":{"line":45,"column":43},"end":{"line":55,"column":5}},"line":45},"4":{"name":"(anonymous_4)","decl":{"start":{"line":63,"column":32},"end":{"line":63,"column":71}},"loc":{"start":{"line":63,"column":71},"end":{"line":146,"column":null}},"line":63},"5":{"name":"(anonymous_5)","decl":{"start":{"line":104,"column":36},"end":{"line":104,"column":37}},"loc":{"start":{"line":104,"column":51},"end":{"line":109,"column":13}},"line":104},"6":{"name":"(anonymous_6)","decl":{"start":{"line":142,"column":15},"end":{"line":142,"column":16}},"loc":{"start":{"line":142,"column":25},"end":{"line":142,"column":80}},"line":142},"7":{"name":"(anonymous_7)","decl":{"start":{"line":148,"column":33},"end":{"line":148,"column":40}},"loc":{"start":{"line":148,"column":89},"end":{"line":151,"column":null}},"line":148
[...]
,"/Users/yongjiexue/Documents/GitHub/co-Interview/frontend/src/pages/dashboard/PreviousVersionsPage.tsx": {"path":"/Users/yongjiexue/Documents/GitHub/co-Interview/frontend/src/pages/dashboard/PreviousVersionsPage.tsx","statementMap":{"0":{"start":{"line":11,"column":32},"end":{"line":23,"column":null}},"1":{"start":{"line":25,"column":39},"end":{"line":84,"column":null}},"2":{"start":{"line":26,"column":4},"end":{"line":82,"column":null}},"3":{"start":{"line":57,"column":20},"end":{"line":79,"column":null}}},"fnMap":{"0":{"name":"(anonymous_0)","decl":{"start":{"line":25,"column":39},"end":{"line":25,"column":45}},"loc":{"start":{"line":25,"column":45},"end":{"line":84,"column":null}},"line":25},"1":{"name":"(anonymous_1)","decl":{"start":{"line":56,"column":39},"end":{"line":56,"column":40}},"loc":{"start":{"line":57,"column":20},"end":{"line":79,"column":null}},"line":57}},"branchMap":{},"s":{"0":1,"1":1,"2":0,"3":0},"f":{"0":0,"1":0},"b":{},"meta":{"lastBranch":0,"lastFunction":2,"lastStatement":4,"seen":{"s:11:32:23:Infinity":0,"s:25:39:84:Infinity":1,"f:25:39:25:45":0,"s:26:4:82:Infinity":2,"f:56:39:56:40":1,"s:57:20:79:Infinity":3}}}
,"/Users/yongjiexue/Documents/GitHub/co-Interview/frontend/src/pages/dashboard/PricingPage.tsx": {"path":"/Users/yongjiexue/Documents/GitHub/co-Interview/frontend/src/pages/dashboard/PricingPage.tsx","statementMap":{"0":{"start":{"line":8,"column":17},"end":{"line":15,"column":null}},"1":{"start":{"line":17,"column":30},"end":{"line":146,"column":null}},"2":{"start":{"line":18,"column":17},"end":{"line":18,"column":null}},"3":{"start":{"line":19,"column":34},"end":{"line":19,"column":null}},"4":{"start":{"line":21,"column":4},"end":{"line":40,"column":null}},"5":{"start":{"line":22,"column":22},"end":{"line":37,"column":null}},"6":{"start":{"line":23,"column":12},"end":{"line":36,"column":null}},"7":{"start":{"line":24,"column":50},"end":{"line":24,"column":null}},"8":{"start":{"line":25,"column":16},"end":{"line":34,"column":null}},"9":{"start":{"line":26,"column":20},"end":{"line":26,"column":null}},"10":{"start":{"line":27,"column":16},"end":{"line":34,"column":null}},"11":{"start":{"line":28,"column":20},"end":{"line":28,"column":null}},"12":{"start":{"line":29,"column":20},"end":{"line":29,"column":null}},"13":{"start":{"line":30,"column":16},"end":{"line":34,"column":null}},"14":{"start":{"line":31,"column":20},"end":{"line":31,"column":null}},"15":{"start":{"line":32,"column":20},"end":{"line":32,"column":null}},"16":{"start":{"line":33,"column":20},"end":{"line":33,"column":null}},"17":{"start":{"line":35,"column":16},"end":{"line":35,"column":null}},"18":{"start":{"line":39,"column":8},"end":{"line":39,"column":null}},"19":{"start":{"line":39,"column":21},"end":{"line":39,"column":null}},"20":{"start":{"line":42,"column":38},"end":{"line":42,"column":null}},"21":{"start":{"line":44,"column":27},"end":{"line":57,"column":null}},"22":{"start":{"line":45,"column":8},"end":{"line":56,"column":null}},"23":{"start":{"line":46,"column":12},"end":{"line":46,"column":null}},"24":{"start":{"line":47,"column":24},"end":{"line":47,"column":null}},"25":{"start":{"line":48,"column":12},"end":{"line":50,"column":null}},"26":{"start":{"line":49,"column":16},"end":{"line":49,"column":null}},"27":{"start":{"line":52,"column":12},"end":{"line":52,"column":null}},"28":{"start":{"line":55,"column":12},"end":{"line":55,"column":null}},"29":{"start":{"line":59,"column":4},"end":{"line":144,"column":null}},"30":{"start":{"line":79,"column":39},"end":{"line":79,"column":null}},"31":{"start":{"line":93,"column":28},"end":{"line":96,"column":null}},"32":{"start":{"line":122,"column":39},"end":{"line":122,"column":null}},"33":{"start":{"line":136,"column":28},"end":{"line":139,"column":null}}},"fnMap":{"0":{"name":"(anonymous_0)","decl":{"start":{"line":17,"column":30},"end":{"line":17,"column":36}},"loc":{"start":{"line":17,"column":36},"end":{"line":146,"column":null}},"line":17},"1":{"name":"(anonymous_1)","decl":{"start":{"line":21,"column":14},"end":{"line":21,"column":20}},"loc":{"start":{"line":21,"column":20},"end":{"line":40,"column":7}},"line":21},"2":{"name":"(anonymous_2)","decl":{"start":{"line":22,"column":34},"end":{"line":22,"column":40}},"loc":{"start":{"line":22,"column":40},"end":{"line":37,"column":11}},"line":22},"3":{"name":"(anonymous_3)","decl":{"start":{"line":23,"column":25},"end":{"line":23,"column":33}},"loc":{"start":{"line":23,"column":33},"end":{"line":36,"column":13}},"line":23},"4":{"name":"(anonymous_4)","decl":{"start":{"line":39,"column":15},"end":{"line":39,"column":21}},"loc":{"start":{"line":39,"column":21},"end":{"line":39,"column":null}},"line":39},"5":{"name":"(anonymous_5)","decl":{"start":{"line":44,"column":27},"end":{"line":44,"column":34}},"loc":{"start":{"line":44,"column":53},"end":{"line":57,"column":null}},"line":44},"6":{"name":"(anonymous_6)","decl":{"start":{"line":79,"column":33},"end":{"line":79,"column":39}},"loc":{"start":{"line":79,"column":39},"end":{"line":79,"column":null}},"line":79},"7":{"name":"(anonymous_7)","decl":{"start":{"line":92,"column":38},"end":{"line":92,"column":39}},"loc":{"start":{"line":93,"column":28},"end":{"line":96,"column":null}},"line":93},"8":{"name":"(anonymous_8)","decl":{"start":{"line":122,"column":33},"end":{"line":122,"column":39}},"loc":{"start":{"line":122,"column":39},"end":{"line":122,"column":null}},"line":122},"9":{"name":"(anonymous_9)","decl":{"start":{"line":135,"column":38},"end":{"line":135,"column":39}},"loc":{"start":{"line":136,"column":28},"end":{"line":139,"column":null}},"line":136}},"branchMap":{"0":{"loc":{"start":{"line":25,"column":16},"end":{"line":34,"column":null}},"type":"if","locations":[{"start":{"line":25,"column":16},"end":{"line":34,"column":null}},{"start":{"line":27,"column":16},"end":{"line":34,"column":null}}],"line":25},"1":{"loc":{"start":{"line":27,"column":16},"end":{"line":34,"column":null}},"type":"if","locations":[{"start":{"line":27,"column":16},"end":{"line":34,"column":null}},{"start":{"line":30,"column":16},"end":{"line":34,"column":null}}],"line":27},"2":{"loc":{"start":{"line":30,"column":16},"end":{"line":34,"column":null}},"type":"if","locations":[{"start":{"line":30,"column":16},"end":{"line":34,"column":null}},{"start":{},"end":{}}],"line":30},"3":{"loc":{"start":{"line":48,"column":12},"end":{"line":50,"column":null}},"type":"if","locations":[{"start":{"line":48,"column":12},"end":{"line":50,"column":null}},{"start":{},"end":{}}],"line":48},"4":{"loc":{"start":{"line":83,"column":25},"end":{"line":83,"column":null}},"type":"cond-expr","locations":[{"start":{"line":83,"column":56},"end":{"line":83,"column":74}},{"start":{"line":83,"column":74},"end":{"line":83,"column":null}}],"line":83},"5":{"loc":{"start":{"line":126,"column":25},"end":{"line":126,"column":null}},"type":"cond-expr","locations":[{"start":{"line":126,"column":54},"end":{"line":126,"column":72}},{"start":{"line":126,"column":72},"end":{"line":126,"column":null}}],"line":126}},"s":{"0":1,"1":1,"2":0,"3":0,"4":0,"5":0,"6":0,"7":0,"8":0,"9":0,"10":0,"11":0,"12":0,"13":0,"14":0,"15":0,"16":0,"17":0,"18":0,"19":0,"20":0,"21":0,"22":0,"23":0,"24":0,"25":0,"26":0,"27":0,"28":0,"29":0,"30":0,"31":0,"32":0,"33":0},"f":{"0":0,"1":0,"2":0,"3":0,"4":0,"5":0,"6":0,"7":0,"8":0,"9":0},"b":{"0":[0,0],"1":[0,0],"2":[0,0],"3":[0,0],"4":[0,0],"5":[0,0]},"meta":{"lastBranch":6,"lastFunction":10,"lastStatement":34,"seen":{"s:8:17:15:Infinity":0,"s:17:30:146:Infinity":1,"f:17:30:17:36":0,"s:18:17:18:Infinity":2,"s:19:34:19:Infinity":3,"s:21:4:40:Infinity":4,"f:21:14:21:20":1,"s:22:22:37:Infinity":5,"f:22:34:22:40":2,"s:23:12:36:Infinity":6,"f:23:25:23:33":3,"s:24:50:24:Infinity":7,"b:25:16:34:Infinity:27:16:34:Infinity":0,"s:25:16:34:Infinity":8,"s:26:20:26:Infinity":9,"b:27:16:34:Infinity:30:16:34:Infinity":1,"s:27:16:34:Infinity":10,"s:28:20:28:Infinity":11,"s:29:20:29:Infinity":12,"b:30:16:34:Infinity:undefined:undefined:undefined:undefined":2,"s:30:16:34:Infinity":13,"s:31:20:31:Infinity":14,"s:32:20:32:Infinity":15,"s:33:20:33:Infinity":16,"s:35:16:35:Infinity":17,"s:39:8:39:Infinity":18,"f:39:15:39:21":4,"s:39:21:39:Infinity":19,"s:42:38:42:Infinity":20,"s:44:27:57:Infinity":21,"f:44:27:44:34":5,"s:45:8:56:Infinity":22,"s:46:12:46:Infinity":23,"s:47:24:47:Infinity":24,"b:48:12:50:Infinity:undefined:undefined:undefined:undefined":3,"s:48:12:50:Infinity":25,"s:49:16:49:Infinity":26,"s:52:12:52:Infinity":27,"s:55:12:55:Infinity":28,"s:59:4:144:Infinity":29,"f:79:33:79:39":6,"s:79:39:79:Infinity":30,"b:83:56:83:74:83:74:83:Infinity":4,"f:92:38:92:39":7,"s:93:28:96:Infinity":31,"f:122:33:122:39":8,"s:122:39:122:Infinity":32,"b:126:54:126:72:126:72:126:Infinity":5,"f:135:38:135:39":9,"s:136:28:139:Infinity":33}}}
,"/Users/yongjiexue/Documents/GitHub/co-Interview/frontend/src/pages/dashboard/ProfilePage.tsx": {"path":"/Users/yongjiexue/Documents/GitHub/co-Interview/frontend/src/pages/dashboard/ProfilePage.tsx","statementMap":{"0":{"start":{"line":10,"column":30},"end":{"line":112,"column":null}},"1":{"start":{"line":11,"column":17},"end":{"line":11,"column":null}},"2":{"start":{"line":12,"column":10},"end":{"line":12,"column":null}},"3":{"start":{"line":13,"column":34},"end":{"line":13,"column":null}},"4":{"start":{"line":15,"column":21},"end":{"line":15,"column":null}},"5":{"start":{"line":16,"column":22},"end":{"line":16,"column":null}},"6":{"start":{"line":17,"column":21},"end":{"line":17,"column":null}},"7":{"start":{"line":19,"column":25},"end":{"line":26,"column":null}},"8":{"start":{"line":20,"column":8},"end":{"line":25,"column":null}},"9":{"start":{"line":21,"column":12},"end":{"line":21,"column":null}},"10":{"start":{"line":22,"column":12},"end":{"line":22,"column":null}},"11":{"start":{"line":24,"column":12},"end":{"line":24,"column":null}},"12":{"start":{"line":28,"column":4},"end":{"line":110,"column":null}},"13":{"start":{"line":35,"column":35},"end":{"line":35,"column":null}},"14":{"start":{"line":43,"column":35},"end":{"line":43,"column":null}},"15":{"start":{"line":51,"column":35},"end":{"line":51,"column":null}}},"fnMap":{"0":{"name":"(anonymous_0)","decl":{"start":{"line":10,"column":30},"end":{"line":10,"column":36}},"loc":{"start":{"line":10,"column":36},"end":{"line":112,"column":null}},"line":10},"1":{"name":"(anonymous_1)","decl":{"start":{"line":19,"column":25},"end":{"line":19,"column":37}},"loc":{"start":{"line":19,"column":37},"end":{"line":26,"column":null}},"line":19},"2":{"name":"(anonymous_2)","decl":{"start":{"line":35,"column":29},"end":{"line":35,"column":35}},"loc":{"start":{"line":35,"column":35},"end":{"line":35,"column":null}},"line":35},"3":{"name":"(anonymous_3)","decl":{"start":{"line":43,"column":29},"end":{"line":43,"column":35}},"loc":{"start":{"line":43,"column":35},"end":{"line":43,"column":null}},"line":43},"4":{"name":"(anonymous_4)","decl":{"start":{"line":51,"column":29},"end":{"line":51,"column":35}},"loc":{"start":{"line":51,"column":35},"end":{"line":51,"column":null}},"line":51}},"branchMap":{"0":{"loc":{"start":{"line":15,"column":21},"end":{"line":15,"column":null}},"type":"binary-expr","locations":[{"start":{"line":15,"column":21},"end":{"line":15,"column":42}},{"start":{"line":15,"column":42},"end":{"line":15,"column":72}},{"start":{"line":15,"column":72},"end":{"line":15,"column":null}}],"line":15},"1":{"loc":{"start":{"line":16,"column":22},"end":{"line":16,"column":null}},"type":"binary-expr","locations":[{"start":{"line":16,"column":22},"end":{"line":16,"column":37}},{"start":{"line":16,"column":37},"end":{"line":16,"column":null}}],"line":16},"2":{"loc":{"start":{"line":37,"column":24},"end":{"line":37,"column":null}},"type":"cond-expr","locations":[{"start":{"line":37,"column":50},"end":{"line":37,"column":89}},{"start":{"line":37,"column":89},"end":{"line":37,"column":null}}],"line":37},"3":{"loc":{"start":{"line":45,"column":24},"end":{"line":45,"column":null}},"type":"cond-expr","locations":[{"start":{"line":45,"column":50},"end":{"line":45,"column":89}},{"start":{"line":45,"column":89},"end":{"line":45,"column":null}}],"line":45},"4":{"loc":{"start":{"line":53,"column":24},"end":{"line":53,"column":null}},"type":"cond-expr","locations":[{"start":{"line":53,"column":52},"end":{"line":53,"column":91}},{"start":{"line":53,"column":91},"end":{"line":53,"column":null}}],"line":53},"5":{"loc":{"start":{"line":60,"column":13},"end":{"line":96,"column":null}},"type":"binary-expr","locations":[{"start":{"line":60,"column":13},"end":{"line":60,"column":null}},{"start":{"line":61,"column":16},"end":{"line":96,"column":null}}],"line":60},"6":{"loc":{"start":{"line":99,"column":13},"end":{"line":102,"column":null}},"type":"binary-expr","locations":[{"start":{"line":99,"column":13},"end":{"line":99,"column":null}},{"start":{"line":100,"column":16},"end":{"line":102,"column":null}}],"line":99},"7":{"loc":{"start":{"line":105,"column":13},"end":{"line":108,"column":null}},"type":"binary-expr","locations":[{"start":{"line":105,"column":13},"end":{"line":105,"column":null}},{"start":{"line":106,"column":16},"end":{"line":108,"column":null}}],"line":105}},"s":{"0":1,"1":0,"2":0,"3":0,"4":0,"5":0,"6":0,"7":0,"8":0,"9":0,"10":0,"11":0,"12":0,"13":0,"14":0,"15":0},"f":{"0":0,"1":0,"2":0,"3":0,"4":0},"b":{"0":[0,0,0],"1":[0,0],"2":[0,0],"3":[0,0],"4":[0,0],"5":[0,0],"6":[0,0],"7":[0,0]},"meta":{"lastBranch":8,"lastFunction":5,"lastStatement":16,"seen":{"s:10:30:112:Infinity":0,"f:10:30:10:36":0,"s:11:17:11:Infinity":1,"s:12:10:12:Infinity":2,"s:13:34:13:Infinity":3,"s:15:21:15:Infinity":4,"b:15:21:15:42:15:42:15:72:15:72:15:Infinity":0,"s:16:22:16:Infinity":5,"b:16:22:16:37:16:37:16:Infinity":1,"s:17:21:17:Infinity":6,"s:19:25:26:Infinity":7,"f:19:25:19:37":1,"s:20:8:25:Infinity":8,"s:21:12:21:Infinity":9,"s:22:12:22:Infinity":10,"s:24:12:24:Infinity":11,"s:28:4:110:Infinity":12,"f:35:29:35:35":2,"s:35:35:35:Infinity":13,"b:37:50:37:89:37:89:37:Infinity":2,"f:43:29:43:35":3,"s:43:35:43:Infinity":14,"b:45:50:45:89:45:89:45:Infinity":3,"f:51:29:51:35":4,"s:51:35:51:Infinity":15,"b:53:52:53:91:53:91:53:Infinity":4,"b:60:13:60:Infinity:61:16:96:Infinity":5,"b:99:13:99:Infinity:100:16:102:Infinity":6,"b:105:13:105:Infinity:106:16:108:Infinity":7}}}
,"/Users/yongjiexue/Documents/GitHub/co-Interview/frontend/src/pages/policies/PrivacyPage.tsx": {"path":"/Users/yongjiexue/Documents/GitHub/co-Interview/frontend/src/pages/policies/PrivacyPage.tsx","statementMap":{"0":{"start":{"line":4,"column":30},"end":{"line":145,"column":null}},"1":{"start":{"line":5,"column":4},"end":{"line":143,"column":null}}},"fnMap":{"0":{"name":"(anonymous_0)","decl":{"start":{"line":4,"column":30},"end":{"line":4,"column":36}},"loc":{"start":{"line":4,"column":36},"end":{"line":145,"column":null}},"line":4}},"branchMap":{},"s":{"0":1,"1":0},"f":{"0":0},"b":{},"meta":{"lastBranch":0,"lastFunction":1,"lastStatement":2,"seen":{"s:4:30:145:Infinity":0,"f:4:30:4:36":0,"s:5:4:143:Infinity":1}}}
,"/Users/yongjiexue/Documents/GitHub/co-Interview/frontend/src/pages/policies/RefundPage.tsx": {"path":"/Users/yongjiexue/Documents/GitHub/co-Interview/frontend/src/pages/policies/RefundPage.tsx","statementMap":{"0":{"start":{"line":4,"column":29},"end":{"line":178,"column":null}},"1":{"start":{"line":5,"column":4},"end":{"line":176,"column":null}}},"fnMap":{"0":{"name":"(anonymous_0)","decl":{"start":{"line":4,"column":29},"end":{"line":4,"column":35}},"loc":{"start":{"line":4,"column":35},"end":{"line":178,"column":null}},"line":4}},"branchMap":{},"s":{"0":1,"1":0},"f":{"0":0},"b":{},"meta":{"lastBranch":0,"lastFunction":1,"lastStatement":2,"seen":{"s:4:29:178:Infinity":0,"f:4:29:4:35":0,"s:5:4:176:Infinity":1}}}
,"/Users/yongjiexue/Documents/GitHub/co-Interview/frontend/src/pages/policies/TermsPage.tsx": {"path":"/Users/yongjiexue/Documents/GitHub/co-Interview/frontend/src/pages/policies/TermsPage.tsx","statementMap":{"0":{"start":{"line":4,"column":28},"end":{"line":270,"column":null}},"1":{"start":{"line":5,"column":4},"end":{"line":268,"column":null}}},"fnMap":{"0":{"name":"(anonymous_0)","decl":{"start":{"line":4,"column":28},"end":{"line":4,"column":34}},"loc":{"start":{"line":4,"column":34},"end":{"line":270,"column":null}},"line":4}},"branchMap":{},"s":{"0":1,"1":0},"f":{"0":0},"b":{},"meta":{"lastBranch":0,"lastFunction":1,"lastStatement":2,"seen":{"s:4:28:270:Infinity":0,"f:4:28:4:34":0,"s:5:4:268:Infinity":1}}}
,"/Users/yongjiexue/Documents/GitHub/co-Interview/frontend/src/utils/schemaGenerator.ts": {"path":"/Users/yongjiexue/Documents/GitHub/co-Interview/frontend/src/utils/schemaGenerator.ts","statementMap":{"0":{"start":{"line":4,"column":42},"end":{"line":11,"column":null}},"1":{"start":{"line":4,"column":49},"end":{"line":11,"column":null}},"2":{"start":{"line":13,"column":37},"end":{"line":23,"column":null}},"3":{"start":{"line":13,"column":44},"end":{"line":23,"column":null}},"4":{"start":{"line":25,"column":37},"end":{"line":49,"column":null}},"5":{"start":{"line":27,"column":19},"end":{"line":27,"column":null}},"6":{"start":{"line":27,"column":36},"end":{"line":27,"column":43}},"7":{"start":{"line":28,"column":21},"end":{"line":28,"column":null}},"8":{"start":{"line":29,"column":22},"end":{"line":29,"column":null}},"9":{"start":{"line":31,"column":4},"end":{"line":48,"column":null}},"10":{"start":{"line":51,"column":33},"end":{"line":62,"column":null}},"11":{"start":{"line":51,"column":55},"end":{"line":62,"column":null}},"12":{"start":{"line":54,"column":33},"end":{"line":61,"column":6}}},"fnMap":{"0":{"name":"(anonymous_0)","decl":{"start":{"line":4,"column":42},"end":{"line":4,"column":49}},"loc":{"start":{"line":4,"column":49},"end":{"line":11,"column":null}},"line":4},"1":{"name":"(anonymous_1)","decl":{"start":{"line":13,"column":37},"end":{"line":13,"column":44}},"loc":{"start":{"line":13,"column":44},"end":{"line":23,"column":null}},"line":13},"2":{"name":"(anonymous_2)","decl":{"start":{"line":25,"column":37},"end":{"line":25,"column":38}},"loc":{"start":{"line":25,"column":65},"end":{"line":49,"column":null}},"line":25},"3":{"name":"(anonymous_3)","decl":{"start":{"line":27,"column":31},"end":{"line":27,"column":36}},"loc":{"start":{"line":27,"column":36},"end":{"line":27,"column":43}},"line":27},"4":{"name":"(anonymous_4)","decl":{"start":{"line":51,"column":33},"end":{"line":51,"column":34}},"loc":{"start":{"line":51,"column":55},"end":{"line":62,"column":null}},"line":51},"5":{"name":"(anonymous_5)","decl":{"start":{"line":54,"column":25},"end":{"line":54,"column":33}},"loc":{"start":{"line":54,"column":33},"end":{"line":61,"column":6}},"line":54}},"branchMap":{},"s":{"0":1,"1":1,"2":1,"3":1,"4":1,"5":1,"6":3,"7":1,"8":1,"9":1,"10":1,"11":1,"12":7},"f":{"0":1,"1":1,"2":1,"3":3,"4":1,"5":7},"b":{},"meta":{"lastBranch":0,"lastFunction":6,"lastStatement":13,"seen":{"s:4:42:11:Infinity":0,"f:4:42:4:49":0,"s:4:49:11:Infinity":1,"s:13:37:23:Infinity":2,"f:13:37:13:44":1,"s:13:44:23:Infinity":3,"s:25:37:49:Infinity":4,"f:25:37:25:38":2,"s:27:19:27:Infinity":5,"f:27:31:27:36":3,"s:27:36:27:43":6,"s:28:21:28:Infinity":7,"s:29:22:29:Infinity":8,"s:31:4:48:Infinity":9,"s:51:33:62:Infinity":10,"f:51:33:51:34":4,"s:51:55:62:Infinity":11,"f:54:25:54:33":5,"s:54:33:61:6":12}}}
}
