{"/Users/yongjiexue/Documents/GitHub/co-Interview/backend/src/index.js": {"path":"/Users/yongjiexue/Documents/GitHub/co-Interview/backend/src/index.js","statementMap":{"0":{"start":{"line":1,"column":0},"end":{"line":1,"column":27}},"1":{"start":{"line":3,"column":16},"end":{"line":3,"column":34}},"2":{"start":{"line":4,"column":13},"end":{"line":4,"column":28}},"3":{"start":{"line":5,"column":15},"end":{"line":5,"column":32}},"4":{"start":{"line":7,"column":21},"end":{"line":7,"column":57}},"5":{"start":{"line":10,"column":21},"end":{"line":10,"column":47}},"6":{"start":{"line":11,"column":19},"end":{"line":11,"column":43}},"7":{"start":{"line":12,"column":22},"end":{"line":12,"column":49}},"8":{"start":{"line":13,"column":20},"end":{"line":13,"column":45}},"9":{"start":{"line":14,"column":22},"end":{"line":14,"column":49}},"10":{"start":{"line":15,"column":22},"end":{"line":15,"column":50}},"11":{"start":{"line":16,"column":20},"end":{"line":16,"column":45}},"12":{"start":{"line":18,"column":12},"end":{"line":18,"column":21}},"13":{"start":{"line":19,"column":13},"end":{"line":19,"column":37}},"14":{"start":{"line":22,"column":0},"end":{"line":22,"column":18}},"15":{"start":{"line":25,"column":0},"end":{"line":30,"column":2}},"16":{"start":{"line":33,"column":0},"end":{"line":33,"column":68}},"17":{"start":{"line":34,"column":0},"end":{"line":34,"column":24}},"18":{"start":{"line":37,"column":0},"end":{"line":37,"column":37}},"19":{"start":{"line":38,"column":0},"end":{"line":38,"column":36}},"20":{"start":{"line":39,"column":0},"end":{"line":39,"column":43}},"21":{"start":{"line":40,"column":0},"end":{"line":40,"column":38}},"22":{"start":{"line":41,"column":0},"end":{"line":41,"column":42}},"23":{"start":{"line":42,"column":0},"end":{"line":42,"column":38}},"24":{"start":{"line":43,"column":0},"end":{"line":43,"column":40}},"25":{"start":{"line":46,"column":0},"end":{"line":46,"column":33}},"26":{"start":{"line":47,"column":0},"end":{"line":47,"column":32}},"27":{"start":{"line":48,"column":0},"end":{"line":48,"column":39}},"28":{"start":{"line":49,"column":0},"end":{"line":49,"column":34}},"29":{"start":{"line":50,"column":0},"end":{"line":50,"column":38}},"30":{"start":{"line":51,"column":0},"end":{"line":51,"column":36}},"31":{"start":{"line":54,"column":0},"end":{"line":54,"column":22}},"32":{"start":{"line":57,"column":0},"end":{"line":63,"column":1}},"33":{"start":{"line":58,"column":4},"end":{"line":62,"column":7}},"34":{"start":{"line":59,"column":8},"end":{"line":59,"column":71}},"35":{"start":{"line":60,"column":8},"end":{"line":60,"column":80}},"36":{"start":{"line":61,"column":8},"end":{"line":61,"column":64}},"37":{"start":{"line":65,"column":0},"end":{"line":65,"column":21}}},"fnMap":{"0":{"name":"(anonymous_0)","decl":{"start":{"line":58,"column":21},"end":{"line":58,"column":22}},"loc":{"start":{"line":58,"column":27},"end":{"line":62,"column":5}},"line":58}},"branchMap":{"0":{"loc":{"start":{"line":19,"column":13},"end":{"line":19,"column":37}},"type":"binary-expr","locations":[{"start":{"line":19,"column":13},"end":{"line":19,"column":29}},{"start":{"line":19,"column":33},"end":{"line":19,"column":37}}],"line":19},"1":{"loc":{"start":{"line":27,"column":77},"end":{"line":27,"column":128}},"type":"binary-expr","locations":[{"start":{"line":27,"column":77},"end":{"line":27,"column":101}},{"start":{"line":27,"column":105},"end":{"line":27,"column":128}}],"line":27},"2":{"loc":{"start":{"line":57,"column":0},"end":{"line":63,"column":1}},"type":"if","locations":[{"start":{"line":57,"column":0},"end":{"line":63,"column":1}},{"start":{},"end":{}}],"line":57},"3":{"loc":{"start":{"line":57,"column":4},"end":{"line":57,"column":62}},"type":"binary-expr","locations":[{"start":{"line":57,"column":4},"end":{"line":57,"column":27}},{"start":{"line":57,"column":31},"end":{"line":57,"column":62}}],"line":57},"4":{"loc":{"start":{"line":60,"column":39},"end":{"line":60,"column":76}},"type":"binary-expr","locations":[{"start":{"line":60,"column":39},"end":{"line":60,"column":59}},{"start":{"line":60,"column":63},"end":{"line":60,"column":76}}],"line":60}},"s":{"0":4,"1":4,"2":4,"3":4,"4":4,"5":4,"6":4,"7":4,"8":4,"9":4,"10":4,"11":4,"12":4,"13":4,"14":4,"15":4,"16":4,"17":4,"18":4,"19":4,"20":4,"21":4,"22":4,"23":4,"24":4,"25":4,"26":4,"27":4,"28":4,"29":4,"30":4,"31":4,"32":4,"33":0,"34":0,"35":0,"36":0,"37":4},"f":{"0":0},"b":{"0":[4,0],"1":[4,0],"2":[0,4],"3":[4,0],"4":[0,0]},"_coverageSchema":"1a1c01bbd47fc00a2c39e90264f33305004495a9","hash":"b1053a450bf2049eb70c8f6f6aa1c85472029565"}
,"/Users/yongjiexue/Documents/GitHub/co-Interview/backend/src/config/firebase.js": {"path":"/Users/yongjiexue/Documents/GitHub/co-Interview/backend/src/config/firebase.js","statementMap":{"0":{"start":{"line":1,"column":14},"end":{"line":1,"column":39}},"1":{"start":{"line":6,"column":0},"end":{"line":11,"column":1}},"2":{"start":{"line":7,"column":4},"end":{"line":10,"column":7}},"3":{"start":{"line":13,"column":11},"end":{"line":13,"column":28}},"4":{"start":{"line":14,"column":13},"end":{"line":14,"column":25}},"5":{"start":{"line":16,"column":0},"end":{"line":16,"column":37}}},"fnMap":{},"branchMap":{"0":{"loc":{"start":{"line":6,"column":0},"end":{"line":11,"column":1}},"type":"if","locations":[{"start":{"line":6,"column":0},"end":{"line":11,"column":1}},{"start":{},"end":{}}],"line":6}},"s":{"0":5,"1":5,"2":5,"3":5,"4":5,"5":5},"f":{},"b":{"0":[5,0]},"_coverageSchema":"1a1c01bbd47fc00a2c39e90264f33305004495a9","hash":"e18114bf45dd3734831aa435b84f989536f8ae35"}
,"/Users/yongjiexue/Documents/GitHub/co-Interview/backend/src/config/redis.js": {"path":"/Users/yongjiexue/Documents/GitHub/co-Interview/backend/src/config/redis.js","statementMap":{"0":{"start":{"line":1,"column":14},"end":{"line":1,"column":32}},"1":{"start":{"line":3,"column":12},"end":{"line":3,"column":16}},"2":{"start":{"line":6,"column":0},"end":{"line":19,"column":1}},"3":{"start":{"line":7,"column":4},"end":{"line":10,"column":7}},"4":{"start":{"line":12,"column":4},"end":{"line":14,"column":7}},"5":{"start":{"line":13,"column":8},"end":{"line":13,"column":54}},"6":{"start":{"line":16,"column":4},"end":{"line":18,"column":7}},"7":{"start":{"line":17,"column":8},"end":{"line":17,"column":41}},"8":{"start":{"line":22,"column":20},"end":{"line":60,"column":1}},"9":{"start":{"line":28,"column":8},"end":{"line":28,"column":32}},"10":{"start":{"line":28,"column":20},"end":{"line":28,"column":32}},"11":{"start":{"line":30,"column":24},"end":{"line":30,"column":45}},"12":{"start":{"line":31,"column":8},"end":{"line":33,"column":9}},"13":{"start":{"line":32,"column":12},"end":{"line":32,"column":51}},"14":{"start":{"line":34,"column":8},"end":{"line":34,"column":32}},"15":{"start":{"line":41,"column":8},"end":{"line":41,"column":32}},"16":{"start":{"line":41,"column":20},"end":{"line":41,"column":32}},"17":{"start":{"line":42,"column":8},"end":{"line":42,"column":51}},"18":{"start":{"line":49,"column":8},"end":{"line":49,"column":32}},"19":{"start":{"line":49,"column":20},"end":{"line":49,"column":32}},"20":{"start":{"line":50,"column":8},"end":{"line":50,"column":30}},"21":{"start":{"line":57,"column":8},"end":{"line":57,"column":27}},"22":{"start":{"line":57,"column":20},"end":{"line":57,"column":27}},"23":{"start":{"line":58,"column":8},"end":{"line":58,"column":30}},"24":{"start":{"line":62,"column":0},"end":{"line":62,"column":40}}},"fnMap":{"0":{"name":"(anonymous_0)","decl":{"start":{"line":12,"column":22},"end":{"line":12,"column":23}},"loc":{"start":{"line":12,"column":29},"end":{"line":14,"column":5}},"line":12},"1":{"name":"(anonymous_1)","decl":{"start":{"line":16,"column":24},"end":{"line":16,"column":25}},"loc":{"start":{"line":16,"column":30},"end":{"line":18,"column":5}},"line":16},"2":{"name":"(anonymous_2)","decl":{"start":{"line":27,"column":4},"end":{"line":27,"column":5}},"loc":{"start":{"line":27,"column":48},"end":{"line":35,"column":5}},"line":27},"3":{"name":"(anonymous_3)","decl":{"start":{"line":40,"column":4},"end":{"line":40,"column":5}},"loc":{"start":{"line":40,"column":42},"end":{"line":43,"column":5}},"line":40},"4":{"name":"(anonymous_4)","decl":{"start":{"line":48,"column":4},"end":{"line":48,"column":5}},"loc":{"start":{"line":48,"column":23},"end":{"line":51,"column":5}},"line":48},"5":{"name":"(anonymous_5)","decl":{"start":{"line":56,"column":4},"end":{"line":56,"column":5}},"loc":{"start":{"line":56,"column":26},"end":{"line":59,"column":5}},"line":56}},"branchMap":{"0":{"loc":{"start":{"line":6,"column":0},"end":{"line":19,"column":1}},"type":"if","locations":[{"start":{"line":6,"column":0},"end":{"line":19,"column":1}},{"start":{},"end":{}}],"line":6},"1":{"loc":{"start":{"line":28,"column":8},"end":{"line":28,"column":32}},"type":"if","locations":[{"start":{"line":28,"column":8},"end":{"line":28,"column":32}},{"start":{},"end":{}}],"line":28},"2":{"loc":{"start":{"line":31,"column":8},"end":{"line":33,"column":9}},"type":"if","locations":[{"start":{"line":31,"column":8},"end":{"line":33,"column":9}},{"start":{},"end":{}}],"line":31},"3":{"loc":{"start":{"line":41,"column":8},"end":{"line":41,"column":32}},"type":"if","locations":[{"start":{"line":41,"column":8},"end":{"line":41,"column":32}},{"start":{},"end":{}}],"line":41},"4":{"loc":{"start":{"line":49,"column":8},"end":{"line":49,"column":32}},"type":"if","locations":[{"start":{"line":49,"column":8},"end":{"line":49,"column":32}},{"start":{},"end":{}}],"line":49},"5":{"loc":{"start":{"line":57,"column":8},"end":{"line":57,"column":27}},"type":"if","locations":[{"start":{"line":57,"column":8},"end":{"line":57,"column":27}},{"start":{},"end":{}}],"line":57}},"s":{"0":3,"1":3,"2":3,"3":0,"4":0,"5":0,"6":0,"7":0,"8":3,"9":0,"10":0,"11":0,"12":0,"13":0,"14":0,"15":0,"16":0,"17":0,"18":0,"19":0,"20":0,"21":0,"22":0,"23":0,"24":3},"f":{"0":0,"1":0,"2":0,"3":0,"4":0,"5":0},"b":{"0":[0,3],"1":[0,0],"2":[0,0],"3":[0,0],"4":[0,0],"5":[0,0]},"_coverageSchema":"1a1c01bbd47fc00a2c39e90264f33305004495a9","hash":"caa59e67e65ab1b46714b6eafdd2073515404973"}
,"/Users/yongjiexue/Documents/GitHub/co-Interview/backend/src/config/stripe.js": {"path":"/Users/yongjiexue/Documents/GitHub/co-Interview/backend/src/config/stripe.js","statementMap":{"0":{"start":{"line":1,"column":15},"end":{"line":1,"column":32}},"1":{"start":{"line":3,"column":15},"end":{"line":5,"column":2}},"2":{"start":{"line":8,"column":15},"end":{"line":11,"column":1}},"3":{"start":{"line":14,"column":14},"end":{"line":44,"column":1}},"4":{"start":{"line":46,"column":0},"end":{"line":46,"column":43}}},"fnMap":{},"branchMap":{},"s":{"0":3,"1":3,"2":3,"3":3,"4":3},"f":{},"b":{},"_coverageSchema":"1a1c01bbd47fc00a2c39e90264f33305004495a9","hash":"85830e7462b89eb78737b78d219dec6e2d9c0b2e"}
,"/Users/yongjiexue/Documents/GitHub/co-Interview/backend/src/middleware/admin.js": {"path":"/Users/yongjiexue/Documents/GitHub/co-Interview/backend/src/middleware/admin.js","statementMap":{"0":{"start":{"line":1,"column":21},"end":{"line":1,"column":50}},"1":{"start":{"line":4,"column":21},"end":{"line":4,"column":73}},"2":{"start":{"line":11,"column":4},"end":{"line":38,"column":5}},"3":{"start":{"line":12,"column":8},"end":{"line":14,"column":9}},"4":{"start":{"line":13,"column":12},"end":{"line":13,"column":102}},"5":{"start":{"line":16,"column":31},"end":{"line":16,"column":39}},"6":{"start":{"line":19,"column":8},"end":{"line":22,"column":9}},"7":{"start":{"line":20,"column":12},"end":{"line":20,"column":36}},"8":{"start":{"line":21,"column":12},"end":{"line":21,"column":26}},"9":{"start":{"line":25,"column":24},"end":{"line":25,"column":67}},"10":{"start":{"line":26,"column":8},"end":{"line":29,"column":9}},"11":{"start":{"line":27,"column":12},"end":{"line":27,"column":36}},"12":{"start":{"line":28,"column":12},"end":{"line":28,"column":26}},"13":{"start":{"line":32,"column":8},"end":{"line":32,"column":101}},"14":{"start":{"line":33,"column":8},"end":{"line":33,"column":114}},"15":{"start":{"line":36,"column":8},"end":{"line":36,"column":56}},"16":{"start":{"line":37,"column":8},"end":{"line":37,"column":114}},"17":{"start":{"line":41,"column":0},"end":{"line":41,"column":33}}},"fnMap":{"0":{"name":"adminMiddleware","decl":{"start":{"line":10,"column":15},"end":{"line":10,"column":30}},"loc":{"start":{"line":10,"column":47},"end":{"line":39,"column":1}},"line":10}},"branchMap":{"0":{"loc":{"start":{"line":12,"column":8},"end":{"line":14,"column":9}},"type":"if","locations":[{"start":{"line":12,"column":8},"end":{"line":14,"column":9}},{"start":{},"end":{}}],"line":12},"1":{"loc":{"start":{"line":19,"column":8},"end":{"line":22,"column":9}},"type":"if","locations":[{"start":{"line":19,"column":8},"end":{"line":22,"column":9}},{"start":{},"end":{}}],"line":19},"2":{"loc":{"start":{"line":26,"column":8},"end":{"line":29,"column":9}},"type":"if","locations":[{"start":{"line":26,"column":8},"end":{"line":29,"column":9}},{"start":{},"end":{}}],"line":26},"3":{"loc":{"start":{"line":26,"column":12},"end":{"line":26,"column":61}},"type":"binary-expr","locations":[{"start":{"line":26,"column":12},"end":{"line":26,"column":26}},{"start":{"line":26,"column":30},"end":{"line":26,"column":61}}],"line":26}},"s":{"0":5,"1":5,"2":6,"3":6,"4":1,"5":5,"6":5,"7":1,"8":1,"9":4,"10":3,"11":1,"12":1,"13":2,"14":2,"15":1,"16":1,"17":5},"f":{"0":6},"b":{"0":[1,5],"1":[1,4],"2":[1,2],"3":[3,2]},"_coverageSchema":"1a1c01bbd47fc00a2c39e90264f33305004495a9","hash":"bfb129a11d1e6c338c4a29935ba086bda8bae9d0"}
,"/Users/yongjiexue/Documents/GitHub/co-Interview/backend/src/middleware/auth.js": {"path":"/Users/yongjiexue/Documents/GitHub/co-Interview/backend/src/middleware/auth.js","statementMap":{"0":{"start":{"line":1,"column":17},"end":{"line":1,"column":46}},"1":{"start":{"line":8,"column":23},"end":{"line":8,"column":48}},"2":{"start":{"line":10,"column":4},"end":{"line":15,"column":5}},"3":{"start":{"line":11,"column":8},"end":{"line":14,"column":11}},"4":{"start":{"line":17,"column":20},"end":{"line":17,"column":50}},"5":{"start":{"line":19,"column":4},"end":{"line":33,"column":5}},"6":{"start":{"line":20,"column":29},"end":{"line":20,"column":62}},"7":{"start":{"line":21,"column":8},"end":{"line":25,"column":10}},"8":{"start":{"line":26,"column":8},"end":{"line":26,"column":15}},"9":{"start":{"line":28,"column":8},"end":{"line":28,"column":66}},"10":{"start":{"line":29,"column":8},"end":{"line":32,"column":11}},"11":{"start":{"line":36,"column":0},"end":{"line":36,"column":32}}},"fnMap":{"0":{"name":"authMiddleware","decl":{"start":{"line":7,"column":15},"end":{"line":7,"column":29}},"loc":{"start":{"line":7,"column":46},"end":{"line":34,"column":1}},"line":7}},"branchMap":{"0":{"loc":{"start":{"line":10,"column":4},"end":{"line":15,"column":5}},"type":"if","locations":[{"start":{"line":10,"column":4},"end":{"line":15,"column":5}},{"start":{},"end":{}}],"line":10},"1":{"loc":{"start":{"line":10,"column":8},"end":{"line":10,"column":56}},"type":"binary-expr","locations":[{"start":{"line":10,"column":8},"end":{"line":10,"column":19}},{"start":{"line":10,"column":23},"end":{"line":10,"column":56}}],"line":10}},"s":{"0":6,"1":21,"2":21,"3":4,"4":17,"5":17,"6":17,"7":14,"8":14,"9":3,"10":3,"11":6},"f":{"0":21},"b":{"0":[4,17],"1":[21,18]},"_coverageSchema":"1a1c01bbd47fc00a2c39e90264f33305004495a9","hash":"fda993707ae4a8b17598e501950696b815e4fcda"}
,"/Users/yongjiexue/Documents/GitHub/co-Interview/backend/src/middleware/errorHandler.js": {"path":"/Users/yongjiexue/Documents/GitHub/co-Interview/backend/src/middleware/errorHandler.js","statementMap":{"0":{"start":{"line":5,"column":4},"end":{"line":5,"column":33}},"1":{"start":{"line":8,"column":4},"end":{"line":13,"column":5}},"2":{"start":{"line":9,"column":8},"end":{"line":12,"column":11}},"3":{"start":{"line":16,"column":4},"end":{"line":21,"column":5}},"4":{"start":{"line":17,"column":8},"end":{"line":20,"column":11}},"5":{"start":{"line":24,"column":4},"end":{"line":29,"column":5}},"6":{"start":{"line":25,"column":8},"end":{"line":28,"column":11}},"7":{"start":{"line":32,"column":4},"end":{"line":35,"column":7}},"8":{"start":{"line":41,"column":8},"end":{"line":41,"column":23}},"9":{"start":{"line":42,"column":8},"end":{"line":42,"column":37}},"10":{"start":{"line":43,"column":8},"end":{"line":43,"column":31}},"11":{"start":{"line":49,"column":8},"end":{"line":49,"column":28}},"12":{"start":{"line":50,"column":8},"end":{"line":50,"column":38}},"13":{"start":{"line":56,"column":8},"end":{"line":56,"column":28}},"14":{"start":{"line":57,"column":8},"end":{"line":57,"column":32}},"15":{"start":{"line":63,"column":8},"end":{"line":63,"column":28}},"16":{"start":{"line":64,"column":8},"end":{"line":64,"column":36}},"17":{"start":{"line":70,"column":8},"end":{"line":70,"column":28}},"18":{"start":{"line":71,"column":8},"end":{"line":71,"column":39}},"19":{"start":{"line":75,"column":0},"end":{"line":75,"column":30}},"20":{"start":{"line":76,"column":0},"end":{"line":76,"column":35}},"21":{"start":{"line":77,"column":0},"end":{"line":77,"column":59}},"22":{"start":{"line":78,"column":0},"end":{"line":78,"column":47}},"23":{"start":{"line":79,"column":0},"end":{"line":79,"column":55}},"24":{"start":{"line":80,"column":0},"end":{"line":80,"column":61}}},"fnMap":{"0":{"name":"errorHandler","decl":{"start":{"line":4,"column":9},"end":{"line":4,"column":21}},"loc":{"start":{"line":4,"column":43},"end":{"line":36,"column":1}},"line":4},"1":{"name":"(anonymous_1)","decl":{"start":{"line":40,"column":4},"end":{"line":40,"column":5}},"loc":{"start":{"line":40,"column":37},"end":{"line":44,"column":5}},"line":40},"2":{"name":"(anonymous_2)","decl":{"start":{"line":48,"column":4},"end":{"line":48,"column":5}},"loc":{"start":{"line":48,"column":46},"end":{"line":51,"column":5}},"line":48},"3":{"name":"(anonymous_3)","decl":{"start":{"line":55,"column":4},"end":{"line":55,"column":5}},"loc":{"start":{"line":55,"column":39},"end":{"line":58,"column":5}},"line":55},"4":{"name":"(anonymous_4)","decl":{"start":{"line":62,"column":4},"end":{"line":62,"column":5}},"loc":{"start":{"line":62,"column":44},"end":{"line":65,"column":5}},"line":62},"5":{"name":"(anonymous_5)","decl":{"start":{"line":69,"column":4},"end":{"line":69,"column":5}},"loc":{"start":{"line":69,"column":62},"end":{"line":72,"column":5}},"line":69}},"branchMap":{"0":{"loc":{"start":{"line":8,"column":4},"end":{"line":13,"column":5}},"type":"if","locations":[{"start":{"line":8,"column":4},"end":{"line":13,"column":5}},{"start":{},"end":{}}],"line":8},"1":{"loc":{"start":{"line":10,"column":19},"end":{"line":10,"column":38}},"type":"binary-expr","locations":[{"start":{"line":10,"column":19},"end":{"line":10,"column":27}},{"start":{"line":10,"column":31},"end":{"line":10,"column":38}}],"line":10},"2":{"loc":{"start":{"line":16,"column":4},"end":{"line":21,"column":5}},"type":"if","locations":[{"start":{"line":16,"column":4},"end":{"line":21,"column":5}},{"start":{},"end":{}}],"line":16},"3":{"loc":{"start":{"line":24,"column":4},"end":{"line":29,"column":5}},"type":"if","locations":[{"start":{"line":24,"column":4},"end":{"line":29,"column":5}},{"start":{},"end":{}}],"line":24},"4":{"loc":{"start":{"line":34,"column":17},"end":{"line":34,"column":101}},"type":"cond-expr","locations":[{"start":{"line":34,"column":57},"end":{"line":34,"column":87}},{"start":{"line":34,"column":90},"end":{"line":34,"column":101}}],"line":34},"5":{"loc":{"start":{"line":48,"column":16},"end":{"line":48,"column":44}},"type":"default-arg","locations":[{"start":{"line":48,"column":26},"end":{"line":48,"column":44}}],"line":48},"6":{"loc":{"start":{"line":55,"column":16},"end":{"line":55,"column":37}},"type":"default-arg","locations":[{"start":{"line":55,"column":26},"end":{"line":55,"column":37}}],"line":55},"7":{"loc":{"start":{"line":62,"column":16},"end":{"line":62,"column":42}},"type":"default-arg","locations":[{"start":{"line":62,"column":26},"end":{"line":62,"column":42}}],"line":62},"8":{"loc":{"start":{"line":69,"column":16},"end":{"line":69,"column":60}},"type":"default-arg","locations":[{"start":{"line":69,"column":26},"end":{"line":69,"column":60}}],"line":69}},"s":{"0":2,"1":2,"2":2,"3":0,"4":0,"5":0,"6":0,"7":0,"8":4,"9":4,"10":4,"11":1,"12":1,"13":0,"14":0,"15":2,"16":2,"17":1,"18":1,"19":5,"20":5,"21":5,"22":5,"23":5,"24":5},"f":{"0":2,"1":4,"2":1,"3":0,"4":2,"5":1},"b":{"0":[2,0],"1":[2,0],"2":[0,0],"3":[0,0],"4":[0,0],"5":[0],"6":[0],"7":[0],"8":[0]},"_coverageSchema":"1a1c01bbd47fc00a2c39e90264f33305004495a9","hash":"0077442e55e3bc8454b7fddff569732ed2aac502"}
,"/Users/yongjiexue/Documents/GitHub/co-Interview/backend/src/routes/admin.js": {"path":"/Users/yongjiexue/Documents/GitHub/co-Interview/backend/src/routes/admin.js","statementMap":{"0":{"start":{"line":1,"column":16},"end":{"line":1,"column":34}},"1":{"start":{"line":2,"column":15},"end":{"line":2,"column":31}},"2":{"start":{"line":3,"column":32},"end":{"line":3,"column":61}},"3":{"start":{"line":4,"column":23},"end":{"line":4,"column":52}},"4":{"start":{"line":5,"column":24},"end":{"line":5,"column":54}},"5":{"start":{"line":8,"column":0},"end":{"line":8,"column":27}},"6":{"start":{"line":9,"column":0},"end":{"line":9,"column":28}},"7":{"start":{"line":15,"column":0},"end":{"line":56,"column":3}},"8":{"start":{"line":16,"column":4},"end":{"line":55,"column":5}},"9":{"start":{"line":17,"column":50},"end":{"line":17,"column":59}},"10":{"start":{"line":18,"column":20},"end":{"line":18,"column":71}},"11":{"start":{"line":30,"column":25},"end":{"line":30,"column":65}},"12":{"start":{"line":32,"column":22},"end":{"line":32,"column":24}},"13":{"start":{"line":33,"column":8},"end":{"line":46,"column":11}},"14":{"start":{"line":34,"column":25},"end":{"line":34,"column":35}},"15":{"start":{"line":36,"column":12},"end":{"line":38,"column":13}},"16":{"start":{"line":37,"column":16},"end":{"line":37,"column":23}},"17":{"start":{"line":39,"column":12},"end":{"line":45,"column":15}},"18":{"start":{"line":48,"column":8},"end":{"line":51,"column":11}},"19":{"start":{"line":53,"column":8},"end":{"line":53,"column":50}},"20":{"start":{"line":54,"column":8},"end":{"line":54,"column":64}},"21":{"start":{"line":62,"column":0},"end":{"line":84,"column":3}},"22":{"start":{"line":63,"column":4},"end":{"line":83,"column":5}},"23":{"start":{"line":64,"column":23},"end":{"line":64,"column":33}},"24":{"start":{"line":65,"column":24},"end":{"line":65,"column":66}},"25":{"start":{"line":67,"column":8},"end":{"line":69,"column":9}},"26":{"start":{"line":68,"column":12},"end":{"line":68,"column":69}},"27":{"start":{"line":71,"column":21},"end":{"line":71,"column":35}},"28":{"start":{"line":75,"column":8},"end":{"line":79,"column":11}},"29":{"start":{"line":81,"column":8},"end":{"line":81,"column":48}},"30":{"start":{"line":82,"column":8},"end":{"line":82,"column":62}},"31":{"start":{"line":90,"column":0},"end":{"line":110,"column":3}},"32":{"start":{"line":91,"column":4},"end":{"line":109,"column":5}},"33":{"start":{"line":92,"column":23},"end":{"line":92,"column":33}},"34":{"start":{"line":93,"column":62},"end":{"line":93,"column":70}},"35":{"start":{"line":95,"column":27},"end":{"line":95,"column":29}},"36":{"start":{"line":96,"column":8},"end":{"line":96,"column":41}},"37":{"start":{"line":96,"column":18},"end":{"line":96,"column":41}},"38":{"start":{"line":97,"column":8},"end":{"line":97,"column":94}},"39":{"start":{"line":97,"column":45},"end":{"line":97,"column":94}},"40":{"start":{"line":98,"column":8},"end":{"line":98,"column":91}},"41":{"start":{"line":98,"column":44},"end":{"line":98,"column":91}},"42":{"start":{"line":100,"column":8},"end":{"line":102,"column":9}},"43":{"start":{"line":101,"column":12},"end":{"line":101,"column":74}},"44":{"start":{"line":104,"column":8},"end":{"line":104,"column":64}},"45":{"start":{"line":105,"column":8},"end":{"line":105,"column":74}},"46":{"start":{"line":107,"column":8},"end":{"line":107,"column":51}},"47":{"start":{"line":108,"column":8},"end":{"line":108,"column":65}},"48":{"start":{"line":116,"column":0},"end":{"line":139,"column":3}},"49":{"start":{"line":117,"column":4},"end":{"line":138,"column":5}},"50":{"start":{"line":118,"column":23},"end":{"line":118,"column":33}},"51":{"start":{"line":119,"column":27},"end":{"line":119,"column":35}},"52":{"start":{"line":122,"column":8},"end":{"line":124,"column":11}},"53":{"start":{"line":127,"column":8},"end":{"line":131,"column":11}},"54":{"start":{"line":133,"column":8},"end":{"line":133,"column":79}},"55":{"start":{"line":134,"column":8},"end":{"line":134,"column":75}},"56":{"start":{"line":136,"column":8},"end":{"line":136,"column":52}},"57":{"start":{"line":137,"column":8},"end":{"line":137,"column":66}},"58":{"start":{"line":145,"column":0},"end":{"line":167,"column":3}},"59":{"start":{"line":146,"column":4},"end":{"line":166,"column":5}},"60":{"start":{"line":147,"column":23},"end":{"line":147,"column":33}},"61":{"start":{"line":150,"column":8},"end":{"line":152,"column":11}},"62":{"start":{"line":155,"column":8},"end":{"line":159,"column":11}},"63":{"start":{"line":161,"column":8},"end":{"line":161,"column":78}},"64":{"start":{"line":162,"column":8},"end":{"line":162,"column":74}},"65":{"start":{"line":164,"column":8},"end":{"line":164,"column":51}},"66":{"start":{"line":165,"column":8},"end":{"line":165,"column":65}},"67":{"start":{"line":169,"column":0},"end":{"line":169,"column":24}}},"fnMap":{"0":{"name":"(anonymous_0)","decl":{"start":{"line":15,"column":21},"end":{"line":15,"column":22}},"loc":{"start":{"line":15,"column":41},"end":{"line":56,"column":1}},"line":15},"1":{"name":"(anonymous_1)","decl":{"start":{"line":33,"column":25},"end":{"line":33,"column":26}},"loc":{"start":{"line":33,"column":32},"end":{"line":46,"column":9}},"line":33},"2":{"name":"(anonymous_2)","decl":{"start":{"line":62,"column":25},"end":{"line":62,"column":26}},"loc":{"start":{"line":62,"column":45},"end":{"line":84,"column":1}},"line":62},"3":{"name":"(anonymous_3)","decl":{"start":{"line":90,"column":27},"end":{"line":90,"column":28}},"loc":{"start":{"line":90,"column":47},"end":{"line":110,"column":1}},"line":90},"4":{"name":"(anonymous_4)","decl":{"start":{"line":116,"column":34},"end":{"line":116,"column":35}},"loc":{"start":{"line":116,"column":54},"end":{"line":139,"column":1}},"line":116},"5":{"name":"(anonymous_5)","decl":{"start":{"line":145,"column":33},"end":{"line":145,"column":34}},"loc":{"start":{"line":145,"column":53},"end":{"line":167,"column":1}},"line":145}},"branchMap":{"0":{"loc":{"start":{"line":17,"column":16},"end":{"line":17,"column":26}},"type":"default-arg","locations":[{"start":{"line":17,"column":24},"end":{"line":17,"column":26}}],"line":17},"1":{"loc":{"start":{"line":36,"column":12},"end":{"line":38,"column":13}},"type":"if","locations":[{"start":{"line":36,"column":12},"end":{"line":38,"column":13}},{"start":{},"end":{}}],"line":36},"2":{"loc":{"start":{"line":36,"column":16},"end":{"line":36,"column":83}},"type":"binary-expr","locations":[{"start":{"line":36,"column":16},"end":{"line":36,"column":22}},{"start":{"line":36,"column":26},"end":{"line":36,"column":83}}],"line":36},"3":{"loc":{"start":{"line":43,"column":27},"end":{"line":43,"column":86}},"type":"binary-expr","locations":[{"start":{"line":43,"column":27},"end":{"line":43,"column":68}},{"start":{"line":43,"column":72},"end":{"line":43,"column":86}}],"line":43},"4":{"loc":{"start":{"line":44,"column":30},"end":{"line":44,"column":95}},"type":"binary-expr","locations":[{"start":{"line":44,"column":30},"end":{"line":44,"column":74}},{"start":{"line":44,"column":78},"end":{"line":44,"column":95}}],"line":44},"5":{"loc":{"start":{"line":67,"column":8},"end":{"line":69,"column":9}},"type":"if","locations":[{"start":{"line":67,"column":8},"end":{"line":69,"column":9}},{"start":{},"end":{}}],"line":67},"6":{"loc":{"start":{"line":78,"column":23},"end":{"line":78,"column":82}},"type":"binary-expr","locations":[{"start":{"line":78,"column":23},"end":{"line":78,"column":64}},{"start":{"line":78,"column":68},"end":{"line":78,"column":82}}],"line":78},"7":{"loc":{"start":{"line":96,"column":8},"end":{"line":96,"column":41}},"type":"if","locations":[{"start":{"line":96,"column":8},"end":{"line":96,"column":41}},{"start":{},"end":{}}],"line":96},"8":{"loc":{"start":{"line":97,"column":8},"end":{"line":97,"column":94}},"type":"if","locations":[{"start":{"line":97,"column":8},"end":{"line":97,"column":94}},{"start":{},"end":{}}],"line":97},"9":{"loc":{"start":{"line":98,"column":8},"end":{"line":98,"column":91}},"type":"if","locations":[{"start":{"line":98,"column":8},"end":{"line":98,"column":91}},{"start":{},"end":{}}],"line":98},"10":{"loc":{"start":{"line":100,"column":8},"end":{"line":102,"column":9}},"type":"if","locations":[{"start":{"line":100,"column":8},"end":{"line":102,"column":9}},{"start":{},"end":{}}],"line":100},"11":{"loc":{"start":{"line":129,"column":23},"end":{"line":129,"column":47}},"type":"binary-expr","locations":[{"start":{"line":129,"column":23},"end":{"line":129,"column":29}},{"start":{"line":129,"column":33},"end":{"line":129,"column":47}}],"line":129}},"s":{"0":4,"1":4,"2":4,"3":4,"4":4,"5":4,"6":4,"7":4,"8":0,"9":0,"10":0,"11":0,"12":0,"13":0,"14":0,"15":0,"16":0,"17":0,"18":0,"19":0,"20":0,"21":4,"22":0,"23":0,"24":0,"25":0,"26":0,"27":0,"28":0,"29":0,"30":0,"31":4,"32":0,"33":0,"34":0,"35":0,"36":0,"37":0,"38":0,"39":0,"40":0,"41":0,"42":0,"43":0,"44":0,"45":0,"46":0,"47":0,"48":4,"49":0,"50":0,"51":0,"52":0,"53":0,"54":0,"55":0,"56":0,"57":0,"58":4,"59":0,"60":0,"61":0,"62":0,"63":0,"64":0,"65":0,"66":0,"67":4},"f":{"0":0,"1":0,"2":0,"3":0,"4":0,"5":0},"b":{"0":[0],"1":[0,0],"2":[0,0],"3":[0,0],"4":[0,0],"5":[0,0],"6":[0,0],"7":[0,0],"8":[0,0],"9":[0,0],"10":[0,0],"11":[0,0]},"_coverageSchema":"1a1c01bbd47fc00a2c39e90264f33305004495a9","hash":"30669d6d4c137a938da05cb007baeafaa79a0daf"}
,"/Users/yongjiexue/Documents/GitHub/co-Interview/backend/src/routes/auth.js": {"path":"/Users/yongjiexue/Documents/GitHub/co-Interview/backend/src/routes/auth.js","statementMap":{"0":{"start":{"line":1,"column":16},"end":{"line":1,"column":34}},"1":{"start":{"line":2,"column":15},"end":{"line":2,"column":31}},"2":{"start":{"line":3,"column":23},"end":{"line":3,"column":52}},"3":{"start":{"line":4,"column":15},"end":{"line":4,"column":44}},"4":{"start":{"line":5,"column":18},"end":{"line":5,"column":45}},"5":{"start":{"line":11,"column":0},"end":{"line":60,"column":3}},"6":{"start":{"line":12,"column":4},"end":{"line":59,"column":5}},"7":{"start":{"line":13,"column":31},"end":{"line":13,"column":39}},"8":{"start":{"line":16,"column":24},"end":{"line":16,"column":55}},"9":{"start":{"line":17,"column":22},"end":{"line":17,"column":41}},"10":{"start":{"line":19,"column":8},"end":{"line":34,"column":9}},"11":{"start":{"line":21,"column":28},"end":{"line":31,"column":13}},"12":{"start":{"line":32,"column":12},"end":{"line":32,"column":39}},"13":{"start":{"line":33,"column":12},"end":{"line":33,"column":42}},"14":{"start":{"line":36,"column":25},"end":{"line":36,"column":39}},"15":{"start":{"line":39,"column":8},"end":{"line":45,"column":9}},"16":{"start":{"line":40,"column":12},"end":{"line":43,"column":15}},"17":{"start":{"line":44,"column":12},"end":{"line":44,"column":42}},"18":{"start":{"line":47,"column":27},"end":{"line":47,"column":61}},"19":{"start":{"line":49,"column":8},"end":{"line":56,"column":11}},"20":{"start":{"line":58,"column":8},"end":{"line":58,"column":20}},"21":{"start":{"line":66,"column":0},"end":{"line":77,"column":3}},"22":{"start":{"line":67,"column":29},"end":{"line":67,"column":59}},"23":{"start":{"line":68,"column":19},"end":{"line":68,"column":132}},"24":{"start":{"line":70,"column":25},"end":{"line":74,"column":6}},"25":{"start":{"line":76,"column":4},"end":{"line":76,"column":31}},"26":{"start":{"line":83,"column":0},"end":{"line":373,"column":3}},"27":{"start":{"line":84,"column":4},"end":{"line":372,"column":5}},"28":{"start":{"line":85,"column":25},"end":{"line":85,"column":34}},"29":{"start":{"line":86,"column":8},"end":{"line":88,"column":9}},"30":{"start":{"line":87,"column":12},"end":{"line":87,"column":48}},"31":{"start":{"line":92,"column":8},"end":{"line":92,"column":90}},"32":{"start":{"line":93,"column":8},"end":{"line":93,"column":38}},"33":{"start":{"line":94,"column":8},"end":{"line":94,"column":32}},"34":{"start":{"line":95,"column":8},"end":{"line":95,"column":49}},"35":{"start":{"line":98,"column":24},"end":{"line":98,"column":128}},"36":{"start":{"line":99,"column":8},"end":{"line":102,"column":9}},"37":{"start":{"line":100,"column":12},"end":{"line":100,"column":72}},"38":{"start":{"line":101,"column":12},"end":{"line":101,"column":42}},"39":{"start":{"line":105,"column":8},"end":{"line":111,"column":10}},"40":{"start":{"line":108,"column":16},"end":{"line":108,"column":113}},"41":{"start":{"line":108,"column":93},"end":{"line":108,"column":113}},"42":{"start":{"line":109,"column":16},"end":{"line":109,"column":29}},"43":{"start":{"line":114,"column":33},"end":{"line":114,"column":63}},"44":{"start":{"line":115,"column":8},"end":{"line":119,"column":11}},"45":{"start":{"line":120,"column":23},"end":{"line":120,"column":136}},"46":{"start":{"line":123,"column":27},"end":{"line":123,"column":54}},"47":{"start":{"line":124,"column":8},"end":{"line":124,"column":38}},"48":{"start":{"line":127,"column":23},"end":{"line":130,"column":10}},"49":{"start":{"line":131,"column":24},"end":{"line":131,"column":43}},"50":{"start":{"line":132,"column":57},"end":{"line":132,"column":64}},"51":{"start":{"line":135,"column":40},"end":{"line":135,"column":69}},"52":{"start":{"line":138,"column":8},"end":{"line":152,"column":9}},"53":{"start":{"line":139,"column":12},"end":{"line":139,"column":65}},"54":{"start":{"line":141,"column":12},"end":{"line":151,"column":13}},"55":{"start":{"line":143,"column":16},"end":{"line":148,"column":19}},"56":{"start":{"line":150,"column":16},"end":{"line":150,"column":28}},"57":{"start":{"line":155,"column":28},"end":{"line":155,"column":79}},"58":{"start":{"line":158,"column":24},"end":{"line":158,"column":68}},"59":{"start":{"line":159,"column":24},"end":{"line":159,"column":43}},"60":{"start":{"line":160,"column":8},"end":{"line":175,"column":9}},"61":{"start":{"line":161,"column":30},"end":{"line":161,"column":57}},"62":{"start":{"line":162,"column":28},"end":{"line":173,"column":13}},"63":{"start":{"line":174,"column":12},"end":{"line":174,"column":39}},"64":{"start":{"line":178,"column":28},"end":{"line":178,"column":67}},"65":{"start":{"line":179,"column":8},"end":{"line":179,"column":59}},"66":{"start":{"line":180,"column":8},"end":{"line":180,"column":62}},"67":{"start":{"line":181,"column":8},"end":{"line":181,"column":53}},"68":{"start":{"line":182,"column":8},"end":{"line":182,"column":51}},"69":{"start":{"line":183,"column":8},"end":{"line":183,"column":68}},"70":{"start":{"line":183,"column":21},"end":{"line":183,"column":68}},"71":{"start":{"line":187,"column":28},"end":{"line":259,"column":9}},"72":{"start":{"line":261,"column":8},"end":{"line":261,"column":134}},"73":{"start":{"line":262,"column":8},"end":{"line":262,"column":30}},"74":{"start":{"line":264,"column":23},"end":{"line":264,"column":46}},"75":{"start":{"line":265,"column":26},"end":{"line":265,"column":47}},"76":{"start":{"line":266,"column":28},"end":{"line":272,"column":9}},"77":{"start":{"line":273,"column":8},"end":{"line":273,"column":60}},"78":{"start":{"line":274,"column":8},"end":{"line":276,"column":9}},"79":{"start":{"line":275,"column":12},"end":{"line":275,"column":70}},"80":{"start":{"line":279,"column":26},"end":{"line":294,"column":9}},"81":{"start":{"line":295,"column":8},"end":{"line":295,"column":48}},"82":{"start":{"line":298,"column":26},"end":{"line":370,"column":9}},"83":{"start":{"line":371,"column":8},"end":{"line":371,"column":40}},"84":{"start":{"line":379,"column":0},"end":{"line":391,"column":3}},"85":{"start":{"line":380,"column":4},"end":{"line":390,"column":5}},"86":{"start":{"line":381,"column":24},"end":{"line":381,"column":32}},"87":{"start":{"line":382,"column":36},"end":{"line":382,"column":65}},"88":{"start":{"line":385,"column":28},"end":{"line":385,"column":66}},"89":{"start":{"line":387,"column":8},"end":{"line":387,"column":48}},"90":{"start":{"line":389,"column":8},"end":{"line":389,"column":20}},"91":{"start":{"line":397,"column":16},"end":{"line":397,"column":26}},"92":{"start":{"line":398,"column":4},"end":{"line":398,"column":62}},"93":{"start":{"line":401,"column":0},"end":{"line":401,"column":24}}},"fnMap":{"0":{"name":"(anonymous_0)","decl":{"start":{"line":11,"column":39},"end":{"line":11,"column":40}},"loc":{"start":{"line":11,"column":65},"end":{"line":60,"column":1}},"line":11},"1":{"name":"(anonymous_1)","decl":{"start":{"line":66,"column":22},"end":{"line":66,"column":23}},"loc":{"start":{"line":66,"column":36},"end":{"line":77,"column":1}},"line":66},"2":{"name":"(anonymous_2)","decl":{"start":{"line":83,"column":31},"end":{"line":83,"column":32}},"loc":{"start":{"line":83,"column":57},"end":{"line":373,"column":1}},"line":83},"3":{"name":"(anonymous_3)","decl":{"start":{"line":107,"column":40},"end":{"line":107,"column":41}},"loc":{"start":{"line":107,"column":56},"end":{"line":110,"column":13}},"line":107},"4":{"name":"(anonymous_4)","decl":{"start":{"line":379,"column":41},"end":{"line":379,"column":42}},"loc":{"start":{"line":379,"column":67},"end":{"line":391,"column":1}},"line":379},"5":{"name":"getNextMonthStart","decl":{"start":{"line":396,"column":9},"end":{"line":396,"column":26}},"loc":{"start":{"line":396,"column":29},"end":{"line":399,"column":1}},"line":396}},"branchMap":{"0":{"loc":{"start":{"line":19,"column":8},"end":{"line":34,"column":9}},"type":"if","locations":[{"start":{"line":19,"column":8},"end":{"line":34,"column":9}},{"start":{},"end":{}}],"line":19},"1":{"loc":{"start":{"line":39,"column":8},"end":{"line":45,"column":9}},"type":"if","locations":[{"start":{"line":39,"column":8},"end":{"line":45,"column":9}},{"start":{},"end":{}}],"line":39},"2":{"loc":{"start":{"line":47,"column":27},"end":{"line":47,"column":61}},"type":"binary-expr","locations":[{"start":{"line":47,"column":27},"end":{"line":47,"column":47}},{"start":{"line":47,"column":51},"end":{"line":47,"column":61}}],"line":47},"3":{"loc":{"start":{"line":86,"column":8},"end":{"line":88,"column":9}},"type":"if","locations":[{"start":{"line":86,"column":8},"end":{"line":88,"column":9}},{"start":{},"end":{}}],"line":86},"4":{"loc":{"start":{"line":98,"column":24},"end":{"line":98,"column":128}},"type":"binary-expr","locations":[{"start":{"line":98,"column":24},"end":{"line":98,"column":50}},{"start":{"line":98,"column":54},"end":{"line":98,"column":76}},{"start":{"line":98,"column":80},"end":{"line":98,"column":104}},{"start":{"line":98,"column":108},"end":{"line":98,"column":128}}],"line":98},"5":{"loc":{"start":{"line":99,"column":8},"end":{"line":102,"column":9}},"type":"if","locations":[{"start":{"line":99,"column":8},"end":{"line":102,"column":9}},{"start":{},"end":{}}],"line":99},"6":{"loc":{"start":{"line":99,"column":12},"end":{"line":99,"column":134}},"type":"binary-expr","locations":[{"start":{"line":99,"column":12},"end":{"line":99,"column":19}},{"start":{"line":99,"column":24},"end":{"line":99,"column":77}},{"start":{"line":99,"column":81},"end":{"line":99,"column":133}}],"line":99},"7":{"loc":{"start":{"line":108,"column":16},"end":{"line":108,"column":113}},"type":"if","locations":[{"start":{"line":108,"column":16},"end":{"line":108,"column":113}},{"start":{},"end":{}}],"line":108},"8":{"loc":{"start":{"line":108,"column":20},"end":{"line":108,"column":91}},"type":"binary-expr","locations":[{"start":{"line":108,"column":20},"end":{"line":108,"column":50}},{"start":{"line":108,"column":54},"end":{"line":108,"column":91}}],"line":108},"9":{"loc":{"start":{"line":141,"column":12},"end":{"line":151,"column":13}},"type":"if","locations":[{"start":{"line":141,"column":12},"end":{"line":151,"column":13}},{"start":{"line":149,"column":19},"end":{"line":151,"column":13}}],"line":141},"10":{"loc":{"start":{"line":160,"column":8},"end":{"line":175,"column":9}},"type":"if","locations":[{"start":{"line":160,"column":8},"end":{"line":175,"column":9}},{"start":{},"end":{}}],"line":160},"11":{"loc":{"start":{"line":183,"column":8},"end":{"line":183,"column":68}},"type":"if","locations":[{"start":{"line":183,"column":8},"end":{"line":183,"column":68}},{"start":{},"end":{}}],"line":183},"12":{"loc":{"start":{"line":274,"column":8},"end":{"line":276,"column":9}},"type":"if","locations":[{"start":{"line":274,"column":8},"end":{"line":276,"column":9}},{"start":{},"end":{}}],"line":274},"13":{"loc":{"start":{"line":282,"column":28},"end":{"line":282,"column":126}},"type":"cond-expr","locations":[{"start":{"line":282,"column":59},"end":{"line":282,"column":112}},{"start":{"line":282,"column":115},"end":{"line":282,"column":126}}],"line":282},"14":{"loc":{"start":{"line":285,"column":23},"end":{"line":285,"column":101}},"type":"cond-expr","locations":[{"start":{"line":285,"column":58},"end":{"line":285,"column":97}},{"start":{"line":285,"column":100},"end":{"line":285,"column":101}}],"line":285},"15":{"loc":{"start":{"line":286,"column":33},"end":{"line":286,"column":119}},"type":"cond-expr","locations":[{"start":{"line":286,"column":68},"end":{"line":286,"column":111}},{"start":{"line":286,"column":114},"end":{"line":286,"column":119}}],"line":286},"16":{"loc":{"start":{"line":287,"column":25},"end":{"line":287,"column":116}},"type":"cond-expr","locations":[{"start":{"line":287,"column":60},"end":{"line":287,"column":108}},{"start":{"line":287,"column":111},"end":{"line":287,"column":116}}],"line":287},"17":{"loc":{"start":{"line":288,"column":23},"end":{"line":290,"column":23}},"type":"cond-expr","locations":[{"start":{"line":289,"column":18},"end":{"line":289,"column":105}},{"start":{"line":290,"column":18},"end":{"line":290,"column":23}}],"line":288},"18":{"loc":{"start":{"line":292,"column":21},"end":{"line":292,"column":63}},"type":"cond-expr","locations":[{"start":{"line":292,"column":38},"end":{"line":292,"column":59}},{"start":{"line":292,"column":62},"end":{"line":292,"column":63}}],"line":292},"19":{"loc":{"start":{"line":293,"column":24},"end":{"line":293,"column":94}},"type":"cond-expr","locations":[{"start":{"line":293,"column":41},"end":{"line":293,"column":80}},{"start":{"line":293,"column":83},"end":{"line":293,"column":94}}],"line":293},"20":{"loc":{"start":{"line":350,"column":71},"end":{"line":350,"column":112}},"type":"cond-expr","locations":[{"start":{"line":350,"column":98},"end":{"line":350,"column":104}},{"start":{"line":350,"column":107},"end":{"line":350,"column":112}}],"line":350},"21":{"loc":{"start":{"line":350,"column":118},"end":{"line":350,"column":164}},"type":"cond-expr","locations":[{"start":{"line":350,"column":145},"end":{"line":350,"column":149}},{"start":{"line":350,"column":152},"end":{"line":350,"column":164}}],"line":350},"22":{"loc":{"start":{"line":351,"column":52},"end":{"line":351,"column":98}},"type":"cond-expr","locations":[{"start":{"line":351,"column":84},"end":{"line":351,"column":89}},{"start":{"line":351,"column":92},"end":{"line":351,"column":98}}],"line":351},"23":{"loc":{"start":{"line":351,"column":103},"end":{"line":351,"column":175}},"type":"cond-expr","locations":[{"start":{"line":351,"column":135},"end":{"line":351,"column":166}},{"start":{"line":351,"column":169},"end":{"line":351,"column":175}}],"line":351}},"s":{"0":5,"1":5,"2":5,"3":5,"4":5,"5":5,"6":3,"7":3,"8":3,"9":3,"10":3,"11":1,"12":1,"13":1,"14":3,"15":3,"16":0,"17":0,"18":3,"19":3,"20":0,"21":5,"22":0,"23":0,"24":0,"25":0,"26":5,"27":2,"28":2,"29":2,"30":1,"31":1,"32":1,"33":1,"34":1,"35":1,"36":1,"37":0,"38":0,"39":1,"40":4,"41":0,"42":4,"43":1,"44":1,"45":1,"46":1,"47":1,"48":1,"49":1,"50":1,"51":1,"52":1,"53":1,"54":1,"55":1,"56":0,"57":1,"58":1,"59":1,"60":1,"61":1,"62":1,"63":1,"64":1,"65":1,"66":1,"67":1,"68":1,"69":1,"70":1,"71":1,"72":1,"73":1,"74":1,"75":1,"76":1,"77":1,"78":1,"79":1,"80":1,"81":1,"82":1,"83":1,"84":5,"85":0,"86":0,"87":0,"88":0,"89":0,"90":0,"91":1,"92":1,"93":5},"f":{"0":3,"1":0,"2":2,"3":4,"4":0,"5":1},"b":{"0":[1,2],"1":[0,3],"2":[3,1],"3":[1,1],"4":[1,1,1,1],"5":[0,1],"6":[1,0,0],"7":[0,4],"8":[4,4],"9":[1,0],"10":[1,0],"11":[1,0],"12":[1,0],"13":[0,1],"14":[0,1],"15":[0,1],"16":[0,1],"17":[0,1],"18":[0,1],"19":[0,1],"20":[0,1],"21":[0,1],"22":[0,1],"23":[0,1]},"_coverageSchema":"1a1c01bbd47fc00a2c39e90264f33305004495a9","hash":"104406d9c076f3b07357e5fed93b2743468c15f6"}
,"/Users/yongjiexue/Documents/GitHub/co-Interview/backend/src/routes/billing.js": {"path":"/Users/yongjiexue/Documents/GitHub/co-Interview/backend/src/routes/billing.js","statementMap":{"0":{"start":{"line":1,"column":16},"end":{"line":1,"column":34}},"1":{"start":{"line":2,"column":15},"end":{"line":2,"column":31}},"2":{"start":{"line":3,"column":23},"end":{"line":3,"column":52}},"3":{"start":{"line":4,"column":15},"end":{"line":4,"column":44}},"4":{"start":{"line":5,"column":34},"end":{"line":5,"column":61}},"5":{"start":{"line":11,"column":0},"end":{"line":58,"column":3}},"6":{"start":{"line":12,"column":4},"end":{"line":57,"column":5}},"7":{"start":{"line":13,"column":24},"end":{"line":13,"column":32}},"8":{"start":{"line":15,"column":24},"end":{"line":15,"column":67}},"9":{"start":{"line":16,"column":8},"end":{"line":18,"column":9}},"10":{"start":{"line":17,"column":12},"end":{"line":17,"column":69}},"11":{"start":{"line":20,"column":21},"end":{"line":20,"column":35}},"12":{"start":{"line":23,"column":8},"end":{"line":32,"column":9}},"13":{"start":{"line":24,"column":12},"end":{"line":31,"column":15}},"14":{"start":{"line":35,"column":29},"end":{"line":37,"column":10}},"15":{"start":{"line":39,"column":30},"end":{"line":39,"column":65}},"16":{"start":{"line":41,"column":8},"end":{"line":54,"column":11}},"17":{"start":{"line":56,"column":8},"end":{"line":56,"column":20}},"18":{"start":{"line":64,"column":0},"end":{"line":117,"column":3}},"19":{"start":{"line":65,"column":4},"end":{"line":116,"column":5}},"20":{"start":{"line":66,"column":31},"end":{"line":66,"column":39}},"21":{"start":{"line":67,"column":50},"end":{"line":67,"column":58}},"22":{"start":{"line":69,"column":8},"end":{"line":71,"column":9}},"23":{"start":{"line":70,"column":12},"end":{"line":70,"column":67}},"24":{"start":{"line":74,"column":24},"end":{"line":74,"column":55}},"25":{"start":{"line":75,"column":24},"end":{"line":75,"column":43}},"26":{"start":{"line":76,"column":21},"end":{"line":76,"column":35}},"27":{"start":{"line":78,"column":25},"end":{"line":78,"column":46}},"28":{"start":{"line":80,"column":8},"end":{"line":87,"column":9}},"29":{"start":{"line":81,"column":29},"end":{"line":84,"column":14}},"30":{"start":{"line":85,"column":12},"end":{"line":85,"column":37}},"31":{"start":{"line":86,"column":12},"end":{"line":86,"column":67}},"32":{"start":{"line":91,"column":31},"end":{"line":91,"column":36}},"33":{"start":{"line":94,"column":24},"end":{"line":111,"column":10}},"34":{"start":{"line":113,"column":8},"end":{"line":113,"column":48}},"35":{"start":{"line":115,"column":8},"end":{"line":115,"column":20}},"36":{"start":{"line":123,"column":0},"end":{"line":143,"column":3}},"37":{"start":{"line":124,"column":4},"end":{"line":142,"column":5}},"38":{"start":{"line":125,"column":24},"end":{"line":125,"column":32}},"39":{"start":{"line":127,"column":24},"end":{"line":127,"column":67}},"40":{"start":{"line":128,"column":21},"end":{"line":128,"column":35}},"41":{"start":{"line":130,"column":8},"end":{"line":132,"column":9}},"42":{"start":{"line":131,"column":12},"end":{"line":131,"column":79}},"43":{"start":{"line":134,"column":24},"end":{"line":137,"column":10}},"44":{"start":{"line":139,"column":8},"end":{"line":139,"column":46}},"45":{"start":{"line":141,"column":8},"end":{"line":141,"column":20}},"46":{"start":{"line":149,"column":0},"end":{"line":188,"column":3}},"47":{"start":{"line":150,"column":4},"end":{"line":187,"column":5}},"48":{"start":{"line":151,"column":24},"end":{"line":151,"column":32}},"49":{"start":{"line":152,"column":31},"end":{"line":152,"column":40}},"50":{"start":{"line":154,"column":8},"end":{"line":156,"column":9}},"51":{"start":{"line":155,"column":12},"end":{"line":155,"column":73}},"52":{"start":{"line":158,"column":24},"end":{"line":158,"column":75}},"53":{"start":{"line":161,"column":27},"end":{"line":161,"column":88}},"54":{"start":{"line":163,"column":8},"end":{"line":165,"column":9}},"55":{"start":{"line":164,"column":12},"end":{"line":164,"column":90}},"56":{"start":{"line":167,"column":8},"end":{"line":182,"column":9}},"57":{"start":{"line":169,"column":28},"end":{"line":169,"column":71}},"58":{"start":{"line":170,"column":25},"end":{"line":170,"column":39}},"59":{"start":{"line":173,"column":25},"end":{"line":173,"column":47}},"60":{"start":{"line":175,"column":12},"end":{"line":178,"column":13}},"61":{"start":{"line":177,"column":16},"end":{"line":177,"column":81}},"62":{"start":{"line":181,"column":12},"end":{"line":181,"column":54}},"63":{"start":{"line":184,"column":8},"end":{"line":184,"column":45}},"64":{"start":{"line":186,"column":8},"end":{"line":186,"column":20}},"65":{"start":{"line":190,"column":0},"end":{"line":190,"column":24}}},"fnMap":{"0":{"name":"(anonymous_0)","decl":{"start":{"line":11,"column":44},"end":{"line":11,"column":45}},"loc":{"start":{"line":11,"column":70},"end":{"line":58,"column":1}},"line":11},"1":{"name":"(anonymous_1)","decl":{"start":{"line":64,"column":41},"end":{"line":64,"column":42}},"loc":{"start":{"line":64,"column":67},"end":{"line":117,"column":1}},"line":64},"2":{"name":"(anonymous_2)","decl":{"start":{"line":123,"column":39},"end":{"line":123,"column":40}},"loc":{"start":{"line":123,"column":65},"end":{"line":143,"column":1}},"line":123},"3":{"name":"(anonymous_3)","decl":{"start":{"line":149,"column":47},"end":{"line":149,"column":48}},"loc":{"start":{"line":149,"column":73},"end":{"line":188,"column":1}},"line":149}},"branchMap":{"0":{"loc":{"start":{"line":16,"column":8},"end":{"line":18,"column":9}},"type":"if","locations":[{"start":{"line":16,"column":8},"end":{"line":18,"column":9}},{"start":{},"end":{}}],"line":16},"1":{"loc":{"start":{"line":23,"column":8},"end":{"line":32,"column":9}},"type":"if","locations":[{"start":{"line":23,"column":8},"end":{"line":32,"column":9}},{"start":{},"end":{}}],"line":23},"2":{"loc":{"start":{"line":47,"column":28},"end":{"line":53,"column":22}},"type":"cond-expr","locations":[{"start":{"line":48,"column":18},"end":{"line":52,"column":17}},{"start":{"line":53,"column":18},"end":{"line":53,"column":22}}],"line":47},"3":{"loc":{"start":{"line":69,"column":8},"end":{"line":71,"column":9}},"type":"if","locations":[{"start":{"line":69,"column":8},"end":{"line":71,"column":9}},{"start":{},"end":{}}],"line":69},"4":{"loc":{"start":{"line":80,"column":8},"end":{"line":87,"column":9}},"type":"if","locations":[{"start":{"line":80,"column":8},"end":{"line":87,"column":9}},{"start":{},"end":{}}],"line":80},"5":{"loc":{"start":{"line":103,"column":18},"end":{"line":103,"column":61}},"type":"cond-expr","locations":[{"start":{"line":103,"column":35},"end":{"line":103,"column":49}},{"start":{"line":103,"column":52},"end":{"line":103,"column":61}}],"line":103},"6":{"loc":{"start":{"line":104,"column":25},"end":{"line":104,"column":118}},"type":"binary-expr","locations":[{"start":{"line":104,"column":25},"end":{"line":104,"column":36}},{"start":{"line":104,"column":40},"end":{"line":104,"column":118}}],"line":104},"7":{"loc":{"start":{"line":105,"column":24},"end":{"line":105,"column":75}},"type":"binary-expr","locations":[{"start":{"line":105,"column":24},"end":{"line":105,"column":34}},{"start":{"line":105,"column":38},"end":{"line":105,"column":75}}],"line":105},"8":{"loc":{"start":{"line":130,"column":8},"end":{"line":132,"column":9}},"type":"if","locations":[{"start":{"line":130,"column":8},"end":{"line":132,"column":9}},{"start":{},"end":{}}],"line":130},"9":{"loc":{"start":{"line":154,"column":8},"end":{"line":156,"column":9}},"type":"if","locations":[{"start":{"line":154,"column":8},"end":{"line":156,"column":9}},{"start":{},"end":{}}],"line":154},"10":{"loc":{"start":{"line":161,"column":27},"end":{"line":161,"column":88}},"type":"binary-expr","locations":[{"start":{"line":161,"column":27},"end":{"line":161,"column":54}},{"start":{"line":161,"column":58},"end":{"line":161,"column":88}}],"line":161},"11":{"loc":{"start":{"line":163,"column":8},"end":{"line":165,"column":9}},"type":"if","locations":[{"start":{"line":163,"column":8},"end":{"line":165,"column":9}},{"start":{},"end":{}}],"line":163},"12":{"loc":{"start":{"line":163,"column":12},"end":{"line":163,"column":44}},"type":"binary-expr","locations":[{"start":{"line":163,"column":12},"end":{"line":163,"column":22}},{"start":{"line":163,"column":26},"end":{"line":163,"column":44}}],"line":163},"13":{"loc":{"start":{"line":167,"column":8},"end":{"line":182,"column":9}},"type":"if","locations":[{"start":{"line":167,"column":8},"end":{"line":182,"column":9}},{"start":{},"end":{}}],"line":167},"14":{"loc":{"start":{"line":175,"column":12},"end":{"line":178,"column":13}},"type":"if","locations":[{"start":{"line":175,"column":12},"end":{"line":178,"column":13}},{"start":{},"end":{}}],"line":175},"15":{"loc":{"start":{"line":175,"column":16},"end":{"line":175,"column":62}},"type":"binary-expr","locations":[{"start":{"line":175,"column":16},"end":{"line":175,"column":34}},{"start":{"line":175,"column":38},"end":{"line":175,"column":62}}],"line":175}},"s":{"0":4,"1":4,"2":4,"3":4,"4":4,"5":4,"6":0,"7":0,"8":0,"9":0,"10":0,"11":0,"12":0,"13":0,"14":0,"15":0,"16":0,"17":0,"18":4,"19":3,"20":3,"21":3,"22":3,"23":1,"24":2,"25":2,"26":2,"27":2,"28":2,"29":1,"30":1,"31":1,"32":2,"33":2,"34":2,"35":0,"36":4,"37":0,"38":0,"39":0,"40":0,"41":0,"42":0,"43":0,"44":0,"45":0,"46":4,"47":3,"48":3,"49":3,"50":3,"51":0,"52":3,"53":3,"54":3,"55":1,"56":2,"57":2,"58":2,"59":2,"60":2,"61":1,"62":1,"63":0,"64":0,"65":4},"f":{"0":0,"1":3,"2":0,"3":3},"b":{"0":[0,0],"1":[0,0],"2":[0,0],"3":[1,2],"4":[1,1],"5":[0,2],"6":[2,1],"7":[2,1],"8":[0,0],"9":[0,3],"10":[3,0],"11":[1,2],"12":[3,3],"13":[2,0],"14":[1,1],"15":[2,1]},"_coverageSchema":"1a1c01bbd47fc00a2c39e90264f33305004495a9","hash":"9a6c5a671e7afcef1de066a45cd2823c9b466653"}
,"/Users/yongjiexue/Documents/GitHub/co-Interview/backend/src/routes/health.js": {"path":"/Users/yongjiexue/Documents/GitHub/co-Interview/backend/src/routes/health.js","statementMap":{"0":{"start":{"line":1,"column":16},"end":{"line":1,"column":34}},"1":{"start":{"line":2,"column":15},"end":{"line":2,"column":31}},"2":{"start":{"line":8,"column":0},"end":{"line":14,"column":3}},"3":{"start":{"line":9,"column":4},"end":{"line":13,"column":7}},"4":{"start":{"line":16,"column":0},"end":{"line":16,"column":24}}},"fnMap":{"0":{"name":"(anonymous_0)","decl":{"start":{"line":8,"column":16},"end":{"line":8,"column":17}},"loc":{"start":{"line":8,"column":30},"end":{"line":14,"column":1}},"line":8}},"branchMap":{},"s":{"0":4,"1":4,"2":4,"3":0,"4":4},"f":{"0":0},"b":{},"_coverageSchema":"1a1c01bbd47fc00a2c39e90264f33305004495a9","hash":"5a80caa9c67de365abc1b7eb0ce93f107daf0d48"}
,"/Users/yongjiexue/Documents/GitHub/co-Interview/backend/src/routes/session.js": {"path":"/Users/yongjiexue/Documents/GitHub/co-Interview/backend/src/routes/session.js","statementMap":{"0":{"start":{"line":1,"column":16},"end":{"line":1,"column":34}},"1":{"start":{"line":2,"column":15},"end":{"line":2,"column":31}},"2":{"start":{"line":3,"column":23},"end":{"line":3,"column":38}},"3":{"start":{"line":4,"column":23},"end":{"line":4,"column":52}},"4":{"start":{"line":5,"column":15},"end":{"line":5,"column":44}},"5":{"start":{"line":6,"column":18},"end":{"line":6,"column":45}},"6":{"start":{"line":7,"column":24},"end":{"line":7,"column":50}},"7":{"start":{"line":8,"column":92},"end":{"line":8,"column":129}},"8":{"start":{"line":14,"column":0},"end":{"line":103,"column":3}},"9":{"start":{"line":15,"column":4},"end":{"line":102,"column":5}},"10":{"start":{"line":16,"column":24},"end":{"line":16,"column":32}},"11":{"start":{"line":17,"column":94},"end":{"line":17,"column":102}},"12":{"start":{"line":20,"column":24},"end":{"line":20,"column":88}},"13":{"start":{"line":21,"column":8},"end":{"line":23,"column":9}},"14":{"start":{"line":22,"column":12},"end":{"line":22,"column":93}},"15":{"start":{"line":26,"column":24},"end":{"line":26,"column":55}},"16":{"start":{"line":27,"column":24},"end":{"line":27,"column":43}},"17":{"start":{"line":29,"column":8},"end":{"line":31,"column":9}},"18":{"start":{"line":30,"column":12},"end":{"line":30,"column":55}},"19":{"start":{"line":33,"column":21},"end":{"line":33,"column":35}},"20":{"start":{"line":34,"column":27},"end":{"line":34,"column":57}},"21":{"start":{"line":39,"column":20},"end":{"line":39,"column":30}},"22":{"start":{"line":40,"column":8},"end":{"line":42,"column":9}},"23":{"start":{"line":41,"column":12},"end":{"line":41,"column":114}},"24":{"start":{"line":45,"column":8},"end":{"line":50,"column":9}},"25":{"start":{"line":46,"column":28},"end":{"line":46,"column":123}},"26":{"start":{"line":47,"column":12},"end":{"line":49,"column":13}},"27":{"start":{"line":48,"column":16},"end":{"line":48,"column":106}},"28":{"start":{"line":58,"column":31},"end":{"line":58,"column":90}},"29":{"start":{"line":59,"column":8},"end":{"line":61,"column":9}},"30":{"start":{"line":60,"column":12},"end":{"line":60,"column":118}},"31":{"start":{"line":64,"column":32},"end":{"line":64,"column":82}},"32":{"start":{"line":65,"column":8},"end":{"line":67,"column":9}},"33":{"start":{"line":66,"column":12},"end":{"line":66,"column":104}},"34":{"start":{"line":70,"column":26},"end":{"line":70,"column":79}},"35":{"start":{"line":71,"column":26},"end":{"line":71,"column":85}},"36":{"start":{"line":73,"column":24},"end":{"line":83,"column":9}},"37":{"start":{"line":85,"column":8},"end":{"line":85,"column":68}},"38":{"start":{"line":88,"column":8},"end":{"line":88,"column":106}},"39":{"start":{"line":91,"column":8},"end":{"line":99,"column":11}},"40":{"start":{"line":101,"column":8},"end":{"line":101,"column":20}},"41":{"start":{"line":109,"column":0},"end":{"line":161,"column":3}},"42":{"start":{"line":110,"column":4},"end":{"line":160,"column":5}},"43":{"start":{"line":111,"column":24},"end":{"line":111,"column":32}},"44":{"start":{"line":112,"column":30},"end":{"line":112,"column":40}},"45":{"start":{"line":113,"column":60},"end":{"line":113,"column":68}},"46":{"start":{"line":116,"column":27},"end":{"line":116,"column":67}},"47":{"start":{"line":117,"column":27},"end":{"line":117,"column":49}},"48":{"start":{"line":119,"column":8},"end":{"line":121,"column":9}},"49":{"start":{"line":120,"column":12},"end":{"line":120,"column":72}},"50":{"start":{"line":123,"column":24},"end":{"line":123,"column":41}},"51":{"start":{"line":126,"column":8},"end":{"line":128,"column":9}},"52":{"start":{"line":127,"column":12},"end":{"line":127,"column":89}},"53":{"start":{"line":131,"column":8},"end":{"line":136,"column":11}},"54":{"start":{"line":139,"column":24},"end":{"line":139,"column":55}},"55":{"start":{"line":140,"column":24},"end":{"line":140,"column":43}},"56":{"start":{"line":141,"column":21},"end":{"line":141,"column":35}},"57":{"start":{"line":142,"column":27},"end":{"line":142,"column":57}},"58":{"start":{"line":144,"column":29},"end":{"line":144,"column":76}},"59":{"start":{"line":145,"column":8},"end":{"line":147,"column":11}},"60":{"start":{"line":150,"column":8},"end":{"line":150,"column":62}},"61":{"start":{"line":153,"column":8},"end":{"line":157,"column":11}},"62":{"start":{"line":159,"column":8},"end":{"line":159,"column":20}},"63":{"start":{"line":167,"column":0},"end":{"line":199,"column":3}},"64":{"start":{"line":168,"column":4},"end":{"line":198,"column":5}},"65":{"start":{"line":169,"column":24},"end":{"line":169,"column":32}},"66":{"start":{"line":170,"column":48},"end":{"line":170,"column":56}},"67":{"start":{"line":173,"column":24},"end":{"line":173,"column":55}},"68":{"start":{"line":174,"column":24},"end":{"line":174,"column":43}},"69":{"start":{"line":175,"column":21},"end":{"line":175,"column":35}},"70":{"start":{"line":176,"column":27},"end":{"line":176,"column":57}},"71":{"start":{"line":178,"column":31},"end":{"line":178,"column":108}},"72":{"start":{"line":180,"column":8},"end":{"line":186,"column":9}},"73":{"start":{"line":181,"column":12},"end":{"line":185,"column":15}},"74":{"start":{"line":189,"column":8},"end":{"line":189,"column":107}},"75":{"start":{"line":191,"column":8},"end":{"line":195,"column":11}},"76":{"start":{"line":197,"column":8},"end":{"line":197,"column":20}},"77":{"start":{"line":201,"column":0},"end":{"line":201,"column":24}}},"fnMap":{"0":{"name":"(anonymous_0)","decl":{"start":{"line":14,"column":40},"end":{"line":14,"column":41}},"loc":{"start":{"line":14,"column":66},"end":{"line":103,"column":1}},"line":14},"1":{"name":"(anonymous_1)","decl":{"start":{"line":109,"column":55},"end":{"line":109,"column":56}},"loc":{"start":{"line":109,"column":81},"end":{"line":161,"column":1}},"line":109},"2":{"name":"(anonymous_2)","decl":{"start":{"line":167,"column":42},"end":{"line":167,"column":43}},"loc":{"start":{"line":167,"column":68},"end":{"line":199,"column":1}},"line":167}},"branchMap":{"0":{"loc":{"start":{"line":17,"column":16},"end":{"line":17,"column":63}},"type":"default-arg","locations":[{"start":{"line":17,"column":24},"end":{"line":17,"column":63}}],"line":17},"1":{"loc":{"start":{"line":21,"column":8},"end":{"line":23,"column":9}},"type":"if","locations":[{"start":{"line":21,"column":8},"end":{"line":23,"column":9}},{"start":{},"end":{}}],"line":21},"2":{"loc":{"start":{"line":29,"column":8},"end":{"line":31,"column":9}},"type":"if","locations":[{"start":{"line":29,"column":8},"end":{"line":31,"column":9}},{"start":{},"end":{}}],"line":29},"3":{"loc":{"start":{"line":34,"column":27},"end":{"line":34,"column":57}},"type":"binary-expr","locations":[{"start":{"line":34,"column":27},"end":{"line":34,"column":43}},{"start":{"line":34,"column":47},"end":{"line":34,"column":57}}],"line":34},"4":{"loc":{"start":{"line":40,"column":8},"end":{"line":42,"column":9}},"type":"if","locations":[{"start":{"line":40,"column":8},"end":{"line":42,"column":9}},{"start":{},"end":{}}],"line":40},"5":{"loc":{"start":{"line":40,"column":12},"end":{"line":40,"column":66}},"type":"binary-expr","locations":[{"start":{"line":40,"column":12},"end":{"line":40,"column":36}},{"start":{"line":40,"column":40},"end":{"line":40,"column":66}}],"line":40},"6":{"loc":{"start":{"line":45,"column":8},"end":{"line":50,"column":9}},"type":"if","locations":[{"start":{"line":45,"column":8},"end":{"line":50,"column":9}},{"start":{},"end":{}}],"line":45},"7":{"loc":{"start":{"line":46,"column":28},"end":{"line":46,"column":123}},"type":"cond-expr","locations":[{"start":{"line":46,"column":59},"end":{"line":46,"column":89}},{"start":{"line":46,"column":92},"end":{"line":46,"column":123}}],"line":46},"8":{"loc":{"start":{"line":47,"column":12},"end":{"line":49,"column":13}},"type":"if","locations":[{"start":{"line":47,"column":12},"end":{"line":49,"column":13}},{"start":{},"end":{}}],"line":47},"9":{"loc":{"start":{"line":58,"column":63},"end":{"line":58,"column":89}},"type":"binary-expr","locations":[{"start":{"line":58,"column":63},"end":{"line":58,"column":84}},{"start":{"line":58,"column":88},"end":{"line":58,"column":89}}],"line":58},"10":{"loc":{"start":{"line":59,"column":8},"end":{"line":61,"column":9}},"type":"if","locations":[{"start":{"line":59,"column":8},"end":{"line":61,"column":9}},{"start":{},"end":{}}],"line":59},"11":{"loc":{"start":{"line":65,"column":8},"end":{"line":67,"column":9}},"type":"if","locations":[{"start":{"line":65,"column":8},"end":{"line":67,"column":9}},{"start":{},"end":{}}],"line":65},"12":{"loc":{"start":{"line":65,"column":12},"end":{"line":65,"column":63}},"type":"binary-expr","locations":[{"start":{"line":65,"column":12},"end":{"line":65,"column":27}},{"start":{"line":65,"column":31},"end":{"line":65,"column":63}}],"line":65},"13":{"loc":{"start":{"line":113,"column":34},"end":{"line":113,"column":55}},"type":"default-arg","locations":[{"start":{"line":113,"column":43},"end":{"line":113,"column":55}}],"line":113},"14":{"loc":{"start":{"line":119,"column":8},"end":{"line":121,"column":9}},"type":"if","locations":[{"start":{"line":119,"column":8},"end":{"line":121,"column":9}},{"start":{},"end":{}}],"line":119},"15":{"loc":{"start":{"line":126,"column":8},"end":{"line":128,"column":9}},"type":"if","locations":[{"start":{"line":126,"column":8},"end":{"line":128,"column":9}},{"start":{},"end":{}}],"line":126},"16":{"loc":{"start":{"line":142,"column":27},"end":{"line":142,"column":57}},"type":"binary-expr","locations":[{"start":{"line":142,"column":27},"end":{"line":142,"column":43}},{"start":{"line":142,"column":47},"end":{"line":142,"column":57}}],"line":142},"17":{"loc":{"start":{"line":144,"column":30},"end":{"line":144,"column":56}},"type":"binary-expr","locations":[{"start":{"line":144,"column":30},"end":{"line":144,"column":51}},{"start":{"line":144,"column":55},"end":{"line":144,"column":56}}],"line":144},"18":{"loc":{"start":{"line":176,"column":27},"end":{"line":176,"column":57}},"type":"binary-expr","locations":[{"start":{"line":176,"column":27},"end":{"line":176,"column":43}},{"start":{"line":176,"column":47},"end":{"line":176,"column":57}}],"line":176},"19":{"loc":{"start":{"line":178,"column":63},"end":{"line":178,"column":89}},"type":"binary-expr","locations":[{"start":{"line":178,"column":63},"end":{"line":178,"column":84}},{"start":{"line":178,"column":88},"end":{"line":178,"column":89}}],"line":178},"20":{"loc":{"start":{"line":180,"column":8},"end":{"line":186,"column":9}},"type":"if","locations":[{"start":{"line":180,"column":8},"end":{"line":186,"column":9}},{"start":{},"end":{}}],"line":180}},"s":{"0":5,"1":5,"2":5,"3":5,"4":5,"5":5,"6":5,"7":5,"8":5,"9":6,"10":6,"11":6,"12":6,"13":6,"14":1,"15":5,"16":5,"17":5,"18":0,"19":5,"20":5,"21":5,"22":5,"23":1,"24":4,"25":0,"26":0,"27":0,"28":4,"29":4,"30":1,"31":3,"32":3,"33":1,"34":2,"35":2,"36":2,"37":2,"38":2,"39":2,"40":4,"41":5,"42":1,"43":1,"44":1,"45":1,"46":1,"47":1,"48":1,"49":0,"50":1,"51":1,"52":0,"53":1,"54":1,"55":1,"56":1,"57":1,"58":1,"59":1,"60":1,"61":1,"62":0,"63":5,"64":2,"65":2,"66":2,"67":2,"68":2,"69":2,"70":2,"71":2,"72":2,"73":1,"74":1,"75":1,"76":0,"77":5},"f":{"0":6,"1":1,"2":2},"b":{"0":[4],"1":[1,5],"2":[0,5],"3":[5,0],"4":[1,4],"5":[5,1],"6":[0,4],"7":[0,0],"8":[0,0],"9":[4,3],"10":[1,3],"11":[1,2],"12":[3,1],"13":[1],"14":[0,1],"15":[0,1],"16":[1,0],"17":[1,0],"18":[2,0],"19":[2,1],"20":[1,1]},"_coverageSchema":"1a1c01bbd47fc00a2c39e90264f33305004495a9","hash":"61390e8ffdc5860ab742c5961d1889f2e33c2aa8"}
,"/Users/yongjiexue/Documents/GitHub/co-Interview/backend/src/routes/usage.js": {"path":"/Users/yongjiexue/Documents/GitHub/co-Interview/backend/src/routes/usage.js","statementMap":{"0":{"start":{"line":1,"column":16},"end":{"line":1,"column":34}},"1":{"start":{"line":2,"column":15},"end":{"line":2,"column":31}},"2":{"start":{"line":3,"column":23},"end":{"line":3,"column":52}},"3":{"start":{"line":4,"column":15},"end":{"line":4,"column":44}},"4":{"start":{"line":5,"column":18},"end":{"line":5,"column":45}},"5":{"start":{"line":11,"column":0},"end":{"line":48,"column":3}},"6":{"start":{"line":12,"column":4},"end":{"line":47,"column":5}},"7":{"start":{"line":13,"column":24},"end":{"line":13,"column":32}},"8":{"start":{"line":16,"column":24},"end":{"line":16,"column":67}},"9":{"start":{"line":18,"column":8},"end":{"line":20,"column":9}},"10":{"start":{"line":19,"column":12},"end":{"line":19,"column":69}},"11":{"start":{"line":22,"column":21},"end":{"line":22,"column":35}},"12":{"start":{"line":23,"column":27},"end":{"line":23,"column":57}},"13":{"start":{"line":26,"column":27},"end":{"line":26,"column":87}},"14":{"start":{"line":27,"column":33},"end":{"line":27,"column":134}},"15":{"start":{"line":29,"column":25},"end":{"line":29,"column":69}},"16":{"start":{"line":29,"column":58},"end":{"line":29,"column":68}},"17":{"start":{"line":30,"column":30},"end":{"line":30,"column":92}},"18":{"start":{"line":30,"column":58},"end":{"line":30,"column":88}},"19":{"start":{"line":31,"column":28},"end":{"line":31,"column":97}},"20":{"start":{"line":34,"column":20},"end":{"line":34,"column":30}},"21":{"start":{"line":35,"column":23},"end":{"line":35,"column":92}},"22":{"start":{"line":37,"column":8},"end":{"line":44,"column":11}},"23":{"start":{"line":46,"column":8},"end":{"line":46,"column":20}},"24":{"start":{"line":50,"column":0},"end":{"line":50,"column":24}}},"fnMap":{"0":{"name":"(anonymous_0)","decl":{"start":{"line":11,"column":32},"end":{"line":11,"column":33}},"loc":{"start":{"line":11,"column":58},"end":{"line":48,"column":1}},"line":11},"1":{"name":"(anonymous_1)","decl":{"start":{"line":29,"column":51},"end":{"line":29,"column":52}},"loc":{"start":{"line":29,"column":58},"end":{"line":29,"column":68}},"line":29},"2":{"name":"(anonymous_2)","decl":{"start":{"line":30,"column":46},"end":{"line":30,"column":47}},"loc":{"start":{"line":30,"column":58},"end":{"line":30,"column":88}},"line":30}},"branchMap":{"0":{"loc":{"start":{"line":18,"column":8},"end":{"line":20,"column":9}},"type":"if","locations":[{"start":{"line":18,"column":8},"end":{"line":20,"column":9}},{"start":{},"end":{}}],"line":18},"1":{"loc":{"start":{"line":23,"column":27},"end":{"line":23,"column":57}},"type":"binary-expr","locations":[{"start":{"line":23,"column":27},"end":{"line":23,"column":43}},{"start":{"line":23,"column":47},"end":{"line":23,"column":57}}],"line":23},"2":{"loc":{"start":{"line":30,"column":65},"end":{"line":30,"column":87}},"type":"binary-expr","locations":[{"start":{"line":30,"column":65},"end":{"line":30,"column":82}},{"start":{"line":30,"column":86},"end":{"line":30,"column":87}}],"line":30},"3":{"loc":{"start":{"line":31,"column":28},"end":{"line":31,"column":97}},"type":"cond-expr","locations":[{"start":{"line":31,"column":50},"end":{"line":31,"column":93}},{"start":{"line":31,"column":96},"end":{"line":31,"column":97}}],"line":31},"4":{"loc":{"start":{"line":40,"column":32},"end":{"line":40,"column":58}},"type":"binary-expr","locations":[{"start":{"line":40,"column":32},"end":{"line":40,"column":53}},{"start":{"line":40,"column":57},"end":{"line":40,"column":58}}],"line":40},"5":{"loc":{"start":{"line":41,"column":69},"end":{"line":41,"column":95}},"type":"binary-expr","locations":[{"start":{"line":41,"column":69},"end":{"line":41,"column":90}},{"start":{"line":41,"column":94},"end":{"line":41,"column":95}}],"line":41}},"s":{"0":4,"1":4,"2":4,"3":4,"4":4,"5":4,"6":0,"7":0,"8":0,"9":0,"10":0,"11":0,"12":0,"13":0,"14":0,"15":0,"16":0,"17":0,"18":0,"19":0,"20":0,"21":0,"22":0,"23":0,"24":4},"f":{"0":0,"1":0,"2":0},"b":{"0":[0,0],"1":[0,0],"2":[0,0],"3":[0,0],"4":[0,0],"5":[0,0]},"_coverageSchema":"1a1c01bbd47fc00a2c39e90264f33305004495a9","hash":"2a5655d9856886e1554610fb7f1b40894ea51862"}
,"/Users/yongjiexue/Documents/GitHub/co-Interview/backend/src/routes/webhooks.js": {"path":"/Users/yongjiexue/Documents/GitHub/co-Interview/backend/src/routes/webhooks.js","statementMap":{"0":{"start":{"line":1,"column":16},"end":{"line":1,"column":34}},"1":{"start":{"line":2,"column":15},"end":{"line":2,"column":31}},"2":{"start":{"line":3,"column":15},"end":{"line":3,"column":44}},"3":{"start":{"line":4,"column":26},"end":{"line":4,"column":53}},"4":{"start":{"line":10,"column":0},"end":{"line":50,"column":3}},"5":{"start":{"line":11,"column":16},"end":{"line":11,"column":47}},"6":{"start":{"line":14,"column":4},"end":{"line":19,"column":5}},"7":{"start":{"line":15,"column":8},"end":{"line":15,"column":97}},"8":{"start":{"line":17,"column":8},"end":{"line":17,"column":77}},"9":{"start":{"line":18,"column":8},"end":{"line":18,"column":69}},"10":{"start":{"line":21,"column":4},"end":{"line":21,"column":61}},"11":{"start":{"line":23,"column":4},"end":{"line":49,"column":5}},"12":{"start":{"line":24,"column":8},"end":{"line":43,"column":9}},"13":{"start":{"line":26,"column":16},"end":{"line":26,"column":64}},"14":{"start":{"line":27,"column":16},"end":{"line":27,"column":22}},"15":{"start":{"line":30,"column":16},"end":{"line":30,"column":67}},"16":{"start":{"line":31,"column":16},"end":{"line":31,"column":22}},"17":{"start":{"line":34,"column":16},"end":{"line":34,"column":67}},"18":{"start":{"line":35,"column":16},"end":{"line":35,"column":22}},"19":{"start":{"line":38,"column":16},"end":{"line":38,"column":61}},"20":{"start":{"line":39,"column":16},"end":{"line":39,"column":22}},"21":{"start":{"line":42,"column":16},"end":{"line":42,"column":67}},"22":{"start":{"line":45,"column":8},"end":{"line":45,"column":37}},"23":{"start":{"line":47,"column":8},"end":{"line":47,"column":55}},"24":{"start":{"line":48,"column":8},"end":{"line":48,"column":66}},"25":{"start":{"line":56,"column":33},"end":{"line":56,"column":55}},"26":{"start":{"line":59,"column":4},"end":{"line":61,"column":5}},"27":{"start":{"line":60,"column":8},"end":{"line":60,"column":51}},"28":{"start":{"line":66,"column":4},"end":{"line":74,"column":5}},"29":{"start":{"line":73,"column":8},"end":{"line":73,"column":84}},"30":{"start":{"line":76,"column":4},"end":{"line":84,"column":5}},"31":{"start":{"line":77,"column":8},"end":{"line":82,"column":11}},"32":{"start":{"line":83,"column":8},"end":{"line":83,"column":15}},"33":{"start":{"line":86,"column":25},"end":{"line":86,"column":29}},"34":{"start":{"line":87,"column":27},"end":{"line":87,"column":31}},"35":{"start":{"line":89,"column":4},"end":{"line":124,"column":5}},"36":{"start":{"line":90,"column":8},"end":{"line":98,"column":9}},"37":{"start":{"line":91,"column":12},"end":{"line":91,"column":119}},"38":{"start":{"line":96,"column":33},"end":{"line":96,"column":84}},"39":{"start":{"line":97,"column":12},"end":{"line":97,"column":80}},"40":{"start":{"line":99,"column":11},"end":{"line":124,"column":5}},"41":{"start":{"line":101,"column":8},"end":{"line":123,"column":9}},"42":{"start":{"line":102,"column":12},"end":{"line":102,"column":36}},"43":{"start":{"line":103,"column":15},"end":{"line":123,"column":9}},"44":{"start":{"line":105,"column":28},"end":{"line":105,"column":68}},"45":{"start":{"line":106,"column":28},"end":{"line":106,"column":47}},"46":{"start":{"line":107,"column":29},"end":{"line":107,"column":49}},"47":{"start":{"line":109,"column":24},"end":{"line":109,"column":34}},"48":{"start":{"line":110,"column":29},"end":{"line":110,"column":30}},"49":{"start":{"line":113,"column":12},"end":{"line":117,"column":13}},"50":{"start":{"line":115,"column":30},"end":{"line":115,"column":157}},"51":{"start":{"line":116,"column":16},"end":{"line":116,"column":35}},"52":{"start":{"line":120,"column":31},"end":{"line":120,"column":56}},"53":{"start":{"line":121,"column":33},"end":{"line":121,"column":57}},"54":{"start":{"line":122,"column":12},"end":{"line":122,"column":67}},"55":{"start":{"line":126,"column":23},"end":{"line":126,"column":48}},"56":{"start":{"line":128,"column":4},"end":{"line":144,"column":24}},"57":{"start":{"line":146,"column":4},"end":{"line":146,"column":62}},"58":{"start":{"line":153,"column":21},"end":{"line":153,"column":75}},"59":{"start":{"line":154,"column":24},"end":{"line":154,"column":55}},"60":{"start":{"line":156,"column":4},"end":{"line":159,"column":5}},"61":{"start":{"line":157,"column":8},"end":{"line":157,"column":62}},"62":{"start":{"line":158,"column":8},"end":{"line":158,"column":15}},"63":{"start":{"line":162,"column":15},"end":{"line":162,"column":21}},"64":{"start":{"line":163,"column":20},"end":{"line":163,"column":56}},"65":{"start":{"line":164,"column":4},"end":{"line":164,"column":77}},"66":{"start":{"line":164,"column":57},"end":{"line":164,"column":77}},"67":{"start":{"line":165,"column":4},"end":{"line":165,"column":73}},"68":{"start":{"line":165,"column":55},"end":{"line":165,"column":73}},"69":{"start":{"line":167,"column":23},"end":{"line":167,"column":34}},"70":{"start":{"line":170,"column":17},"end":{"line":170,"column":25}},"71":{"start":{"line":171,"column":4},"end":{"line":171,"column":64}},"72":{"start":{"line":171,"column":44},"end":{"line":171,"column":64}},"73":{"start":{"line":172,"column":4},"end":{"line":172,"column":64}},"74":{"start":{"line":172,"column":44},"end":{"line":172,"column":64}},"75":{"start":{"line":173,"column":4},"end":{"line":173,"column":64}},"76":{"start":{"line":173,"column":44},"end":{"line":173,"column":64}},"77":{"start":{"line":175,"column":4},"end":{"line":185,"column":28}},"78":{"start":{"line":187,"column":4},"end":{"line":187,"column":83}},"79":{"start":{"line":194,"column":21},"end":{"line":194,"column":75}},"80":{"start":{"line":195,"column":24},"end":{"line":195,"column":55}},"81":{"start":{"line":197,"column":4},"end":{"line":197,"column":29}},"82":{"start":{"line":197,"column":22},"end":{"line":197,"column":29}},"83":{"start":{"line":199,"column":23},"end":{"line":199,"column":33}},"84":{"start":{"line":201,"column":4},"end":{"line":208,"column":24}},"85":{"start":{"line":210,"column":4},"end":{"line":210,"column":82}},"86":{"start":{"line":217,"column":21},"end":{"line":217,"column":70}},"87":{"start":{"line":218,"column":24},"end":{"line":218,"column":55}},"88":{"start":{"line":220,"column":4},"end":{"line":220,"column":29}},"89":{"start":{"line":220,"column":22},"end":{"line":220,"column":29}},"90":{"start":{"line":222,"column":4},"end":{"line":224,"column":24}},"91":{"start":{"line":226,"column":4},"end":{"line":226,"column":56}},"92":{"start":{"line":229,"column":0},"end":{"line":229,"column":24}}},"fnMap":{"0":{"name":"(anonymous_0)","decl":{"start":{"line":10,"column":23},"end":{"line":10,"column":24}},"loc":{"start":{"line":10,"column":43},"end":{"line":50,"column":1}},"line":10},"1":{"name":"handleCheckoutComplete","decl":{"start":{"line":55,"column":15},"end":{"line":55,"column":37}},"loc":{"start":{"line":55,"column":47},"end":{"line":147,"column":1}},"line":55},"2":{"name":"handleSubscriptionUpdated","decl":{"start":{"line":152,"column":15},"end":{"line":152,"column":40}},"loc":{"start":{"line":152,"column":55},"end":{"line":188,"column":1}},"line":152},"3":{"name":"handleSubscriptionDeleted","decl":{"start":{"line":193,"column":15},"end":{"line":193,"column":40}},"loc":{"start":{"line":193,"column":55},"end":{"line":211,"column":1}},"line":193},"4":{"name":"handlePaymentFailed","decl":{"start":{"line":216,"column":15},"end":{"line":216,"column":34}},"loc":{"start":{"line":216,"column":44},"end":{"line":227,"column":1}},"line":216}},"branchMap":{"0":{"loc":{"start":{"line":24,"column":8},"end":{"line":43,"column":9}},"type":"switch","locations":[{"start":{"line":25,"column":12},"end":{"line":27,"column":22}},{"start":{"line":29,"column":12},"end":{"line":31,"column":22}},{"start":{"line":33,"column":12},"end":{"line":35,"column":22}},{"start":{"line":37,"column":12},"end":{"line":39,"column":22}},{"start":{"line":41,"column":12},"end":{"line":42,"column":67}}],"line":24},"1":{"loc":{"start":{"line":56,"column":33},"end":{"line":56,"column":55}},"type":"binary-expr","locations":[{"start":{"line":56,"column":33},"end":{"line":56,"column":49}},{"start":{"line":56,"column":53},"end":{"line":56,"column":55}}],"line":56},"2":{"loc":{"start":{"line":59,"column":4},"end":{"line":61,"column":5}},"type":"if","locations":[{"start":{"line":59,"column":4},"end":{"line":61,"column":5}},{"start":{},"end":{}}],"line":59},"3":{"loc":{"start":{"line":59,"column":8},"end":{"line":59,"column":52}},"type":"binary-expr","locations":[{"start":{"line":59,"column":8},"end":{"line":59,"column":21}},{"start":{"line":59,"column":25},"end":{"line":59,"column":52}}],"line":59},"4":{"loc":{"start":{"line":66,"column":4},"end":{"line":74,"column":5}},"type":"if","locations":[{"start":{"line":66,"column":4},"end":{"line":74,"column":5}},{"start":{},"end":{}}],"line":66},"5":{"loc":{"start":{"line":66,"column":8},"end":{"line":66,"column":43}},"type":"binary-expr","locations":[{"start":{"line":66,"column":8},"end":{"line":66,"column":13}},{"start":{"line":66,"column":17},"end":{"line":66,"column":43}}],"line":66},"6":{"loc":{"start":{"line":76,"column":4},"end":{"line":84,"column":5}},"type":"if","locations":[{"start":{"line":76,"column":4},"end":{"line":84,"column":5}},{"start":{},"end":{}}],"line":76},"7":{"loc":{"start":{"line":76,"column":8},"end":{"line":76,"column":30}},"type":"binary-expr","locations":[{"start":{"line":76,"column":8},"end":{"line":76,"column":21}},{"start":{"line":76,"column":25},"end":{"line":76,"column":30}}],"line":76},"8":{"loc":{"start":{"line":89,"column":4},"end":{"line":124,"column":5}},"type":"if","locations":[{"start":{"line":89,"column":4},"end":{"line":124,"column":5}},{"start":{"line":99,"column":11},"end":{"line":124,"column":5}}],"line":89},"9":{"loc":{"start":{"line":90,"column":8},"end":{"line":98,"column":9}},"type":"if","locations":[{"start":{"line":90,"column":8},"end":{"line":98,"column":9}},{"start":{},"end":{}}],"line":90},"10":{"loc":{"start":{"line":91,"column":29},"end":{"line":91,"column":118}},"type":"cond-expr","locations":[{"start":{"line":91,"column":72},"end":{"line":91,"column":92}},{"start":{"line":91,"column":95},"end":{"line":91,"column":118}}],"line":91},"11":{"loc":{"start":{"line":99,"column":11},"end":{"line":124,"column":5}},"type":"if","locations":[{"start":{"line":99,"column":11},"end":{"line":124,"column":5}},{"start":{},"end":{}}],"line":99},"12":{"loc":{"start":{"line":101,"column":8},"end":{"line":123,"column":9}},"type":"if","locations":[{"start":{"line":101,"column":8},"end":{"line":123,"column":9}},{"start":{"line":103,"column":15},"end":{"line":123,"column":9}}],"line":101},"13":{"loc":{"start":{"line":103,"column":15},"end":{"line":123,"column":9}},"type":"if","locations":[{"start":{"line":103,"column":15},"end":{"line":123,"column":9}},{"start":{},"end":{}}],"line":103},"14":{"loc":{"start":{"line":107,"column":29},"end":{"line":107,"column":49}},"type":"binary-expr","locations":[{"start":{"line":107,"column":29},"end":{"line":107,"column":43}},{"start":{"line":107,"column":47},"end":{"line":107,"column":49}}],"line":107},"15":{"loc":{"start":{"line":113,"column":12},"end":{"line":117,"column":13}},"type":"if","locations":[{"start":{"line":113,"column":12},"end":{"line":117,"column":13}},{"start":{},"end":{}}],"line":113},"16":{"loc":{"start":{"line":113,"column":16},"end":{"line":113,"column":107}},"type":"binary-expr","locations":[{"start":{"line":113,"column":16},"end":{"line":113,"column":46}},{"start":{"line":113,"column":50},"end":{"line":113,"column":78}},{"start":{"line":113,"column":82},"end":{"line":113,"column":107}}],"line":113},"17":{"loc":{"start":{"line":115,"column":30},"end":{"line":115,"column":157}},"type":"cond-expr","locations":[{"start":{"line":115,"column":65},"end":{"line":115,"column":109}},{"start":{"line":115,"column":112},"end":{"line":115,"column":157}}],"line":115},"18":{"loc":{"start":{"line":126,"column":23},"end":{"line":126,"column":48}},"type":"binary-expr","locations":[{"start":{"line":126,"column":23},"end":{"line":126,"column":34}},{"start":{"line":126,"column":38},"end":{"line":126,"column":48}}],"line":126},"19":{"loc":{"start":{"line":156,"column":4},"end":{"line":159,"column":5}},"type":"if","locations":[{"start":{"line":156,"column":4},"end":{"line":159,"column":5}},{"start":{},"end":{}}],"line":156},"20":{"loc":{"start":{"line":164,"column":4},"end":{"line":164,"column":77}},"type":"if","locations":[{"start":{"line":164,"column":4},"end":{"line":164,"column":77}},{"start":{},"end":{}}],"line":164},"21":{"loc":{"start":{"line":165,"column":4},"end":{"line":165,"column":73}},"type":"if","locations":[{"start":{"line":165,"column":4},"end":{"line":165,"column":73}},{"start":{},"end":{}}],"line":165},"22":{"loc":{"start":{"line":171,"column":4},"end":{"line":171,"column":64}},"type":"if","locations":[{"start":{"line":171,"column":4},"end":{"line":171,"column":64}},{"start":{},"end":{}}],"line":171},"23":{"loc":{"start":{"line":172,"column":4},"end":{"line":172,"column":64}},"type":"if","locations":[{"start":{"line":172,"column":4},"end":{"line":172,"column":64}},{"start":{},"end":{}}],"line":172},"24":{"loc":{"start":{"line":173,"column":4},"end":{"line":173,"column":64}},"type":"if","locations":[{"start":{"line":173,"column":4},"end":{"line":173,"column":64}},{"start":{},"end":{}}],"line":173},"25":{"loc":{"start":{"line":197,"column":4},"end":{"line":197,"column":29}},"type":"if","locations":[{"start":{"line":197,"column":4},"end":{"line":197,"column":29}},{"start":{},"end":{}}],"line":197},"26":{"loc":{"start":{"line":220,"column":4},"end":{"line":220,"column":29}},"type":"if","locations":[{"start":{"line":220,"column":4},"end":{"line":220,"column":29}},{"start":{},"end":{}}],"line":220}},"s":{"0":5,"1":5,"2":5,"3":5,"4":5,"5":7,"6":7,"7":7,"8":2,"9":2,"10":5,"11":5,"12":5,"13":3,"14":3,"15":1,"16":1,"17":1,"18":1,"19":0,"20":0,"21":0,"22":5,"23":0,"24":0,"25":3,"26":3,"27":0,"28":3,"29":0,"30":3,"31":1,"32":1,"33":2,"34":2,"35":2,"36":1,"37":1,"38":1,"39":1,"40":1,"41":1,"42":1,"43":0,"44":0,"45":0,"46":0,"47":0,"48":0,"49":0,"50":0,"51":0,"52":0,"53":0,"54":0,"55":2,"56":2,"57":2,"58":1,"59":1,"60":1,"61":0,"62":0,"63":1,"64":1,"65":1,"66":0,"67":1,"68":0,"69":1,"70":1,"71":1,"72":0,"73":1,"74":0,"75":1,"76":0,"77":1,"78":1,"79":1,"80":1,"81":1,"82":0,"83":1,"84":1,"85":1,"86":0,"87":0,"88":0,"89":0,"90":0,"91":0,"92":5},"f":{"0":7,"1":3,"2":1,"3":1,"4":0},"b":{"0":[3,1,1,0,0],"1":[3,0],"2":[0,3],"3":[3,1],"4":[0,3],"5":[3,1],"6":[1,2],"7":[3,2],"8":[1,1],"9":[1,0],"10":[1,0],"11":[1,0],"12":[1,0],"13":[0,0],"14":[0,0],"15":[0,0],"16":[0,0,0],"17":[0,0],"18":[2,0],"19":[0,1],"20":[0,1],"21":[0,1],"22":[0,1],"23":[0,1],"24":[0,1],"25":[0,1],"26":[0,0]},"_coverageSchema":"1a1c01bbd47fc00a2c39e90264f33305004495a9","hash":"b209d031f406a858f639bdf60da7c557008f20fd"}
}
