TN:
SF:src/index.js
FN:58,(anonymous_0)
FNF:1
FNH:0
FNDA:0,(anonymous_0)
DA:1,4
DA:3,4
DA:4,4
DA:5,4
DA:7,4
DA:10,4
DA:11,4
DA:12,4
DA:13,4
DA:14,4
DA:15,4
DA:16,4
DA:18,4
DA:19,4
DA:22,4
DA:25,4
DA:33,4
DA:34,4
DA:37,4
DA:38,4
DA:39,4
DA:40,4
DA:41,4
DA:42,4
DA:43,4
DA:46,4
DA:47,4
DA:48,4
DA:49,4
DA:50,4
DA:51,4
DA:54,4
DA:57,4
DA:58,0
DA:59,0
DA:60,0
DA:61,0
DA:65,4
LF:38
LH:34
BRDA:19,0,0,4
BRDA:19,0,1,0
BRDA:27,1,0,4
BRDA:27,1,1,0
BRDA:57,2,0,0
BRDA:57,2,1,4
BRDA:57,3,0,4
BRDA:57,3,1,0
BRDA:60,4,0,0
BRDA:60,4,1,0
BRF:10
BRH:4
end_of_record
TN:
SF:src/config/firebase.js
FNF:0
FNH:0
DA:1,5
DA:6,5
DA:7,5
DA:13,5
DA:14,5
DA:16,5
LF:6
LH:6
BRDA:6,0,0,5
BRDA:6,0,1,0
BRF:2
BRH:1
end_of_record
TN:
SF:src/config/redis.js
FN:12,(anonymous_0)
FN:16,(anonymous_1)
FN:27,(anonymous_2)
FN:40,(anonymous_3)
FN:48,(anonymous_4)
FN:56,(anonymous_5)
FNF:6
FNH:0
FNDA:0,(anonymous_0)
FNDA:0,(anonymous_1)
FNDA:0,(anonymous_2)
FNDA:0,(anonymous_3)
FNDA:0,(anonymous_4)
FNDA:0,(anonymous_5)
DA:1,3
DA:3,3
DA:6,3
DA:7,0
DA:12,0
DA:13,0
DA:16,0
DA:17,0
DA:22,3
DA:28,0
DA:30,0
DA:31,0
DA:32,0
DA:34,0
DA:41,0
DA:42,0
DA:49,0
DA:50,0
DA:57,0
DA:58,0
DA:62,3
LF:21
LH:5
BRDA:6,0,0,0
BRDA:6,0,1,3
BRDA:28,1,0,0
BRDA:28,1,1,0
BRDA:31,2,0,0
BRDA:31,2,1,0
BRDA:41,3,0,0
BRDA:41,3,1,0
BRDA:49,4,0,0
BRDA:49,4,1,0
BRDA:57,5,0,0
BRDA:57,5,1,0
BRF:12
BRH:1
end_of_record
TN:
SF:src/config/stripe.js
FNF:0
FNH:0
DA:1,3
DA:3,3
DA:8,3
DA:14,3
DA:46,3
LF:5
LH:5
BRF:0
BRH:0
end_of_record
TN:
SF:src/middleware/admin.js
FN:10,adminMiddleware
FNF:1
FNH:1
FNDA:6,adminMiddleware
DA:1,5
DA:4,5
DA:11,6
DA:12,6
DA:13,1
DA:16,5
DA:19,5
DA:20,1
DA:21,1
DA:25,4
DA:26,3
DA:27,1
DA:28,1
DA:32,2
DA:33,2
DA:36,1
DA:37,1
DA:41,5
LF:18
LH:18
BRDA:12,0,0,1
BRDA:12,0,1,5
BRDA:19,1,0,1
BRDA:19,1,1,4
BRDA:26,2,0,1
BRDA:26,2,1,2
BRDA:26,3,0,3
BRDA:26,3,1,2
BRF:8
BRH:8
end_of_record
TN:
SF:src/middleware/auth.js
FN:7,authMiddleware
FNF:1
FNH:1
FNDA:21,authMiddleware
DA:1,6
DA:8,21
DA:10,21
DA:11,4
DA:17,17
DA:19,17
DA:20,17
DA:21,14
DA:26,14
DA:28,3
DA:29,3
DA:36,6
LF:12
LH:12
BRDA:10,0,0,4
BRDA:10,0,1,17
BRDA:10,1,0,21
BRDA:10,1,1,18
BRF:4
BRH:4
end_of_record
TN:
SF:src/middleware/errorHandler.js
FN:4,errorHandler
FN:40,(anonymous_1)
FN:48,(anonymous_2)
FN:55,(anonymous_3)
FN:62,(anonymous_4)
FN:69,(anonymous_5)
FNF:6
FNH:5
FNDA:2,errorHandler
FNDA:4,(anonymous_1)
FNDA:1,(anonymous_2)
FNDA:0,(anonymous_3)
FNDA:2,(anonymous_4)
FNDA:1,(anonymous_5)
DA:5,2
DA:8,2
DA:9,2
DA:16,0
DA:17,0
DA:24,0
DA:25,0
DA:32,0
DA:41,4
DA:42,4
DA:43,4
DA:49,1
DA:50,1
DA:56,0
DA:57,0
DA:63,2
DA:64,2
DA:70,1
DA:71,1
DA:75,5
DA:76,5
DA:77,5
DA:78,5
DA:79,5
DA:80,5
LF:25
LH:18
BRDA:8,0,0,2
BRDA:8,0,1,0
BRDA:10,1,0,2
BRDA:10,1,1,0
BRDA:16,2,0,0
BRDA:16,2,1,0
BRDA:24,3,0,0
BRDA:24,3,1,0
BRDA:34,4,0,0
BRDA:34,4,1,0
BRDA:48,5,0,0
BRDA:55,6,0,0
BRDA:62,7,0,0
BRDA:69,8,0,0
BRF:14
BRH:2
end_of_record
TN:
SF:src/routes/admin.js
FN:15,(anonymous_0)
FN:33,(anonymous_1)
FN:62,(anonymous_2)
FN:90,(anonymous_3)
FN:116,(anonymous_4)
FN:145,(anonymous_5)
FNF:6
FNH:0
FNDA:0,(anonymous_0)
FNDA:0,(anonymous_1)
FNDA:0,(anonymous_2)
FNDA:0,(anonymous_3)
FNDA:0,(anonymous_4)
FNDA:0,(anonymous_5)
DA:1,4
DA:2,4
DA:3,4
DA:4,4
DA:5,4
DA:8,4
DA:9,4
DA:15,4
DA:16,0
DA:17,0
DA:18,0
DA:30,0
DA:32,0
DA:33,0
DA:34,0
DA:36,0
DA:37,0
DA:39,0
DA:48,0
DA:53,0
DA:54,0
DA:62,4
DA:63,0
DA:64,0
DA:65,0
DA:67,0
DA:68,0
DA:71,0
DA:75,0
DA:81,0
DA:82,0
DA:90,4
DA:91,0
DA:92,0
DA:93,0
DA:95,0
DA:96,0
DA:97,0
DA:98,0
DA:100,0
DA:101,0
DA:104,0
DA:105,0
DA:107,0
DA:108,0
DA:116,4
DA:117,0
DA:118,0
DA:119,0
DA:122,0
DA:127,0
DA:133,0
DA:134,0
DA:136,0
DA:137,0
DA:145,4
DA:146,0
DA:147,0
DA:150,0
DA:155,0
DA:161,0
DA:162,0
DA:164,0
DA:165,0
DA:169,4
LF:65
LH:13
BRDA:17,0,0,0
BRDA:36,1,0,0
BRDA:36,1,1,0
BRDA:36,2,0,0
BRDA:36,2,1,0
BRDA:43,3,0,0
BRDA:43,3,1,0
BRDA:44,4,0,0
BRDA:44,4,1,0
BRDA:67,5,0,0
BRDA:67,5,1,0
BRDA:78,6,0,0
BRDA:78,6,1,0
BRDA:96,7,0,0
BRDA:96,7,1,0
BRDA:97,8,0,0
BRDA:97,8,1,0
BRDA:98,9,0,0
BRDA:98,9,1,0
BRDA:100,10,0,0
BRDA:100,10,1,0
BRDA:129,11,0,0
BRDA:129,11,1,0
BRF:23
BRH:0
end_of_record
TN:
SF:src/routes/auth.js
FN:11,(anonymous_0)
FN:66,(anonymous_1)
FN:83,(anonymous_2)
FN:107,(anonymous_3)
FN:379,(anonymous_4)
FN:396,getNextMonthStart
FNF:6
FNH:4
FNDA:3,(anonymous_0)
FNDA:0,(anonymous_1)
FNDA:2,(anonymous_2)
FNDA:4,(anonymous_3)
FNDA:0,(anonymous_4)
FNDA:1,getNextMonthStart
DA:1,5
DA:2,5
DA:3,5
DA:4,5
DA:5,5
DA:11,5
DA:12,3
DA:13,3
DA:16,3
DA:17,3
DA:19,3
DA:21,1
DA:32,1
DA:33,1
DA:36,3
DA:39,3
DA:40,0
DA:44,0
DA:47,3
DA:49,3
DA:58,0
DA:66,5
DA:67,0
DA:68,0
DA:70,0
DA:76,0
DA:83,5
DA:84,2
DA:85,2
DA:86,2
DA:87,1
DA:92,1
DA:93,1
DA:94,1
DA:95,1
DA:98,1
DA:99,1
DA:100,0
DA:101,0
DA:105,1
DA:108,4
DA:109,4
DA:114,1
DA:115,1
DA:120,1
DA:123,1
DA:124,1
DA:127,1
DA:131,1
DA:132,1
DA:135,1
DA:138,1
DA:139,1
DA:141,1
DA:143,1
DA:150,0
DA:155,1
DA:158,1
DA:159,1
DA:160,1
DA:161,1
DA:162,1
DA:174,1
DA:178,1
DA:179,1
DA:180,1
DA:181,1
DA:182,1
DA:183,1
DA:187,1
DA:261,1
DA:262,1
DA:264,1
DA:265,1
DA:266,1
DA:273,1
DA:274,1
DA:275,1
DA:279,1
DA:295,1
DA:298,1
DA:371,1
DA:379,5
DA:380,0
DA:381,0
DA:382,0
DA:385,0
DA:387,0
DA:389,0
DA:397,1
DA:398,1
DA:401,5
LF:92
LH:76
BRDA:19,0,0,1
BRDA:19,0,1,2
BRDA:39,1,0,0
BRDA:39,1,1,3
BRDA:47,2,0,3
BRDA:47,2,1,1
BRDA:86,3,0,1
BRDA:86,3,1,1
BRDA:98,4,0,1
BRDA:98,4,1,1
BRDA:98,4,2,1
BRDA:98,4,3,1
BRDA:99,5,0,0
BRDA:99,5,1,1
BRDA:99,6,0,1
BRDA:99,6,1,0
BRDA:99,6,2,0
BRDA:108,7,0,0
BRDA:108,7,1,4
BRDA:108,8,0,4
BRDA:108,8,1,4
BRDA:141,9,0,1
BRDA:141,9,1,0
BRDA:160,10,0,1
BRDA:160,10,1,0
BRDA:183,11,0,1
BRDA:183,11,1,0
BRDA:274,12,0,1
BRDA:274,12,1,0
BRDA:282,13,0,0
BRDA:282,13,1,1
BRDA:285,14,0,0
BRDA:285,14,1,1
BRDA:286,15,0,0
BRDA:286,15,1,1
BRDA:287,16,0,0
BRDA:287,16,1,1
BRDA:288,17,0,0
BRDA:288,17,1,1
BRDA:292,18,0,0
BRDA:292,18,1,1
BRDA:293,19,0,0
BRDA:293,19,1,1
BRDA:350,20,0,0
BRDA:350,20,1,1
BRDA:350,21,0,0
BRDA:350,21,1,1
BRDA:351,22,0,0
BRDA:351,22,1,1
BRDA:351,23,0,0
BRDA:351,23,1,1
BRF:51
BRH:31
end_of_record
TN:
SF:src/routes/billing.js
FN:11,(anonymous_0)
FN:64,(anonymous_1)
FN:123,(anonymous_2)
FN:149,(anonymous_3)
FNF:4
FNH:2
FNDA:0,(anonymous_0)
FNDA:3,(anonymous_1)
FNDA:0,(anonymous_2)
FNDA:3,(anonymous_3)
DA:1,4
DA:2,4
DA:3,4
DA:4,4
DA:5,4
DA:11,4
DA:12,0
DA:13,0
DA:15,0
DA:16,0
DA:17,0
DA:20,0
DA:23,0
DA:24,0
DA:35,0
DA:39,0
DA:41,0
DA:56,0
DA:64,4
DA:65,3
DA:66,3
DA:67,3
DA:69,3
DA:70,1
DA:74,2
DA:75,2
DA:76,2
DA:78,2
DA:80,2
DA:81,1
DA:85,1
DA:86,1
DA:91,2
DA:94,2
DA:113,2
DA:115,0
DA:123,4
DA:124,0
DA:125,0
DA:127,0
DA:128,0
DA:130,0
DA:131,0
DA:134,0
DA:139,0
DA:141,0
DA:149,4
DA:150,3
DA:151,3
DA:152,3
DA:154,3
DA:155,0
DA:158,3
DA:161,3
DA:163,3
DA:164,1
DA:167,2
DA:169,2
DA:170,2
DA:173,2
DA:175,2
DA:177,1
DA:181,1
DA:184,0
DA:186,0
DA:190,4
LF:66
LH:41
BRDA:16,0,0,0
BRDA:16,0,1,0
BRDA:23,1,0,0
BRDA:23,1,1,0
BRDA:47,2,0,0
BRDA:47,2,1,0
BRDA:69,3,0,1
BRDA:69,3,1,2
BRDA:80,4,0,1
BRDA:80,4,1,1
BRDA:103,5,0,0
BRDA:103,5,1,2
BRDA:104,6,0,2
BRDA:104,6,1,1
BRDA:105,7,0,2
BRDA:105,7,1,1
BRDA:130,8,0,0
BRDA:130,8,1,0
BRDA:154,9,0,0
BRDA:154,9,1,3
BRDA:161,10,0,3
BRDA:161,10,1,0
BRDA:163,11,0,1
BRDA:163,11,1,2
BRDA:163,12,0,3
BRDA:163,12,1,3
BRDA:167,13,0,2
BRDA:167,13,1,0
BRDA:175,14,0,1
BRDA:175,14,1,1
BRDA:175,15,0,2
BRDA:175,15,1,1
BRF:32
BRH:20
end_of_record
TN:
SF:src/routes/health.js
FN:8,(anonymous_0)
FNF:1
FNH:0
FNDA:0,(anonymous_0)
DA:1,4
DA:2,4
DA:8,4
DA:9,0
DA:16,4
LF:5
LH:4
BRF:0
BRH:0
end_of_record
TN:
SF:src/routes/session.js
FN:14,(anonymous_0)
FN:109,(anonymous_1)
FN:167,(anonymous_2)
FNF:3
FNH:3
FNDA:6,(anonymous_0)
FNDA:1,(anonymous_1)
FNDA:2,(anonymous_2)
DA:1,5
DA:2,5
DA:3,5
DA:4,5
DA:5,5
DA:6,5
DA:7,5
DA:8,5
DA:14,5
DA:15,6
DA:16,6
DA:17,6
DA:20,6
DA:21,6
DA:22,1
DA:26,5
DA:27,5
DA:29,5
DA:30,0
DA:33,5
DA:34,5
DA:39,5
DA:40,5
DA:41,1
DA:45,4
DA:46,0
DA:47,0
DA:48,0
DA:58,4
DA:59,4
DA:60,1
DA:64,3
DA:65,3
DA:66,1
DA:70,2
DA:71,2
DA:73,2
DA:85,2
DA:88,2
DA:91,2
DA:101,4
DA:109,5
DA:110,1
DA:111,1
DA:112,1
DA:113,1
DA:116,1
DA:117,1
DA:119,1
DA:120,0
DA:123,1
DA:126,1
DA:127,0
DA:131,1
DA:139,1
DA:140,1
DA:141,1
DA:142,1
DA:144,1
DA:145,1
DA:150,1
DA:153,1
DA:159,0
DA:167,5
DA:168,2
DA:169,2
DA:170,2
DA:173,2
DA:174,2
DA:175,2
DA:176,2
DA:178,2
DA:180,2
DA:181,1
DA:189,1
DA:191,1
DA:197,0
DA:201,5
LF:78
LH:70
BRDA:17,0,0,4
BRDA:21,1,0,1
BRDA:21,1,1,5
BRDA:29,2,0,0
BRDA:29,2,1,5
BRDA:34,3,0,5
BRDA:34,3,1,0
BRDA:40,4,0,1
BRDA:40,4,1,4
BRDA:40,5,0,5
BRDA:40,5,1,1
BRDA:45,6,0,0
BRDA:45,6,1,4
BRDA:46,7,0,0
BRDA:46,7,1,0
BRDA:47,8,0,0
BRDA:47,8,1,0
BRDA:58,9,0,4
BRDA:58,9,1,3
BRDA:59,10,0,1
BRDA:59,10,1,3
BRDA:65,11,0,1
BRDA:65,11,1,2
BRDA:65,12,0,3
BRDA:65,12,1,1
BRDA:113,13,0,1
BRDA:119,14,0,0
BRDA:119,14,1,1
BRDA:126,15,0,0
BRDA:126,15,1,1
BRDA:142,16,0,1
BRDA:142,16,1,0
BRDA:144,17,0,1
BRDA:144,17,1,0
BRDA:176,18,0,2
BRDA:176,18,1,0
BRDA:178,19,0,2
BRDA:178,19,1,1
BRDA:180,20,0,1
BRDA:180,20,1,1
BRF:40
BRH:28
end_of_record
TN:
SF:src/routes/usage.js
FN:11,(anonymous_0)
FN:29,(anonymous_1)
FN:30,(anonymous_2)
FNF:3
FNH:0
FNDA:0,(anonymous_0)
FNDA:0,(anonymous_1)
FNDA:0,(anonymous_2)
DA:1,4
DA:2,4
DA:3,4
DA:4,4
DA:5,4
DA:11,4
DA:12,0
DA:13,0
DA:16,0
DA:18,0
DA:19,0
DA:22,0
DA:23,0
DA:26,0
DA:27,0
DA:29,0
DA:30,0
DA:31,0
DA:34,0
DA:35,0
DA:37,0
DA:46,0
DA:50,4
LF:23
LH:7
BRDA:18,0,0,0
BRDA:18,0,1,0
BRDA:23,1,0,0
BRDA:23,1,1,0
BRDA:30,2,0,0
BRDA:30,2,1,0
BRDA:31,3,0,0
BRDA:31,3,1,0
BRDA:40,4,0,0
BRDA:40,4,1,0
BRDA:41,5,0,0
BRDA:41,5,1,0
BRF:12
BRH:0
end_of_record
TN:
SF:src/routes/webhooks.js
FN:10,(anonymous_0)
FN:55,handleCheckoutComplete
FN:152,handleSubscriptionUpdated
FN:193,handleSubscriptionDeleted
FN:216,handlePaymentFailed
FNF:5
FNH:4
FNDA:7,(anonymous_0)
FNDA:3,handleCheckoutComplete
FNDA:1,handleSubscriptionUpdated
FNDA:1,handleSubscriptionDeleted
FNDA:0,handlePaymentFailed
DA:1,5
DA:2,5
DA:3,5
DA:4,5
DA:10,5
DA:11,7
DA:14,7
DA:15,7
DA:17,2
DA:18,2
DA:21,5
DA:23,5
DA:24,5
DA:26,3
DA:27,3
DA:30,1
DA:31,1
DA:34,1
DA:35,1
DA:38,0
DA:39,0
DA:42,0
DA:45,5
DA:47,0
DA:48,0
DA:56,3
DA:59,3
DA:60,0
DA:66,3
DA:73,0
DA:76,3
DA:77,1
DA:83,1
DA:86,2
DA:87,2
DA:89,2
DA:90,1
DA:91,1
DA:96,1
DA:97,1
DA:99,1
DA:101,1
DA:102,1
DA:103,0
DA:105,0
DA:106,0
DA:107,0
DA:109,0
DA:110,0
DA:113,0
DA:115,0
DA:116,0
DA:120,0
DA:121,0
DA:122,0
DA:126,2
DA:128,2
DA:146,2
DA:153,1
DA:154,1
DA:156,1
DA:157,0
DA:158,0
DA:162,1
DA:163,1
DA:164,1
DA:165,1
DA:167,1
DA:170,1
DA:171,1
DA:172,1
DA:173,1
DA:175,1
DA:187,1
DA:194,1
DA:195,1
DA:197,1
DA:199,1
DA:201,1
DA:210,1
DA:217,0
DA:218,0
DA:220,0
DA:222,0
DA:226,0
DA:229,5
LF:86
LH:60
BRDA:24,0,0,3
BRDA:24,0,1,1
BRDA:24,0,2,1
BRDA:24,0,3,0
BRDA:24,0,4,0
BRDA:56,1,0,3
BRDA:56,1,1,0
BRDA:59,2,0,0
BRDA:59,2,1,3
BRDA:59,3,0,3
BRDA:59,3,1,1
BRDA:66,4,0,0
BRDA:66,4,1,3
BRDA:66,5,0,3
BRDA:66,5,1,1
BRDA:76,6,0,1
BRDA:76,6,1,2
BRDA:76,7,0,3
BRDA:76,7,1,2
BRDA:89,8,0,1
BRDA:89,8,1,1
BRDA:90,9,0,1
BRDA:90,9,1,0
BRDA:91,10,0,1
BRDA:91,10,1,0
BRDA:99,11,0,1
BRDA:99,11,1,0
BRDA:101,12,0,1
BRDA:101,12,1,0
BRDA:103,13,0,0
BRDA:103,13,1,0
BRDA:107,14,0,0
BRDA:107,14,1,0
BRDA:113,15,0,0
BRDA:113,15,1,0
BRDA:113,16,0,0
BRDA:113,16,1,0
BRDA:113,16,2,0
BRDA:115,17,0,0
BRDA:115,17,1,0
BRDA:126,18,0,2
BRDA:126,18,1,0
BRDA:156,19,0,0
BRDA:156,19,1,1
BRDA:164,20,0,0
BRDA:164,20,1,1
BRDA:165,21,0,0
BRDA:165,21,1,1
BRDA:171,22,0,0
BRDA:171,22,1,1
BRDA:172,23,0,0
BRDA:172,23,1,1
BRDA:173,24,0,0
BRDA:173,24,1,1
BRDA:197,25,0,0
BRDA:197,25,1,1
BRDA:220,26,0,0
BRDA:220,26,1,0
BRF:58
BRH:28
end_of_record
